#
# A fatal error has been detected by the Java Runtime Environment:
#
#  Internal Error (jvmciRuntime.cpp:1609), pid=30, tid=45
#  fatal error: Fatal exception in JVMCI: Error calling jdk.vm.ci.services.Services.serializeSavedProperties
#
# JRE version: OpenJDK Runtime Environment GraalVM CE 22.3.0 (17.0.5+8) (build 17.0.5+8-jvmci-22.3-b08)
# Java VM: OpenJDK 64-Bit Server VM GraalVM CE 22.3.0 (17.0.5+8-jvmci-22.3-b08, mixed mode, sharing, tiered, jvmci, jvmci compiler, compressed oops, compressed class ptrs, parallel gc, linux-amd64)
# Problematic frame:
# V  [libjvm.so+0x972714]  JVMCIRuntime::fatal_exception(JVMCIEnv*, char const*)+0x74
#
# Core dump will be written. Default location: Core dumps may be processed with "/usr/share/apport/apport -p%p -s%s -c%c -d%d -P%P -u%u -g%g -- %E" (or dumping to /home/runner/Lab-2-Linear-and-Binary-Search/core.30)
#
# If you would like to submit a bug report, please visit:
#   https://github.com/oracle/graal/issues
#

---------------  S U M M A R Y ------------

Command Line: -XX:ThreadPriorityPolicy=1 -XX:+UnlockExperimentalVMOptions -XX:+EnableJVMCIProduct -XX:JVMCIThreadsPerNativeLibraryRuntime=1 -XX:-UnlockExperimentalVMOptions -Declipse.application=org.eclipse.jdt.ls.core.id1 -Dosgi.bundles.defaultStartLevel=4 -Declipse.product=org.eclipse.jdt.ls.core.product -Dlog.level=ALL -Xverify:none -XX:+UseParallelGC -XX:GCTimeRatio=4 -XX:AdaptiveSizePolicyWeight=90 -Dsun.zip.disableMemoryMapping=true -Xmx512m -Xms100m /nix/store/m6gcpi1ii6rghy04cjwjddcavv7i90df-jdt-language-server-1.9.0/share/java/plugins/org.eclipse.equinox.launcher_1.6.400.v20210924-0641.jar --add-modules=ALL-SYSTEM --add-opens java.base/java.util=ALL-UNNAMED --add-opens java.base/java.lang=ALL-UNNAMED -configuration /home/runner/.cache/jdt-language-server/config -data /home/runner/.cache/jdt-language-server/data/home/runner/Lab-2-Linear-and-Binary-Search

Host: AMD EPYC 7B12, 8 cores, 1G, Ubuntu 20.04.2 LTS
Time: Mon Feb  6 21:27:13 2023 UTC elapsed time: 1260.426856 seconds (0d 0h 21m 0s)

---------------  T H R E A D  ---------------

Current thread (0x00007f9c380b2240):  JavaThread "JVMCI-native CompilerThread0" daemon [_thread_in_vm, id=45, stack(0x00007f9c1e51a000,0x00007f9c1e71a000)]


Current CompileTask:
JVMCI-native:1260427 8950       4       org.eclipse.jdt.internal.compiler.lookup.PackageBinding::clearMissingTagBit (24 bytes)

Stack: [0x00007f9c1e51a000,0x00007f9c1e71a000],  sp=0x00007f9c1e718380,  free space=2040k
Native frames: (J=compiled Java code, j=interpreted, Vv=VM code, C=native code)
V  [libjvm.so+0x972714]  JVMCIRuntime::fatal_exception(JVMCIEnv*, char const*)+0x74
V  [libjvm.so+0x93e2fe]  JVMCIEnv::copy_saved_properties()+0x14e
V  [libjvm.so+0x9732a9]  JVMCIRuntime::initialize(JVMCIEnv*)+0xb19
V  [libjvm.so+0x9738a2]  JVMCIRuntime::get_HotSpotJVMCIRuntime(JVMCIEnv*)+0x12
V  [libjvm.so+0x9749f2]  JVMCIRuntime::compile_method(JVMCIEnv*, JVMCICompiler*, methodHandle const&, int)+0xd2
V  [libjvm.so+0x5b0d20]  CompileBroker::invoke_compiler_on_method(CompileTask*)+0x1470
V  [libjvm.so+0x5b12e8]  CompileBroker::compiler_thread_loop()+0x528
V  [libjvm.so+0xd82460]  JavaThread::thread_main_inner()+0xd0
V  [libjvm.so+0xd85a40]  Thread::call_run()+0xc0
V  [libjvm.so+0xbdb1e1]  thread_native_entry(Thread*)+0xe1

Register to memory mapping:

RAX=0x00007f9c3e274000 points into unknown readable memory: 0x0000000000000058 | 58 00 00 00 00 00 00 00
RBX=0x00007f9c3f36f398: <offset 0x0000000000ef5398> in /nix/store/gpxl5qgg8kicmcvivwmybwjlpf7wh20l-graalvm17-ce-22.3.0/lib/server/libjvm.so at 0x00007f9c3e47a000
RCX=0x00007f9c3f3271e8: <offset 0x0000000000ead1e8> in /nix/store/gpxl5qgg8kicmcvivwmybwjlpf7wh20l-graalvm17-ce-22.3.0/lib/server/libjvm.so at 0x00007f9c3e47a000
RDX=0x0000000000000649 is an unknown value
RSP=0x00007f9c1e718380 is pointing into the stack for thread: 0x00007f9c380b2240
RBP=0x00007f9c1e7183a0 is pointing into the stack for thread: 0x00007f9c380b2240
RSI=0x00007f9c3f36fc48: <offset 0x0000000000ef5c48> in /nix/store/gpxl5qgg8kicmcvivwmybwjlpf7wh20l-graalvm17-ce-22.3.0/lib/server/libjvm.so at 0x00007f9c3e47a000
RDI=0x00000000e0000000 is an oop: [B 
{0x00000000e0000000} - klass: {type array byte}
 - length: 49
R8 =0x00007f9c3f36f398: <offset 0x0000000000ef5398> in /nix/store/gpxl5qgg8kicmcvivwmybwjlpf7wh20l-graalvm17-ce-22.3.0/lib/server/libjvm.so at 0x00007f9c3e47a000
R9 =0x00007f9c1e718330 is pointing into the stack for thread: 0x00007f9c380b2240
R10=0x00007f9c1e719948 is pointing into the stack for thread: 0x00007f9c380b2240
R11=0x0000000000000293 is an unknown value
R12=0x0 is NULL
R13=0x00007f9c380b2240 is a thread
R14=0x00007f9c38000b80 points into unknown readable memory: 0x00007f9c3f5a0a38 | 38 0a 5a 3f 9c 7f 00 00
R15=0x00007f9c3f6aee40: <offset 0x0000000001234e40> in /nix/store/gpxl5qgg8kicmcvivwmybwjlpf7wh20l-graalvm17-ce-22.3.0/lib/server/libjvm.so at 0x00007f9c3e47a000


Registers:
RAX=0x00007f9c3e274000, RBX=0x00007f9c3f36f398, RCX=0x00007f9c3f3271e8, RDX=0x0000000000000649
RSP=0x00007f9c1e718380, RBP=0x00007f9c1e7183a0, RSI=0x00007f9c3f36fc48, RDI=0x00000000e0000000
R8 =0x00007f9c3f36f398, R9 =0x00007f9c1e718330, R10=0x00007f9c1e719948, R11=0x0000000000000293
R12=0x0000000000000000, R13=0x00007f9c380b2240, R14=0x00007f9c38000b80, R15=0x00007f9c3f6aee40
RIP=0x00007f9c3edec714, EFLAGS=0x0000000000010206, CSGSFS=0x002b000000000033, ERR=0x0000000000000006
  TRAPNO=0x000000000000000e

Top of Stack: (sp=0x00007f9c1e718380)
0x00007f9c1e718380:   00007f9c1e718940 00007f9c380b2240
0x00007f9c1e718390:   00007f9c3cc058c8 0000000800c417a0
0x00007f9c1e7183a0:   00007f9c1e718500 00007f9c3edb82fe
0x00007f9c1e7183b0:   00007f9c1e7183e0 00007f9c1e718440 

Instructions: (pc=0x00007f9c3edec714)
0x00007f9c3edec614:   30 e8 f6 cf e8 ff 4c 89 e7 e8 2e 48 d1 ff 84 db
0x00007f9c3edec624:   75 2a 4d 85 ed 74 04 4d 8b 6d 00 48 83 c4 08 44
0x00007f9c3edec634:   89 f9 4c 89 f2 4c 89 ee 5b 4c 89 e7 41 5c 41 5d
0x00007f9c3edec644:   41 5e 41 5f 5d e9 e2 47 d1 ff 66 90 48 83 c4 08
0x00007f9c3edec654:   5b 41 5c 41 5d 41 5e 41 5f 5d c3 90 31 d2 be 08
0x00007f9c3edec664:   00 00 00 4c 89 ff e8 b1 78 a3 ff 49 89 c5 e9 37
0x00007f9c3edec674:   ff ff ff 66 0f 1f 84 00 00 00 00 00 48 8b 7a 08
0x00007f9c3edec684:   e9 6d ff ff ff 0f 1f 80 00 00 00 00 e8 5b 48 0a
0x00007f9c3edec694:   00 84 c0 75 89 e9 6a ff ff ff 66 90 55 48 89 e5
0x00007f9c3edec6a4:   41 56 41 55 41 54 49 89 fc 53 48 89 f3 66 48 8d
0x00007f9c3edec6b4:   3d 27 5e 85 00 66 66 48 e8 df 43 8d ff 4c 8b 28
0x00007f9c3edec6c4:   8b 05 be 72 8a 00 85 c0 75 14 ba 01 00 00 00 48
0x00007f9c3edec6d4:   8d 0d ae 72 8a 00 f0 0f b1 11 85 c0 74 4e be c8
0x00007f9c3edec6e4:   00 00 00 4c 89 ef e8 01 0b 41 00 48 8d 05 12 ac
0x00007f9c3edec6f4:   85 00 49 89 d8 48 8d 0d e8 aa 53 00 ba 49 06 00
0x00007f9c3edec704:   00 48 8d 35 3c 35 58 00 bf 00 00 00 e0 48 8b 00
0x00007f9c3edec714:   c6 00 58 31 c0 e8 e2 91 c6 ff 5b 41 5c 41 5d 41
0x00007f9c3edec724:   5e 5d e9 55 34 26 00 0f 1f 44 00 00 48 8d 05 81
0x00007f9c3edec734:   a3 8b 00 48 89 df 4c 8b 30 e8 9e 43 8d ff 48 89
0x00007f9c3edec744:   de 48 89 c2 49 8b 06 4c 89 f7 ff 50 08 4c 89 f7
0x00007f9c3edec754:   e8 a7 5c 27 00 4d 85 e4 74 12 be 01 00 00 00 4c
0x00007f9c3edec764:   89 e7 e8 35 43 fc ff eb 82 0f 1f 00 be 01 00 00
0x00007f9c3edec774:   00 4c 89 ef e8 d3 fd ff ff e9 6d ff ff ff 66 66
0x00007f9c3edec784:   2e 0f 1f 84 00 00 00 00 00 0f 1f 00 55 48 89 e5
0x00007f9c3edec794:   41 57 41 56 41 55 41 54 53 48 81 ec 08 02 00 00
0x00007f9c3edec7a4:   64 48 8b 04 25 28 00 00 00 48 89 45 c8 8b 07 83
0x00007f9c3edec7b4:   f8 02 0f 84 11 04 00 00 4c 8b 6f 18 49 89 ff 49
0x00007f9c3edec7c4:   89 f4 4d 85 ed 74 14 4c 89 ef e8 5d 57 22 00 41
0x00007f9c3edec7d4:   8b 07 83 f8 02 0f 84 19 04 00 00 48 8d 1d 9a 06
0x00007f9c3edec7e4:   8a 00 4c 8d 35 0b 3c 58 00 eb 38 90 48 85 d2 7f
0x00007f9c3edec7f4:   0d 48 8d 05 b4 c0 85 00 48 83 38 00 7e 0e 41 8b
0x00007f9c3edec804:   77 2c 4c 89 f7 31 c0 e8 a0 b2 f7 ff 49 8b 7f 18 


Stack slot to memory mapping:
stack at sp + 0 slots: 0x00007f9c1e718940 is pointing into the stack for thread: 0x00007f9c380b2240
stack at sp + 1 slots: 0x00007f9c380b2240 is a thread
stack at sp + 2 slots: 0x00007f9c3cc058c8 points into unknown readable memory: 0x6573001880c9ffff | ff ff c9 80 18 00 73 65
stack at sp + 3 slots: 0x0000000800c417a0 is a pointer to class: 
jdk.vm.ci.services.Services {0x0000000800c417a0}
 - instance size:     2
 - klass size:        65
 - access:            public final synchronized 
 - state:             fully_initialized
 - name:              'jdk/vm/ci/services/Services'
 - super:             'java/lang/Object'
 - sub:               
 - arrays:            NULL
 - methods:           Array<T>(0x00007f9c1ec3c698)
 - method ordering:   Array<T>(0x0000000800928960)
 - default_methods:   Array<T>(0x0000000000000000)
 - local interfaces:  Array<T>(0x00000008005ce810)
 - trans. interfaces: Array<T>(0x00000008005ce810)
 - constants:         constant pool [427] {0x00007f9c1ec3b778} for 'jdk/vm/ci/services/Services' cache=0x00007f9c1ec3d968
 - class loader data:  loader data: 0x00007f9c38028410 of 'bootstrap'
 - source file:       'Services.java'
 - class annotations:       Array<T>(0x0000000000000000)
 - class type annotations:  Array<T>(0x0000000000000000)
 - field annotations:       Array<T>(0x0000000000000000)
 - field type annotations:  Array<T>(0x0000000000000000)
 - inner classes:     Array<T>(0x00007f9c1ec3d938)
 - nest members:     Array<T>(0x00007f9c1ec3d958)
 - permitted subclasses:     Array<T>(0x00000008005ce7a0)
 - java mirror:       a 'java/lang/Class'{0x00000000e0178698} = 'jdk/vm/ci/services/Services'
 - vtable length      5  (start addr: 0x0000000800c41970)
 - itable length      2 (start addr: 0x0000000800c41998)
 - ---- static fields (3 words):
 - public static final 'IS_BUILDING_NATIVE_IMAGE' 'Z' @128 
 - public static final 'IS_IN_NATIVE_IMAGE' 'Z' @129 
 - private static volatile 'savedProperties' 'Ljava/util/Map;' @112 
 - static final 'JVMCI_ENABLED' 'Z' @130 
 - private static final 'servicesCache' 'Ljava/util/Map;' @116 
 - private static final 'MAX_UNICODE_IN_UTF8_LENGTH' 'I' @120 
 - private static final 'MAX_UTF8_PROPERTY_STRING_LENGTH' 'I' @124 
 - ---- non-static fields (0 words):
 - non-static oop maps: 
stack at sp + 4 slots: 0x00007f9c1e718500 is pointing into the stack for thread: 0x00007f9c380b2240
stack at sp + 5 slots: 0x00007f9c3edb82fe: <offset 0x000000000093e2fe> in /nix/store/gpxl5qgg8kicmcvivwmybwjlpf7wh20l-graalvm17-ce-22.3.0/lib/server/libjvm.so at 0x00007f9c3e47a000
stack at sp + 6 slots: 0x00007f9c1e7183e0 is pointing into the stack for thread: 0x00007f9c380b2240
stack at sp + 7 slots: 0x00007f9c1e718440 is pointing into the stack for thread: 0x00007f9c380b2240


---------------  P R O C E S S  ---------------

Threads class SMR info:
_java_thread_list=0x00007f9bc81c53c0, length=28, elements={
0x00007f9c380266b0, 0x00007f9c380a64f0, 0x00007f9c380a7930, 0x00007f9c380ae0b0,
0x00007f9c380af460, 0x00007f9c380b0850, 0x00007f9c380b2240, 0x00007f9c380b3750,
0x00007f9c380b4ba0, 0x00007f9c380d7cf0, 0x00007f9c381200f0, 0x00007f9c3832ae30,
0x00007f9c3835dd90, 0x00007f9c383605a0, 0x00007f9c384195f0, 0x00007f9bcc017210,
0x00007f9bcc2a2ba0, 0x00007f9bc00010d0, 0x00007f9bcc485810, 0x00007f9bcc482410,
0x00007f9c3840a020, 0x00007f9ba8000ff0, 0x00007f9bc81dd9f0, 0x00007f9bc81721e0,
0x00007f9bc8171880, 0x00007f9b9c002920, 0x00007f9bc81d6e80, 0x00007f9bc81da5f0
}

Java Threads: ( => current thread )
  0x00007f9c380266b0 JavaThread "main" [_thread_blocked, id=36, stack(0x00007f9c3e295000,0x00007f9c3e395000)]
  0x00007f9c380a64f0 JavaThread "Reference Handler" daemon [_thread_blocked, id=39, stack(0x00007f9c3c2ac000,0x00007f9c3c3ac000)]
  0x00007f9c380a7930 JavaThread "Finalizer" daemon [_thread_blocked, id=40, stack(0x00007f9c3c1ac000,0x00007f9c3c2ac000)]
  0x00007f9c380ae0b0 JavaThread "Signal Dispatcher" daemon [_thread_blocked, id=41, stack(0x00007f9c3c0ac000,0x00007f9c3c1ac000)]
  0x00007f9c380af460 JavaThread "Service Thread" daemon [_thread_blocked, id=43, stack(0x00007f9c1e81a000,0x00007f9c1e91a000)]
  0x00007f9c380b0850 JavaThread "Monitor Deflation Thread" daemon [_thread_blocked, id=44, stack(0x00007f9c1e71a000,0x00007f9c1e81a000)]
=>0x00007f9c380b2240 JavaThread "JVMCI-native CompilerThread0" daemon [_thread_in_vm, id=45, stack(0x00007f9c1e51a000,0x00007f9c1e71a000)]
  0x00007f9c380b3750 JavaThread "C1 CompilerThread0" daemon [_thread_blocked, id=46, stack(0x00007f9c1e31a000,0x00007f9c1e51a000)]
  0x00007f9c380b4ba0 JavaThread "Sweeper thread" daemon [_thread_blocked, id=47, stack(0x00007f9c1e21a000,0x00007f9c1e31a000)]
  0x00007f9c380d7cf0 JavaThread "Common-Cleaner" daemon [_thread_blocked, id=48, stack(0x00007f9c1e11a000,0x00007f9c1e21a000)]
  0x00007f9c381200f0 JavaThread "Notification Thread" daemon [_thread_blocked, id=49, stack(0x00007f9c1e01a000,0x00007f9c1e11a000)]
  0x00007f9c3832ae30 JavaThread "Active Thread: Equinox Container: 619cd940-485f-4231-9092-26daebae228b" [_thread_blocked, id=62, stack(0x00007f9c1cc00000,0x00007f9c1cd00000)]
  0x00007f9c3835dd90 JavaThread "Framework Event Dispatcher: Equinox Container: 619cd940-485f-4231-9092-26daebae228b" daemon [_thread_blocked, id=63, stack(0x00007f9c1ca00000,0x00007f9c1cb00000)]
  0x00007f9c383605a0 JavaThread "Start Level: Equinox Container: 619cd940-485f-4231-9092-26daebae228b" daemon [_thread_blocked, id=64, stack(0x00007f9c1c800000,0x00007f9c1c900000)]
  0x00007f9c384195f0 JavaThread "Refresh Thread: Equinox Container: 619cd940-485f-4231-9092-26daebae228b" daemon [_thread_blocked, id=73, stack(0x00007f9c1c600000,0x00007f9c1c700000)]
  0x00007f9bcc017210 JavaThread "SCR Component Actor" daemon [_thread_blocked, id=76, stack(0x00007f9c1c400000,0x00007f9c1c500000)]
  0x00007f9bcc2a2ba0 JavaThread "Worker-JM" [_thread_blocked, id=84, stack(0x00007f9c1c000000,0x00007f9c1c100000)]
  0x00007f9bc00010d0 JavaThread "Worker-1: Periodic workspace save." [_thread_blocked, id=94, stack(0x00007f9be5900000,0x00007f9be5a00000)]
  0x00007f9bcc485810 JavaThread "Java indexing" daemon [_thread_blocked, id=95, stack(0x00007f9be5700000,0x00007f9be5800000)]
  0x00007f9bcc482410 JavaThread "Bundle File Closer" daemon [_thread_blocked, id=96, stack(0x00007f9be5500000,0x00007f9be5600000)]
  0x00007f9c3840a020 JavaThread "pool-3-thread-1" [_thread_blocked, id=107, stack(0x00007f9be5100000,0x00007f9be5200000)]
  0x00007f9ba8000ff0 JavaThread "Worker-4: Building" [_thread_blocked, id=126, stack(0x00007f9be4d00000,0x00007f9be4e00000)]
  0x00007f9bc81dd9f0 JavaThread "Thread-2" [_thread_blocked, id=260, stack(0x00007f9c1c500000,0x00007f9c1c600000)]
  0x00007f9bc81721e0 JavaThread "Thread-31" [_thread_blocked, id=872, stack(0x00007f9be5300000,0x00007f9be5400000)]
  0x00007f9bc8171880 JavaThread "Thread-32" [_thread_blocked, id=1009, stack(0x00007f9be4b00000,0x00007f9be4c00000)]
  0x00007f9b9c002920 JavaThread "Worker-7" [_thread_blocked, id=1454, stack(0x00007f9be5b00000,0x00007f9be5c00000)]
  0x00007f9bc81d6e80 JavaThread "Thread-36" [_thread_blocked, id=3323, stack(0x00007f9c1dd00000,0x00007f9c1de00000)]
  0x00007f9bc81da5f0 JavaThread "Thread-38" [_thread_blocked, id=3846, stack(0x00007f9be4f00000,0x00007f9be5000000)]

Other Threads:
  0x00007f9c380a1c30 VMThread "VM Thread" [stack: 0x00007f9c3c3ae000,0x00007f9c3c4ae000] [id=38] _threads_hazard_ptr=0x00007f9bc81c53c0
  0x00007f9c38121a90 WatcherThread [stack: 0x00007f9c1df1a000,0x00007f9c1e01a000] [id=50]
  0x00007f9c3803df50 GCTaskThread "GC Thread#0" [stack: 0x00007f9c3de58000,0x00007f9c3df58000] [id=37]

Threads with active compile tasks:
JVMCI-native CompilerThread0  1260538 8950       4       org.eclipse.jdt.internal.compiler.lookup.PackageBinding::clearMissingTagBit (24 bytes)

VM state: synchronizing (normal execution)

VM Mutex/Monitor currently owned by a thread:  ([mutex/lock_event])
[0x00007f9c38023860] Threads_lock - owner thread: 0x00007f9c380a1c30
[0x00007f9c38024010] Heap_lock - owner thread: 0x00007f9bc8171880

OutOfMemory and StackOverflow Exception counts:
OutOfMemoryError java_heap_errors=11
LinkageErrors=57

Heap address: 0x00000000e0000000, size: 512 MB, Compressed Oops mode: 32-bit

CDS archive(s) mapped at: [0x0000000800000000-0x0000000800bc8000-0x0000000800bc8000), size 12353536, SharedBaseAddress: 0x0000000800000000, ArchiveRelocationMode: 0.
Compressed class space mapped at: 0x0000000800c00000-0x0000000840c00000, reserved size: 1073741824
Narrow klass base: 0x0000000800000000, Narrow klass shift: 0, Narrow klass range: 0x100000000

GC Precious Log:
 CPUs: 8 total, 1 available
 Memory: 1024M
 Large Page Support: Disabled
 NUMA Support: Disabled
 Compressed Oops: Enabled (32-bit)
 Alignments: Space 512K, Generation 512K, Heap 2M
 Heap Min Capacity: 100M
 Heap Initial Capacity: 100M
 Heap Max Capacity: 512M
 Pre-touch: Disabled
 Parallel Workers: 1

Heap:
 PSYoungGen      total 24064K, used 18943K [0x00000000f5580000, 0x00000000f7400000, 0x0000000100000000)
  eden space 18944K, 99% used [0x00000000f5580000,0x00000000f67ffff8,0x00000000f6800000)
  from space 5120K, 0% used [0x00000000f6800000,0x00000000f6800000,0x00000000f6d00000)
  to   space 5632K, 0% used [0x00000000f6e00000,0x00000000f6e00000,0x00000000f7380000)
 ParOldGen       total 349696K, used 349694K [0x00000000e0000000, 0x00000000f5580000, 0x00000000f5580000)
  object space 349696K, 99% used [0x00000000e0000000,0x00000000f557fba8,0x00000000f5580000)
 Metaspace       used 57985K, committed 58752K, reserved 1105920K
  class space    used 5660K, committed 5952K, reserved 1048576K

Card table byte_map: [0x00007f9c3df58000,0x00007f9c3e059000] _byte_map_base: 0x00007f9c3d858000

Marking Bits: (ParMarkBitMap*) 0x00007f9c3f6a84c0
 Begin Bits: [0x00007f9c3cdab000, 0x00007f9c3d5ab000)
 End Bits:   [0x00007f9c3d5ab000, 0x00007f9c3ddab000)

Polling page: 0x00007f9c3e272000

Metaspace:

Usage:
  Non-class:     51.10 MB used.
      Class:      5.53 MB used.
       Both:     56.63 MB used.

Virtual space:
  Non-class space:       56.00 MB reserved,      51.56 MB ( 92%) committed,  7 nodes.
      Class space:        1.00 GB reserved,       5.81 MB ( <1%) committed,  1 nodes.
             Both:        1.05 GB reserved,      57.38 MB (  5%) committed. 

Chunk freelists:
   Non-Class:  420.00 KB
       Class:  2.20 MB
        Both:  2.61 MB

MaxMetaspaceSize: unlimited
CompressedClassSpaceSize: 1.00 GB
Initial GC threshold: 21.00 MB
Current GC threshold: 95.44 MB
CDS: on
MetaspaceReclaimPolicy: balanced
 - commit_granule_bytes: 65536.
 - commit_granule_words: 8192.
 - virtual_space_node_default_size: 1048576.
 - enlarge_chunks_in_place: 1.
 - new_chunks_are_fully_committed: 0.
 - uncommit_free_chunks: 1.
 - use_allocation_guard: 0.
 - handle_deallocations: 1.


Internal statistics:

num_allocs_failed_limit: 6.
num_arena_births: 392.
num_arena_deaths: 92.
num_vsnodes_births: 8.
num_vsnodes_deaths: 0.
num_space_committed: 917.
num_space_uncommitted: 0.
num_chunks_returned_to_freelist: 128.
num_chunks_taken_from_freelist: 2623.
num_chunk_merges: 48.
num_chunk_splits: 1697.
num_chunks_enlarged: 1092.
num_purges: 18.
num_inconsistent_stats: 0.

CodeHeap 'non-profiled nmethods': size=120036Kb used=2698Kb max_used=2698Kb free=117337Kb
 bounds [0x00007f9c26f7a000, 0x00007f9c2722a000, 0x00007f9c2e4b3000]
CodeHeap 'profiled nmethods': size=120032Kb used=16557Kb max_used=16557Kb free=103474Kb
 bounds [0x00007f9c1fa42000, 0x00007f9c20ac2000, 0x00007f9c26f7a000]
CodeHeap 'non-nmethods': size=5692Kb used=1408Kb max_used=1416Kb free=4283Kb
 bounds [0x00007f9c1f4b3000, 0x00007f9c1f723000, 0x00007f9c1fa42000]
 total_blobs=7598 nmethods=6852 adapters=616
 compilation: enabled
              stopped_count=0, restarted_count=0
 full_count=0

JVMCI Events (20 events):
Event: 1084.945 Thread 0x00007f9c380b2240 detached from JVMCI runtime 0
Event: 1089.217 Thread 0x00007f9c380b2240 attached to JVMCI runtime 0
Event: 1089.218 Thread 0x00007f9c380b2240 created JavaVM[10]@0x00007f9be439e340 for JVMCI runtime 0
Event: 1089.218 Thread 0x00007f9c380b2240 initializing JVMCI runtime 0
Event: 1089.218 Thread 0x00007f9c380b2240 done waiting for JavaVM references initialization in JVMCI runtime 0
Event: 1107.747 Thread 0x00007f9c380b2240 initialized JVMCI runtime 0
Event: 1177.450 Thread 0x00007f9c380b2240 compacted oop handles in JVMCI runtime 0 from 94 to 88
Event: 1177.450 Thread 0x00007f9c380b2240 compacted oop handles in JVMCI runtime 0 from 89 to 80
Event: 1180.715 Thread 0x00007f9c380b2240 compacted oop handles in JVMCI runtime 0 from 88 to 87
Event: 1182.143 Thread 0x00007f9c380b2240 detaching from JVMCI runtime 0: releasing idle compiler thread (0 other threads still attached)
Event: 1182.143 Thread 0x00007f9c380b2240 shutting down HotSpotJVMCIRuntime for JVMCI runtime 0
Event: 1184.733 Thread 0x00007f9c380b2240 shut down JVMCI runtime 0
Event: 1187.523 Thread 0x00007f9c380b2240 destroyed JavaVM[10]@0x00007f9be439e340 for JVMCI runtime 0
Event: 1187.523 Thread 0x00007f9c380b2240 compacted oop handles in JVMCI runtime 0 from 87 to 87
Event: 1187.523 Thread 0x00007f9c380b2240 releasing handles for JVMCI runtime 0: oop handles=87, metadata handles={total=160, live=146, blocks=55}
Event: 1187.523 Thread 0x00007f9c380b2240 detached from JVMCI runtime 0
Event: 1240.437 Thread 0x00007f9c380b2240 attached to JVMCI runtime 0
Event: 1240.439 Thread 0x00007f9c380b2240 created JavaVM[11]@0x00007f9be439e340 for JVMCI runtime 0
Event: 1241.657 Thread 0x00007f9c380b2240 initializing JVMCI runtime 0
Event: 1241.657 Thread 0x00007f9c380b2240 done waiting for JavaVM references initialization in JVMCI runtime 0

Compilation events (20 events):
Event: 896.178 Thread 0x00007f9c380b2240 nmethod 8938 0x00007f9c27214610 code [0x00007f9c272147a0, 0x00007f9c27214ce8]
Event: 900.245 Thread 0x00007f9c380b2240 8941       4       org.eclipse.jdt.internal.compiler.util.CharArrayMap::put (86 bytes)
Event: 938.628 Thread 0x00007f9c380b3750 8943       3       java.lang.Thread::checkAccess (14 bytes)
Event: 940.054 Thread 0x00007f9c380b3750 nmethod 8943 0x00007f9c2059a510 code [0x00007f9c2059a6e0, 0x00007f9c2059ae40]
Event: 996.459 Thread 0x00007f9c380b2240 nmethod 8941 0x00007f9c27214f90 code [0x00007f9c27215140, 0x00007f9c272156d0]
Event: 996.460 Thread 0x00007f9c380b2240 8942  s    4       java.util.Hashtable::get (69 bytes)
Event: 997.983 Thread 0x00007f9c380b2240 nmethod 8942 0x00007f9c27215990 code [0x00007f9c27215b40, 0x00007f9c27216290]
Event: 1006.744 Thread 0x00007f9c380b2240 8945       4       java.lang.AbstractStringBuilder::append (55 bytes)
Event: 1078.417 Thread 0x00007f9c380b2240 nmethod 8945 0x00007f9c27216610 code [0x00007f9c272167a0, 0x00007f9c27216e58]
Event: 1078.417 Thread 0x00007f9c380b2240 8946       4       org.eclipse.core.internal.preferences.EclipsePreferences::get (16 bytes)
Event: 1083.360 Thread 0x00007f9c380b2240 nmethod 8946 0x00007f9c27217110 code [0x00007f9c27217360, 0x00007f9c27218150]
Event: 1083.360 Thread 0x00007f9c380b2240 8947  s    4       org.eclipse.jdt.internal.core.search.processing.JobManager::awaitingJobsCount (21 bytes)
Event: 1083.365 Thread 0x00007f9c380b2240 nmethod 8947 0x00007f9c27218810 code [0x00007f9c272189a0, 0x00007f9c27218bd8]
Event: 1089.217 Thread 0x00007f9c380b2240 8948       4       org.eclipse.jdt.internal.compiler.lookup.ModuleBinding::getOrCreateDeclaredPackage (136 bytes)
Event: 1177.450 Thread 0x00007f9c380b2240 nmethod 8948 0x00007f9c27218d10 code [0x00007f9c27218fe0, 0x00007f9c2721afa8]
Event: 1177.450 Thread 0x00007f9c380b2240 8949       4       java.lang.invoke.DirectMethodHandle$Holder::newInvokeSpecial (24 bytes)
Event: 1180.715 Thread 0x00007f9c380b2240 nmethod 8949 0x00007f9c2721c090 code [0x00007f9c2721c220, 0x00007f9c2721c4b0]
Event: 1240.437 Thread 0x00007f9c380b2240 8950       4       org.eclipse.jdt.internal.compiler.lookup.PackageBinding::clearMissingTagBit (24 bytes)
Event: 1248.371 Thread 0x00007f9c380b3750 8951       1       org.eclipse.core.internal.jobs.InternalJob::getName (5 bytes)
Event: 1248.371 Thread 0x00007f9c380b3750 nmethod 8951 0x00007f9c2721c690 code [0x00007f9c2721c820, 0x00007f9c2721c8f0]

GC Heap History (20 events):
Event: 1245.631 GC heap before
{Heap before GC invocations=943 (full 850):
 PSYoungGen      total 24064K, used 18944K [0x00000000f5580000, 0x00000000f7400000, 0x0000000100000000)
  eden space 18944K, 100% used [0x00000000f5580000,0x00000000f6800000,0x00000000f6800000)
  from space 5120K, 0% used [0x00000000f6800000,0x00000000f6800000,0x00000000f6d00000)
  to   space 5632K, 0% used [0x00000000f6e00000,0x00000000f6e00000,0x00000000f7380000)
 ParOldGen       total 349696K, used 349693K [0x00000000e0000000, 0x00000000f5580000, 0x00000000f5580000)
  object space 349696K, 99% used [0x00000000e0000000,0x00000000f557f4d0,0x00000000f5580000)
 Metaspace       used 57985K, committed 58752K, reserved 1105920K
  class space    used 5660K, committed 5952K, reserved 1048576K
}
Event: 1247.058 GC heap after
{Heap after GC invocations=943 (full 850):
 PSYoungGen      total 24576K, used 18943K [0x00000000f5580000, 0x00000000f7400000, 0x0000000100000000)
  eden space 18944K, 99% used [0x00000000f5580000,0x00000000f67fffe0,0x00000000f6800000)
  from space 5632K, 0% used [0x00000000f6e00000,0x00000000f6e00000,0x00000000f7380000)
  to   space 5120K, 0% used [0x00000000f6800000,0x00000000f6800000,0x00000000f6d00000)
 ParOldGen       total 349696K, used 349693K [0x00000000e0000000, 0x00000000f5580000, 0x00000000f5580000)
  object space 349696K, 99% used [0x00000000e0000000,0x00000000f557f498,0x00000000f5580000)
 Metaspace       used 57985K, committed 58752K, reserved 1105920K
  class space    used 5660K, committed 5952K, reserved 1048576K
}
Event: 1247.058 GC heap before
{Heap before GC invocations=944 (full 851):
 PSYoungGen      total 24576K, used 18943K [0x00000000f5580000, 0x00000000f7400000, 0x0000000100000000)
  eden space 18944K, 99% used [0x00000000f5580000,0x00000000f67ffff8,0x00000000f6800000)
  from space 5632K, 0% used [0x00000000f6e00000,0x00000000f6e00000,0x00000000f7380000)
  to   space 5120K, 0% used [0x00000000f6800000,0x00000000f6800000,0x00000000f6d00000)
 ParOldGen       total 349696K, used 349693K [0x00000000e0000000, 0x00000000f5580000, 0x00000000f5580000)
  object space 349696K, 99% used [0x00000000e0000000,0x00000000f557f498,0x00000000f5580000)
 Metaspace       used 57985K, committed 58752K, reserved 1105920K
  class space    used 5660K, committed 5952K, reserved 1048576K
}
Event: 1248.370 GC heap after
{Heap after GC invocations=944 (full 851):
 PSYoungGen      total 24064K, used 18943K [0x00000000f5580000, 0x00000000f7400000, 0x0000000100000000)
  eden space 18944K, 99% used [0x00000000f5580000,0x00000000f67ffff8,0x00000000f6800000)
  from space 5120K, 0% used [0x00000000f6800000,0x00000000f6800000,0x00000000f6d00000)
  to   space 5632K, 0% used [0x00000000f6e00000,0x00000000f6e00000,0x00000000f7380000)
 ParOldGen       total 349696K, used 349693K [0x00000000e0000000, 0x00000000f5580000, 0x00000000f5580000)
  object space 349696K, 99% used [0x00000000e0000000,0x00000000f557f498,0x00000000f5580000)
 Metaspace       used 57985K, committed 58752K, reserved 1105920K
  class space    used 5660K, committed 5952K, reserved 1048576K
}
Event: 1248.371 GC heap before
{Heap before GC invocations=945 (full 852):
 PSYoungGen      total 24064K, used 18943K [0x00000000f5580000, 0x00000000f7400000, 0x0000000100000000)
  eden space 18944K, 99% used [0x00000000f5580000,0x00000000f67ffff8,0x00000000f6800000)
  from space 5120K, 0% used [0x00000000f6800000,0x00000000f6800000,0x00000000f6d00000)
  to   space 5632K, 0% used [0x00000000f6e00000,0x00000000f6e00000,0x00000000f7380000)
 ParOldGen       total 349696K, used 349695K [0x00000000e0000000, 0x00000000f5580000, 0x00000000f5580000)
  object space 349696K, 99% used [0x00000000e0000000,0x00000000f557fc88,0x00000000f5580000)
 Metaspace       used 57985K, committed 58752K, reserved 1105920K
  class space    used 5660K, committed 5952K, reserved 1048576K
}
Event: 1249.847 GC heap after
{Heap after GC invocations=945 (full 852):
 PSYoungGen      total 24576K, used 18943K [0x00000000f5580000, 0x00000000f7400000, 0x0000000100000000)
  eden space 18944K, 99% used [0x00000000f5580000,0x00000000f67ffff8,0x00000000f6800000)
  from space 5632K, 0% used [0x00000000f6e00000,0x00000000f6e00000,0x00000000f7380000)
  to   space 5120K, 0% used [0x00000000f6800000,0x00000000f6800000,0x00000000f6d00000)
 ParOldGen       total 349696K, used 349693K [0x00000000e0000000, 0x00000000f5580000, 0x00000000f5580000)
  object space 349696K, 99% used [0x00000000e0000000,0x00000000f557f6f0,0x00000000f5580000)
 Metaspace       used 57985K, committed 58752K, reserved 1105920K
  class space    used 5660K, committed 5952K, reserved 1048576K
}
Event: 1249.852 GC heap before
{Heap before GC invocations=946 (full 853):
 PSYoungGen      total 24576K, used 18943K [0x00000000f5580000, 0x00000000f7400000, 0x0000000100000000)
  eden space 18944K, 99% used [0x00000000f5580000,0x00000000f67ffff8,0x00000000f6800000)
  from space 5632K, 0% used [0x00000000f6e00000,0x00000000f6e00000,0x00000000f7380000)
  to   space 5120K, 0% used [0x00000000f6800000,0x00000000f6800000,0x00000000f6d00000)
 ParOldGen       total 349696K, used 349695K [0x00000000e0000000, 0x00000000f5580000, 0x00000000f5580000)
  object space 349696K, 99% used [0x00000000e0000000,0x00000000f557fe28,0x00000000f5580000)
 Metaspace       used 57985K, committed 58752K, reserved 1105920K
  class space    used 5660K, committed 5952K, reserved 1048576K
}
Event: 1251.123 GC heap after
{Heap after GC invocations=946 (full 853):
 PSYoungGen      total 24064K, used 18943K [0x00000000f5580000, 0x00000000f7400000, 0x0000000100000000)
  eden space 18944K, 99% used [0x00000000f5580000,0x00000000f67ffff8,0x00000000f6800000)
  from space 5120K, 0% used [0x00000000f6800000,0x00000000f6800000,0x00000000f6d00000)
  to   space 5632K, 0% used [0x00000000f6e00000,0x00000000f6e00000,0x00000000f7380000)
 ParOldGen       total 349696K, used 349695K [0x00000000e0000000, 0x00000000f5580000, 0x00000000f5580000)
  object space 349696K, 99% used [0x00000000e0000000,0x00000000f557fc58,0x00000000f5580000)
 Metaspace       used 57985K, committed 58752K, reserved 1105920K
  class space    used 5660K, committed 5952K, reserved 1048576K
}
Event: 1251.124 GC heap before
{Heap before GC invocations=947 (full 854):
 PSYoungGen      total 24064K, used 18943K [0x00000000f5580000, 0x00000000f7400000, 0x0000000100000000)
  eden space 18944K, 99% used [0x00000000f5580000,0x00000000f67ffff8,0x00000000f6800000)
  from space 5120K, 0% used [0x00000000f6800000,0x00000000f6800000,0x00000000f6d00000)
  to   space 5632K, 0% used [0x00000000f6e00000,0x00000000f6e00000,0x00000000f7380000)
 ParOldGen       total 349696K, used 349695K [0x00000000e0000000, 0x00000000f5580000, 0x00000000f5580000)
  object space 349696K, 99% used [0x00000000e0000000,0x00000000f557ffb8,0x00000000f5580000)
 Metaspace       used 57985K, committed 58752K, reserved 1105920K
  class space    used 5660K, committed 5952K, reserved 1048576K
}
Event: 1252.908 GC heap after
{Heap after GC invocations=947 (full 854):
 PSYoungGen      total 24576K, used 18943K [0x00000000f5580000, 0x00000000f7400000, 0x0000000100000000)
  eden space 18944K, 99% used [0x00000000f5580000,0x00000000f67ffff8,0x00000000f6800000)
  from space 5632K, 0% used [0x00000000f6e00000,0x00000000f6e00000,0x00000000f7380000)
  to   space 5120K, 0% used [0x00000000f6800000,0x00000000f6800000,0x00000000f6d00000)
 ParOldGen       total 349696K, used 349689K [0x00000000e0000000, 0x00000000f5580000, 0x00000000f5580000)
  object space 349696K, 99% used [0x00000000e0000000,0x00000000f557e510,0x00000000f5580000)
 Metaspace       used 57985K, committed 58752K, reserved 1105920K
  class space    used 5660K, committed 5952K, reserved 1048576K
}
Event: 1252.908 GC heap before
{Heap before GC invocations=948 (full 855):
 PSYoungGen      total 24576K, used 18943K [0x00000000f5580000, 0x00000000f7400000, 0x0000000100000000)
  eden space 18944K, 99% used [0x00000000f5580000,0x00000000f67ffff8,0x00000000f6800000)
  from space 5632K, 0% used [0x00000000f6e00000,0x00000000f6e00000,0x00000000f7380000)
  to   space 5120K, 0% used [0x00000000f6800000,0x00000000f6800000,0x00000000f6d00000)
 ParOldGen       total 349696K, used 349690K [0x00000000e0000000, 0x00000000f5580000, 0x00000000f5580000)
  object space 349696K, 99% used [0x00000000e0000000,0x00000000f557eb60,0x00000000f5580000)
 Metaspace       used 57985K, committed 58752K, reserved 1105920K
  class space    used 5660K, committed 5952K, reserved 1048576K
}
Event: 1254.513 GC heap after
{Heap after GC invocations=948 (full 855):
 PSYoungGen      total 24064K, used 18943K [0x00000000f5580000, 0x00000000f7400000, 0x0000000100000000)
  eden space 18944K, 99% used [0x00000000f5580000,0x00000000f67ffff8,0x00000000f6800000)
  from space 5120K, 0% used [0x00000000f6800000,0x00000000f6800000,0x00000000f6d00000)
  to   space 5632K, 0% used [0x00000000f6e00000,0x00000000f6e00000,0x00000000f7380000)
 ParOldGen       total 349696K, used 349690K [0x00000000e0000000, 0x00000000f5580000, 0x00000000f5580000)
  object space 349696K, 99% used [0x00000000e0000000,0x00000000f557eac0,0x00000000f5580000)
 Metaspace       used 57985K, committed 58752K, reserved 1105920K
  class space    used 5660K, committed 5952K, reserved 1048576K
}
Event: 1254.521 GC heap before
{Heap before GC invocations=949 (full 856):
 PSYoungGen      total 24064K, used 18943K [0x00000000f5580000, 0x00000000f7400000, 0x0000000100000000)
  eden space 18944K, 99% used [0x00000000f5580000,0x00000000f67ffff8,0x00000000f6800000)
  from space 5120K, 0% used [0x00000000f6800000,0x00000000f6800000,0x00000000f6d00000)
  to   space 5632K, 0% used [0x00000000f6e00000,0x00000000f6e00000,0x00000000f7380000)
 ParOldGen       total 349696K, used 349692K [0x00000000e0000000, 0x00000000f5580000, 0x00000000f5580000)
  object space 349696K, 99% used [0x00000000e0000000,0x00000000f557f298,0x00000000f5580000)
 Metaspace       used 57985K, committed 58752K, reserved 1105920K
  class space    used 5660K, committed 5952K, reserved 1048576K
}
Event: 1256.067 GC heap after
{Heap after GC invocations=949 (full 856):
 PSYoungGen      total 24576K, used 18943K [0x00000000f5580000, 0x00000000f7400000, 0x0000000100000000)
  eden space 18944K, 99% used [0x00000000f5580000,0x00000000f67ffff8,0x00000000f6800000)
  from space 5632K, 0% used [0x00000000f6e00000,0x00000000f6e00000,0x00000000f7380000)
  to   space 5120K, 0% used [0x00000000f6800000,0x00000000f6800000,0x00000000f6d00000)
 ParOldGen       total 349696K, used 349692K [0x00000000e0000000, 0x00000000f5580000, 0x00000000f5580000)
  object space 349696K, 99% used [0x00000000e0000000,0x00000000f557f148,0x00000000f5580000)
 Metaspace       used 57985K, committed 58752K, reserved 1105920K
  class space    used 5660K, committed 5952K, reserved 1048576K
}
Event: 1256.068 GC heap before
{Heap before GC invocations=950 (full 857):
 PSYoungGen      total 24576K, used 18943K [0x00000000f5580000, 0x00000000f7400000, 0x0000000100000000)
  eden space 18944K, 99% used [0x00000000f5580000,0x00000000f67ffff8,0x00000000f6800000)
  from space 5632K, 0% used [0x00000000f6e00000,0x00000000f6e00000,0x00000000f7380000)
  to   space 5120K, 0% used [0x00000000f6800000,0x00000000f6800000,0x00000000f6d00000)
 ParOldGen       total 349696K, used 349694K [0x00000000e0000000, 0x00000000f5580000, 0x00000000f5580000)
  object space 349696K, 99% used [0x00000000e0000000,0x00000000f557f828,0x00000000f5580000)
 Metaspace       used 57985K, committed 58752K, reserved 1105920K
  class space    used 5660K, committed 5952K, reserved 1048576K
}
Event: 1257.491 GC heap after
{Heap after GC invocations=950 (full 857):
 PSYoungGen      total 24064K, used 18943K [0x00000000f5580000, 0x00000000f7400000, 0x0000000100000000)
  eden space 18944K, 99% used [0x00000000f5580000,0x00000000f67ffff8,0x00000000f6800000)
  from space 5120K, 0% used [0x00000000f6800000,0x00000000f6800000,0x00000000f6d00000)
  to   space 5632K, 0% used [0x00000000f6e00000,0x00000000f6e00000,0x00000000f7380000)
 ParOldGen       total 349696K, used 349693K [0x00000000e0000000, 0x00000000f5580000, 0x00000000f5580000)
  object space 349696K, 99% used [0x00000000e0000000,0x00000000f557f5f0,0x00000000f5580000)
 Metaspace       used 57985K, committed 58752K, reserved 1105920K
  class space    used 5660K, committed 5952K, reserved 1048576K
}
Event: 1257.492 GC heap before
{Heap before GC invocations=951 (full 858):
 PSYoungGen      total 24064K, used 18943K [0x00000000f5580000, 0x00000000f7400000, 0x0000000100000000)
  eden space 18944K, 99% used [0x00000000f5580000,0x00000000f67ffff8,0x00000000f6800000)
  from space 5120K, 0% used [0x00000000f6800000,0x00000000f6800000,0x00000000f6d00000)
  to   space 5632K, 0% used [0x00000000f6e00000,0x00000000f6e00000,0x00000000f7380000)
 ParOldGen       total 349696K, used 349693K [0x00000000e0000000, 0x00000000f5580000, 0x00000000f5580000)
  object space 349696K, 99% used [0x00000000e0000000,0x00000000f557f6a8,0x00000000f5580000)
 Metaspace       used 57985K, committed 58752K, reserved 1105920K
  class space    used 5660K, committed 5952K, reserved 1048576K
}
Event: 1258.949 GC heap after
{Heap after GC invocations=951 (full 858):
 PSYoungGen      total 24576K, used 18943K [0x00000000f5580000, 0x00000000f7400000, 0x0000000100000000)
  eden space 18944K, 99% used [0x00000000f5580000,0x00000000f67ffff8,0x00000000f6800000)
  from space 5632K, 0% used [0x00000000f6e00000,0x00000000f6e00000,0x00000000f7380000)
  to   space 5120K, 0% used [0x00000000f6800000,0x00000000f6800000,0x00000000f6d00000)
 ParOldGen       total 349696K, used 349693K [0x00000000e0000000, 0x00000000f5580000, 0x00000000f5580000)
  object space 349696K, 99% used [0x00000000e0000000,0x00000000f557f608,0x00000000f5580000)
 Metaspace       used 57985K, committed 58752K, reserved 1105920K
  class space    used 5660K, committed 5952K, reserved 1048576K
}
Event: 1258.949 GC heap before
{Heap before GC invocations=952 (full 859):
 PSYoungGen      total 24576K, used 18943K [0x00000000f5580000, 0x00000000f7400000, 0x0000000100000000)
  eden space 18944K, 99% used [0x00000000f5580000,0x00000000f67ffff8,0x00000000f6800000)
  from space 5632K, 0% used [0x00000000f6e00000,0x00000000f6e00000,0x00000000f7380000)
  to   space 5120K, 0% used [0x00000000f6800000,0x00000000f6800000,0x00000000f6d00000)
 ParOldGen       total 349696K, used 349693K [0x00000000e0000000, 0x00000000f5580000, 0x00000000f5580000)
  object space 349696K, 99% used [0x00000000e0000000,0x00000000f557f608,0x00000000f5580000)
 Metaspace       used 57985K, committed 58752K, reserved 1105920K
  class space    used 5660K, committed 5952K, reserved 1048576K
}
Event: 1260.421 GC heap after
{Heap after GC invocations=952 (full 859):
 PSYoungGen      total 24064K, used 18943K [0x00000000f5580000, 0x00000000f7400000, 0x0000000100000000)
  eden space 18944K, 99% used [0x00000000f5580000,0x00000000f67ffff8,0x00000000f6800000)
  from space 5120K, 0% used [0x00000000f6800000,0x00000000f6800000,0x00000000f6d00000)
  to   space 5632K, 0% used [0x00000000f6e00000,0x00000000f6e00000,0x00000000f7380000)
 ParOldGen       total 349696K, used 349693K [0x00000000e0000000, 0x00000000f5580000, 0x00000000f5580000)
  object space 349696K, 99% used [0x00000000e0000000,0x00000000f557f5c8,0x00000000f5580000)
 Metaspace       used 57985K, committed 58752K, reserved 1105920K
  class space    used 5660K, committed 5952K, reserved 1048576K
}

Dll operation events (9 events):
Event: 0.002 Loaded shared library /nix/store/gpxl5qgg8kicmcvivwmybwjlpf7wh20l-graalvm17-ce-22.3.0/lib/libjava.so
Event: 0.016 Loaded shared library /nix/store/gpxl5qgg8kicmcvivwmybwjlpf7wh20l-graalvm17-ce-22.3.0/lib/libjsvml.so
Event: 0.414 Loaded shared library /nix/store/gpxl5qgg8kicmcvivwmybwjlpf7wh20l-graalvm17-ce-22.3.0/lib/libnio.so
Event: 0.431 Loaded shared library /nix/store/gpxl5qgg8kicmcvivwmybwjlpf7wh20l-graalvm17-ce-22.3.0/lib/libzip.so
Event: 0.435 Loaded shared library /nix/store/gpxl5qgg8kicmcvivwmybwjlpf7wh20l-graalvm17-ce-22.3.0/lib/libjvmcicompiler.so
Event: 1.018 Loaded shared library /nix/store/gpxl5qgg8kicmcvivwmybwjlpf7wh20l-graalvm17-ce-22.3.0/lib/libjimage.so
Event: 1.636 Loaded shared library /nix/store/gpxl5qgg8kicmcvivwmybwjlpf7wh20l-graalvm17-ce-22.3.0/lib/libnet.so
Event: 5.250 Loaded shared library /home/runner/.cache/jdt-language-server/config/org.eclipse.equinox.launcher/org.eclipse.equinox.launcher.gtk.linux.x86_64_1.2.400.v20211117-0650/eclipse_11600.so
Event: 17.563 Loaded shared library /nix/store/gpxl5qgg8kicmcvivwmybwjlpf7wh20l-graalvm17-ce-22.3.0/lib/libextnet.so

Deoptimization events (20 events):
Event: 217.116 Thread 0x00007f9bc8171880 DEOPT PACKING pc=0x00007f9c20a1d4e7 sp=0x00007f9c1ddfcf30
Event: 217.116 Thread 0x00007f9bc8171880 DEOPT UNPACKING pc=0x00007f9c1f505325 sp=0x00007f9c1ddfc3d8 mode 0
Event: 218.520 Thread 0x00007f9bc81d6e80 DEOPT PACKING pc=0x00007f9c20a1d4e7 sp=0x00007f9be4bfcc60
Event: 218.520 Thread 0x00007f9bc81d6e80 DEOPT UNPACKING pc=0x00007f9c1f505325 sp=0x00007f9be4bfc108 mode 0
Event: 220.020 Thread 0x00007f9bc81c70b0 DEOPT PACKING pc=0x00007f9c20a1d55d sp=0x00007f9c1ddfcc60
Event: 220.020 Thread 0x00007f9bc81c70b0 DEOPT UNPACKING pc=0x00007f9c1f505325 sp=0x00007f9c1ddfc108 mode 0
Event: 220.022 Thread 0x00007f9bc81c70b0 DEOPT PACKING pc=0x00007f9c20a1d55d sp=0x00007f9c1ddfcda0
Event: 220.022 Thread 0x00007f9bc81c70b0 DEOPT UNPACKING pc=0x00007f9c1f505325 sp=0x00007f9c1ddfc248 mode 0
Event: 230.731 Thread 0x00007f9bc81710c0 DEOPT PACKING pc=0x00007f9c1fcc81d9 sp=0x00007f9be5bfda10
Event: 230.731 Thread 0x00007f9bc81710c0 DEOPT UNPACKING pc=0x00007f9c1f505325 sp=0x00007f9be5bfcf40 mode 0
Event: 1142.910 Thread 0x00007f9bc81c70b0 Uncommon trap: trap_request=0xffffff8f fr.pc=0x00007f9c27211db1 relative=0x00000000000009f1
Event: 1142.910 Thread 0x00007f9bc81c70b0 Uncommon trap: reason=constraint action=none pc=0x00007f9c27211db1 method=java.util.Hashtable.addEntry(ILjava/lang/Object;Ljava/lang/Object;I)V @ 42 jvmci
Event: 1142.910 Thread 0x00007f9bc81c70b0 DEOPT PACKING pc=0x00007f9c27211db1 sp=0x00007f9be58fdf60
Event: 1142.910 Thread 0x00007f9bc81c70b0 DEOPT UNPACKING pc=0x00007f9c1f505325 sp=0x00007f9be58fd388 mode 3
Event: 1187.512 Thread 0x00007f9c38202800 DEOPT PACKING pc=0x00007f9c27064ec0 sp=0x00007f9c1c2fd7c0
Event: 1187.512 Thread 0x00007f9c38202800 DEOPT UNPACKING pc=0x00007f9c1f505325 sp=0x00007f9c1c2fcbf8 mode 1
Event: 1199.838 Thread 0x00007f9bc81721e0 Uncommon trap: trap_request=0xffffff8f fr.pc=0x00007f9c2721aef7 relative=0x0000000000001f17
Event: 1199.838 Thread 0x00007f9bc81721e0 Uncommon trap: reason=constraint action=none pc=0x00007f9c2721aef7 method=org.eclipse.jdt.internal.compiler.lookup.ModuleBinding.getOrCreateDeclaredPackage([[C)Lorg/eclipse/jdt/internal/compiler/lookup/PlainPackageBinding; @ 15 jvmci
Event: 1199.838 Thread 0x00007f9bc81721e0 DEOPT PACKING pc=0x00007f9c2721aef7 sp=0x00007f9be53fdb80
Event: 1199.838 Thread 0x00007f9bc81721e0 DEOPT UNPACKING pc=0x00007f9c1f505325 sp=0x00007f9be53fd098 mode 3

Classes unloaded (20 events):
Event: 173.648 Thread 0x00007f9c380a1c30 Unloading class 0x000000080104c000 'java/lang/invoke/LambdaForm$MH+0x000000080104c000'
Event: 173.648 Thread 0x00007f9c380a1c30 Unloading class 0x0000000800d98400 'java/lang/invoke/LambdaForm$MH+0x0000000800d98400'
Event: 173.648 Thread 0x00007f9c380a1c30 Unloading class 0x0000000800d04000 'java/lang/invoke/LambdaForm$MH+0x0000000800d04000'
Event: 184.441 Thread 0x00007f9c380a1c30 Unloading class 0x000000080107d400 'jdk/internal/reflect/GeneratedSerializationConstructorAccessor4'
Event: 184.441 Thread 0x00007f9c380a1c30 Unloading class 0x000000080107d000 'jdk/internal/reflect/GeneratedSerializationConstructorAccessor3'
Event: 184.441 Thread 0x00007f9c380a1c30 Unloading class 0x000000080107cc00 'jdk/internal/reflect/GeneratedSerializationConstructorAccessor2'
Event: 184.441 Thread 0x00007f9c380a1c30 Unloading class 0x000000080107c800 'jdk/internal/reflect/GeneratedSerializationConstructorAccessor1'
Event: 208.322 Thread 0x00007f9c380a1c30 Unloading class 0x0000000801140400 'jdk/internal/reflect/GeneratedConstructorAccessor34'
Event: 208.322 Thread 0x00007f9c380a1c30 Unloading class 0x0000000801140000 'jdk/internal/reflect/GeneratedConstructorAccessor33'
Event: 208.322 Thread 0x00007f9c380a1c30 Unloading class 0x000000080113cc00 'jdk/internal/reflect/GeneratedConstructorAccessor32'
Event: 208.322 Thread 0x00007f9c380a1c30 Unloading class 0x000000080113c800 'jdk/internal/reflect/GeneratedConstructorAccessor31'
Event: 208.322 Thread 0x00007f9c380a1c30 Unloading class 0x000000080113c400 'jdk/internal/reflect/GeneratedConstructorAccessor30'
Event: 214.052 Thread 0x00007f9c380a1c30 Unloading class 0x00000008011bc000 'jdk/internal/reflect/GeneratedConstructorAccessor39'
Event: 382.355 Thread 0x00007f9c380a1c30 Unloading class 0x0000000800d06000 'java/lang/invoke/LambdaForm$MH+0x0000000800d06000'
Event: 382.355 Thread 0x00007f9c380a1c30 Unloading class 0x0000000800d06800 'java/lang/invoke/LambdaForm$MH+0x0000000800d06800'
Event: 382.355 Thread 0x00007f9c380a1c30 Unloading class 0x0000000800d99000 'java/lang/invoke/LambdaForm$MH+0x0000000800d99000'
Event: 382.355 Thread 0x00007f9c380a1c30 Unloading class 0x0000000800f1c800 'java/lang/invoke/LambdaForm$MH+0x0000000800f1c800'
Event: 382.355 Thread 0x00007f9c380a1c30 Unloading class 0x0000000800f1d800 'java/lang/invoke/LambdaForm$MH+0x0000000800f1d800'
Event: 382.355 Thread 0x00007f9c380a1c30 Unloading class 0x0000000800d04000 'java/lang/invoke/LambdaForm$MH+0x0000000800d04000'
Event: 1216.314 Thread 0x00007f9c380a1c30 Unloading class 0x0000000800d06000 'jdk/internal/reflect/GeneratedSerializationConstructorAccessor5'

Classes redefined (0 events):
No events

Internal exceptions (20 events):
Event: 57.222 Thread 0x00007f9bc0065ec0 Exception <a 'java/lang/NoSuchMethodError'{0x00000000f5595450}: 'java.lang.Object java.lang.invoke.DirectMethodHandle$Holder.newInvokeSpecial(java.lang.Object, java.lang.Object, java.lang.Object, long)'> (0x00000000f5595450) 
thrown [src/hotspot/share/interpreter/linkResolver.cpp, line 758]
Event: 57.222 Thread 0x00007f9bc0065ec0 Exception <a 'java/lang/NoSuchMethodError'{0x00000000f5599c90}: 'java.lang.Object java.lang.invoke.DirectMethodHandle$Holder.invokeSpecial(java.lang.Object, java.lang.Object, java.lang.Object, java.lang.Object, long)'> (0x00000000f5599c90) 
thrown [src/hotspot/share/interpreter/linkResolver.cpp, line 758]
Event: 57.223 Thread 0x00007f9bc0065ec0 Exception <a 'java/lang/NoSuchMethodError'{0x00000000f559dd18}: 'java.lang.Object java.lang.invoke.Invokers$Holder.linkToTargetMethod(java.lang.Object, java.lang.Object, long, java.lang.Object)'> (0x00000000f559dd18) 
thrown [src/hotspot/share/interpreter/linkResolver.cpp, line 758]
Event: 57.515 Thread 0x00007f9bc81dd9f0 Implicit null exception at 0x00007f9c2707ab33 to 0x00007f9c2707add7
Event: 58.725 Thread 0x00007f9bc81dd9f0 Exception <a 'java/lang/NoSuchMethodError'{0x00000000f641bb80}: 'void java.lang.invoke.DirectMethodHandle$Holder.invokeSpecial(java.lang.Object, java.lang.Object, int)'> (0x00000000f641bb80) 
thrown [src/hotspot/share/interpreter/linkResolver.cpp, line 758]
Event: 68.443 Thread 0x00007f9bcc485810 Implicit null exception at 0x00007f9c27183512 to 0x00007f9c271860f6
Event: 226.538 Thread 0x00007f9bc81c70b0 Exception <a 'java/lang/OutOfMemoryError'{0x00000000e000f860}> (0x00000000e000f860) 
thrown [src/hotspot/share/gc/shared/memAllocator.cpp, line 136]
Event: 229.235 Thread 0x00007f9bc81d6e80 Exception <a 'java/lang/OutOfMemoryError'{0x00000000e000fb30}> (0x00000000e000fb30) 
thrown [src/hotspot/share/gc/shared/memAllocator.cpp, line 136]
Event: 239.272 Thread 0x00007f9bc81c70b0 Exception <a 'java/lang/ClassNotFoundException'{0x00000000f67fe350}: sun/util/logging/resources/spi/loggingProvider> (0x00000000f67fe350) 
thrown [src/hotspot/share/classfile/systemDictionary.cpp, line 256]
Event: 1131.833 Thread 0x00007f9bc81da5f0 Exception <a 'java/lang/OutOfMemoryError'{0x00000000e000fb80}> (0x00000000e000fb80) 
thrown [src/hotspot/share/gc/shared/memAllocator.cpp, line 136]
Event: 1134.414 Thread 0x00007f9c38202800 Exception <a 'java/lang/OutOfMemoryError'{0x00000000e000fb80}> (0x00000000e000fb80) 
thrown [src/hotspot/share/gc/shared/memAllocator.cpp, line 136]
Event: 1142.910 Thread 0x00007f9bc81c70b0 Exception <a 'java/lang/OutOfMemoryError'{0x00000000e000f860}> (0x00000000e000f860) 
thrown [src/hotspot/share/gc/shared/memAllocator.cpp, line 138]
Event: 1142.910 Thread 0x00007f9bc81c70b0 Implicit null exception at 0x00007f9c27211914 to 0x00007f9c27211d96
Event: 1146.616 Thread 0x00007f9bc81c70b0 Exception <a 'java/lang/OutOfMemoryError'{0x00000000e000fb80}> (0x00000000e000fb80) 
thrown [src/hotspot/share/gc/shared/memAllocator.cpp, line 136]
Event: 1187.512 Thread 0x00007f9c38202800 Exception <a 'java/lang/OutOfMemoryError'{0x00000000e000fb80}> (0x00000000e000fb80) 
thrown [src/hotspot/share/gc/shared/memAllocator.cpp, line 136]
Event: 1199.838 Thread 0x00007f9bc81721e0 Exception <a 'java/lang/OutOfMemoryError'{0x00000000e000f860}> (0x00000000e000f860) 
thrown [src/hotspot/share/gc/shared/memAllocator.cpp, line 138]
Event: 1199.838 Thread 0x00007f9bc81721e0 Implicit null exception at 0x00007f9c2721a767 to 0x00007f9c2721aedc
Event: 1206.550 Thread 0x00007f9bc81c70b0 Exception <a 'java/lang/OutOfMemoryError'{0x00000000e000fb80}> (0x00000000e000fb80) 
thrown [src/hotspot/share/gc/shared/memAllocator.cpp, line 136]
Event: 1215.432 Thread 0x00007f9bc00010d0 Exception <a 'java/lang/OutOfMemoryError'{0x00000000e000fb80}> (0x00000000e000fb80) 
thrown [src/hotspot/share/gc/shared/memAllocator.cpp, line 136]
Event: 1260.421 Thread 0x00007f9c380b2240 Exception <a 'java/lang/OutOfMemoryError'{0x00000000e000fb80}> (0x00000000e000fb80) 
thrown [src/hotspot/share/gc/shared/memAllocator.cpp, line 136]

VM Operations (20 events):
Event: 1244.240 Executing VM operation: ParallelGCFailedAllocation
Event: 1245.630 Executing VM operation: ParallelGCFailedAllocation done
Event: 1245.630 Executing VM operation: ParallelGCFailedAllocation
Event: 1247.058 Executing VM operation: ParallelGCFailedAllocation done
Event: 1247.058 Executing VM operation: ParallelGCFailedAllocation
Event: 1248.371 Executing VM operation: ParallelGCFailedAllocation done
Event: 1248.371 Executing VM operation: ParallelGCFailedAllocation
Event: 1249.847 Executing VM operation: ParallelGCFailedAllocation done
Event: 1249.852 Executing VM operation: ParallelGCFailedAllocation
Event: 1251.124 Executing VM operation: ParallelGCFailedAllocation done
Event: 1251.124 Executing VM operation: ParallelGCFailedAllocation
Event: 1252.908 Executing VM operation: ParallelGCFailedAllocation done
Event: 1252.908 Executing VM operation: ParallelGCFailedAllocation
Event: 1254.513 Executing VM operation: ParallelGCFailedAllocation done
Event: 1254.513 Executing VM operation: ParallelGCFailedAllocation
Event: 1256.067 Executing VM operation: ParallelGCFailedAllocation done
Event: 1256.067 Executing VM operation: ParallelGCFailedAllocation
Event: 1257.491 Executing VM operation: ParallelGCFailedAllocation done
Event: 1257.491 Executing VM operation: ParallelGCFailedAllocation
Event: 1260.421 Executing VM operation: ParallelGCFailedAllocation done

Events (20 events):
Event: 542.511 Thread 0x00007f9bc81c70b0 Thread added: 0x00007f9bc81c70b0
Event: 542.511 Protecting memory [0x00007f9be5800000,0x00007f9be5804000] with protection modes 0
Event: 585.498 Thread 0x00007f9bc81d6e80 Thread exited: 0x00007f9bc81d6e80
Event: 592.213 Thread 0x00007f9bc81d6e80 Thread added: 0x00007f9bc81d6e80
Event: 592.213 Protecting memory [0x00007f9c1dd00000,0x00007f9c1dd04000] with protection modes 0
Event: 880.832 Thread 0x00007f9bc81c70b0 Thread exited: 0x00007f9bc81c70b0
Event: 929.847 Thread 0x00007f9bc81d6e80 Thread exited: 0x00007f9bc81d6e80
Event: 938.628 Thread 0x00007f9bc81d6e80 Thread added: 0x00007f9bc81d6e80
Event: 938.628 Protecting memory [0x00007f9c1dd00000,0x00007f9c1dd04000] with protection modes 0
Event: 1017.117 Thread 0x00007f9bc81c70b0 Thread added: 0x00007f9bc81c70b0
Event: 1017.117 Protecting memory [0x00007f9be5800000,0x00007f9be5804000] with protection modes 0
Event: 1037.152 Thread 0x00007f9bb4000ff0 Thread added: 0x00007f9bb4000ff0
Event: 1037.152 Protecting memory [0x00007f9be4f00000,0x00007f9be4f04000] with protection modes 0
Event: 1059.612 Thread 0x00007f9bb4000ff0 Thread exited: 0x00007f9bb4000ff0
Event: 1090.624 Thread 0x00007f9bc81da5f0 Thread added: 0x00007f9bc81da5f0
Event: 1090.624 Protecting memory [0x00007f9be4f00000,0x00007f9be4f04000] with protection modes 0
Event: 1207.918 Thread 0x00007f9bc81c70b0 Thread exited: 0x00007f9bc81c70b0
Event: 1224.833 loading class java/lang/AssertionError
Event: 1231.453 loading class java/lang/AssertionError done
Event: 1251.124 Thread 0x00007f9c38202800 Thread exited: 0x00007f9c38202800


Dynamic libraries:
e0000000-f5580000 rw-p 00000000 00:00 0 
f5580000-f7400000 rw-p 00000000 00:00 0 
f7400000-100000000 ---p 00000000 00:00 0 
800000000-800449000 rw-p 00001000 00:b34 9223372037562745673             /nix/store/gpxl5qgg8kicmcvivwmybwjlpf7wh20l-graalvm17-ce-22.3.0/lib/server/classes.jsa
800449000-800bc8000 r--p 0044a000 00:b34 9223372037562745673             /nix/store/gpxl5qgg8kicmcvivwmybwjlpf7wh20l-graalvm17-ce-22.3.0/lib/server/classes.jsa
800bc8000-800c00000 ---p 00000000 00:00 0 
800c00000-800c20000 rw-p 00000000 00:00 0 
800c20000-800c40000 rw-p 00000000 00:00 0 
800c40000-800cc0000 rw-p 00000000 00:00 0 
800cc0000-800d00000 rw-p 00000000 00:00 0 
800d00000-800dc0000 rw-p 00000000 00:00 0 
800dc0000-800e00000 rw-p 00000000 00:00 0 
800e00000-800f40000 rw-p 00000000 00:00 0 
800f40000-800f80000 rw-p 00000000 00:00 0 
800f80000-800fc0000 rw-p 00000000 00:00 0 
800fc0000-801000000 rw-p 00000000 00:00 0 
801000000-8011d0000 rw-p 00000000 00:00 0 
8011d0000-840c00000 ---p 00000000 00:00 0 
55e6c865c000-55e6c865d000 r-xp 00000000 00:b34 9223372037526805748       /nix/store/gpxl5qgg8kicmcvivwmybwjlpf7wh20l-graalvm17-ce-22.3.0/bin/.java-wrapped
55e6c865e000-55e6c865f000 r--p 00001000 00:b34 9223372037526805748       /nix/store/gpxl5qgg8kicmcvivwmybwjlpf7wh20l-graalvm17-ce-22.3.0/bin/.java-wrapped
55e6c865f000-55e6c8660000 rw-p 00002000 00:b34 9223372037526805748       /nix/store/gpxl5qgg8kicmcvivwmybwjlpf7wh20l-graalvm17-ce-22.3.0/bin/.java-wrapped
55e6c8660000-55e6c8661000 rw-p 00004000 00:b34 9223372037526805748       /nix/store/gpxl5qgg8kicmcvivwmybwjlpf7wh20l-graalvm17-ce-22.3.0/bin/.java-wrapped
55e6c8661000-55e6c8662000 rw-p 00005000 00:b34 9223372037526805748       /nix/store/gpxl5qgg8kicmcvivwmybwjlpf7wh20l-graalvm17-ce-22.3.0/bin/.java-wrapped
55e6ca3d5000-55e6ca41d000 rw-p 00000000 00:00 0                          [heap]
7f9b74000000-7f9b74021000 rw-p 00000000 00:00 0 
7f9b74021000-7f9b78000000 ---p 00000000 00:00 0 
7f9b7c000000-7f9b7c028000 rw-p 00000000 00:00 0 
7f9b7c028000-7f9b80000000 ---p 00000000 00:00 0 
7f9b80000000-7f9b8005e000 rw-p 00000000 00:00 0 
7f9b8005e000-7f9b84000000 ---p 00000000 00:00 0 
7f9b84000000-7f9b841a3000 rw-p 00000000 00:00 0 
7f9b841a3000-7f9b88000000 ---p 00000000 00:00 0 
7f9b8c000000-7f9b8c021000 rw-p 00000000 00:00 0 
7f9b8c021000-7f9b90000000 ---p 00000000 00:00 0 
7f9b91400000-7f9b917a0000 rw-p 00000000 00:00 0 
7f9b917a0000-7f9b91c00000 ---p 00000000 00:00 0 
7f9b91c00000-7f9b92400000 rw-p 00000000 00:00 0 
7f9b924b3000-7f9b9c000000 r--s 00000000 00:b34 9223372037562580485       /nix/store/gpxl5qgg8kicmcvivwmybwjlpf7wh20l-graalvm17-ce-22.3.0/lib/modules
7f9b9c000000-7f9b9c021000 rw-p 00000000 00:00 0 
7f9b9c021000-7f9ba0000000 ---p 00000000 00:00 0 
7f9ba0000000-7f9ba003d000 rw-p 00000000 00:00 0 
7f9ba003d000-7f9ba4000000 ---p 00000000 00:00 0 
7f9ba4000000-7f9ba4021000 rw-p 00000000 00:00 0 
7f9ba4021000-7f9ba8000000 ---p 00000000 00:00 0 
7f9ba8000000-7f9ba8125000 rw-p 00000000 00:00 0 
7f9ba8125000-7f9bac000000 ---p 00000000 00:00 0 
7f9bac000000-7f9bac021000 rw-p 00000000 00:00 0 
7f9bac021000-7f9bb0000000 ---p 00000000 00:00 0 
7f9bb0000000-7f9bb0104000 rw-p 00000000 00:00 0 
7f9bb0104000-7f9bb4000000 ---p 00000000 00:00 0 
7f9bb4000000-7f9bb430f000 rw-p 00000000 00:00 0 
7f9bb430f000-7f9bb8000000 ---p 00000000 00:00 0 
7f9bb8000000-7f9bb805b000 rw-p 00000000 00:00 0 
7f9bb805b000-7f9bbc000000 ---p 00000000 00:00 0 
7f9bbc000000-7f9bbc021000 rw-p 00000000 00:00 0 
7f9bbc021000-7f9bc0000000 ---p 00000000 00:00 0 
7f9bc0000000-7f9bc008c000 rw-p 00000000 00:00 0 
7f9bc008c000-7f9bc4000000 ---p 00000000 00:00 0 
7f9bc4000000-7f9bc4021000 rw-p 00000000 00:00 0 
7f9bc4021000-7f9bc8000000 ---p 00000000 00:00 0 
7f9bc8000000-7f9bc81e9000 rw-p 00000000 00:00 0 
7f9bc81e9000-7f9bcc000000 ---p 00000000 00:00 0 
7f9bcc000000-7f9bcc8c3000 rw-p 00000000 00:00 0 
7f9bcc8c3000-7f9bd0000000 ---p 00000000 00:00 0 
7f9bd0000000-7f9bd0026000 rw-p 00000000 00:00 0 
7f9bd0026000-7f9bd4000000 ---p 00000000 00:00 0 
7f9bd4000000-7f9bd4021000 rw-p 00000000 00:00 0 
7f9bd4021000-7f9bd8000000 ---p 00000000 00:00 0 
7f9bd8000000-7f9bd8021000 rw-p 00000000 00:00 0 
7f9bd8021000-7f9bdc000000 ---p 00000000 00:00 0 
7f9bdc000000-7f9bdc021000 rw-p 00000000 00:00 0 
7f9bdc021000-7f9be0000000 ---p 00000000 00:00 0 
7f9be0000000-7f9be0500000 rw-p 00000000 00:00 0 
7f9be0500000-7f9be05f0000 rw-p 00000000 00:00 0 
7f9be05f0000-7f9be0600000 ---p 00000000 00:00 0 
7f9be0600000-7f9be0760000 rw-p 00000000 00:00 0 
7f9be0760000-7f9be0800000 rw-p 00000000 00:00 0 
7f9be0800000-7f9be0900000 rw-p 00000000 00:00 0 
7f9be0900000-7f9be0ac0000 rw-p 00000000 00:00 0 
7f9be0ac0000-7f9be0b00000 rw-p 00000000 00:00 0 
7f9be0b00000-7f9be0cc0000 rw-p 00000000 00:00 0 
7f9be0cc0000-7f9be0d00000 rw-p 00000000 00:00 0 
7f9be0d00000-7f9be0f00000 rw-p 00000000 00:00 0 
7f9be0f00000-7f9be1000000 rw-p 00000000 00:00 0 
7f9be1000000-7f9be1100000 rw-p 00000000 00:00 0 
7f9be1100000-7f9be1200000 rw-p 00000000 00:00 0 
7f9be1200000-7f9be1800000 rw-p 00000000 00:00 0 
7f9be1800000-7f9be1900000 rw-p 00000000 00:00 0 
7f9be1900000-7f9be1a00000 rw-p 00000000 00:00 0 
7f9be1a00000-7f9be1f40000 rw-p 00000000 00:00 0 
7f9be1f40000-7f9be1f80000 rw-p 00000000 00:00 0 
7f9be1f80000-7f9be2000000 rw-p 00000000 00:00 0 
7f9be2c00000-7f9be2c10000 r-xp 00000000 00:b1a 355                       /home/runner/.cache/jdt-language-server/config/org.eclipse.equinox.launcher/org.eclipse.equinox.launcher.gtk.linux.x86_64_1.2.400.v20211117-0650/eclipse_11600.so
7f9be2c10000-7f9be2e0f000 ---p 00010000 00:b1a 355                       /home/runner/.cache/jdt-language-server/config/org.eclipse.equinox.launcher/org.eclipse.equinox.launcher.gtk.linux.x86_64_1.2.400.v20211117-0650/eclipse_11600.so
7f9be2e0f000-7f9be2e10000 r--p 0000f000 00:b1a 355                       /home/runner/.cache/jdt-language-server/config/org.eclipse.equinox.launcher/org.eclipse.equinox.launcher.gtk.linux.x86_64_1.2.400.v20211117-0650/eclipse_11600.so
7f9be2e10000-7f9be2e11000 rw-p 00010000 00:b1a 355                       /home/runner/.cache/jdt-language-server/config/org.eclipse.equinox.launcher/org.eclipse.equinox.launcher.gtk.linux.x86_64_1.2.400.v20211117-0650/eclipse_11600.so
7f9be3700000-7f9be3800000 ---p 00000000 00:00 0 
7f9be3800000-7f9be3daf000 r--p 01122000 00:b34 9223372037562577944       /nix/store/gpxl5qgg8kicmcvivwmybwjlpf7wh20l-graalvm17-ce-22.3.0/lib/libjvmcicompiler.so
7f9be3daf000-7f9be3f00000 r--p 00000000 00:00 0 
7f9be3f00000-7f9be3f3d000 rw-p 00000000 00:00 0 
7f9be3f3d000-7f9be445d000 rw-p 0185f000 00:b34 9223372037562577944       /nix/store/gpxl5qgg8kicmcvivwmybwjlpf7wh20l-graalvm17-ce-22.3.0/lib/libjvmcicompiler.so
7f9be445d000-7f9be4844000 r--p 01d7f000 00:b34 9223372037562577944       /nix/store/gpxl5qgg8kicmcvivwmybwjlpf7wh20l-graalvm17-ce-22.3.0/lib/libjvmcicompiler.so
7f9be4900000-7f9be4904000 ---p 00000000 00:00 0 
7f9be4904000-7f9be4a00000 rw-p 00000000 00:00 0 
7f9be4b00000-7f9be4b04000 ---p 00000000 00:00 0 
7f9be4b04000-7f9be4c00000 rw-p 00000000 00:00 0 
7f9be4d00000-7f9be4d04000 ---p 00000000 00:00 0 
7f9be4d04000-7f9be4e00000 rw-p 00000000 00:00 0 
7f9be4f00000-7f9be4f04000 ---p 00000000 00:00 0 
7f9be4f04000-7f9be5000000 rw-p 00000000 00:00 0 
7f9be5100000-7f9be5104000 ---p 00000000 00:00 0 
7f9be5104000-7f9be5200000 rw-p 00000000 00:00 0 
7f9be5300000-7f9be5304000 ---p 00000000 00:00 0 
7f9be5304000-7f9be5400000 rw-p 00000000 00:00 0 
7f9be5500000-7f9be5504000 ---p 00000000 00:00 0 
7f9be5504000-7f9be5600000 rw-p 00000000 00:00 0 
7f9be5700000-7f9be5704000 ---p 00000000 00:00 0 
7f9be5704000-7f9be5800000 rw-p 00000000 00:00 0 
7f9be5800000-7f9be5804000 ---p 00000000 00:00 0 
7f9be5804000-7f9be5900000 rw-p 00000000 00:00 0 
7f9be5900000-7f9be5904000 ---p 00000000 00:00 0 
7f9be5904000-7f9be5a00000 rw-p 00000000 00:00 0 
7f9be5b00000-7f9be5b04000 ---p 00000000 00:00 0 
7f9be5b04000-7f9be5c00000 rw-p 00000000 00:00 0 
7f9be5c00000-7f9be7d6a000 r-xp 00000000 00:b34 9223372037562577944       /nix/store/gpxl5qgg8kicmcvivwmybwjlpf7wh20l-graalvm17-ce-22.3.0/lib/libjvmcicompiler.so
7f9be7d6a000-7f9be7f69000 ---p 0216a000 00:b34 9223372037562577944       /nix/store/gpxl5qgg8kicmcvivwmybwjlpf7wh20l-graalvm17-ce-22.3.0/lib/libjvmcicompiler.so
7f9be7f69000-7f9be7f6a000 r--p 02169000 00:b34 9223372037562577944       /nix/store/gpxl5qgg8kicmcvivwmybwjlpf7wh20l-graalvm17-ce-22.3.0/lib/libjvmcicompiler.so
7f9be7f6a000-7f9be7f6c000 rw-p 0216a000 00:b34 9223372037562577944       /nix/store/gpxl5qgg8kicmcvivwmybwjlpf7wh20l-graalvm17-ce-22.3.0/lib/libjvmcicompiler.so
7f9be7f6c000-7f9be7f6d000 rw-p 00000000 00:00 0 
7f9be7f6d000-7f9be7f72000 rw-p 023c3000 00:b34 9223372037562577944       /nix/store/gpxl5qgg8kicmcvivwmybwjlpf7wh20l-graalvm17-ce-22.3.0/lib/libjvmcicompiler.so
7f9be8000000-7f9be8021000 rw-p 00000000 00:00 0 
7f9be8021000-7f9bec000000 ---p 00000000 00:00 0 
7f9bec000000-7f9bec021000 rw-p 00000000 00:00 0 
7f9bec021000-7f9bf0000000 ---p 00000000 00:00 0 
7f9bf0000000-7f9bf0021000 rw-p 00000000 00:00 0 
7f9bf0021000-7f9bf4000000 ---p 00000000 00:00 0 
7f9bf4000000-7f9bf4021000 rw-p 00000000 00:00 0 
7f9bf4021000-7f9bf8000000 ---p 00000000 00:00 0 
7f9bf8000000-7f9bf80f0000 rw-p 00000000 00:00 0 
7f9bf80f0000-7f9bfc000000 ---p 00000000 00:00 0 
7f9bfc000000-7f9bfcb68000 rw-p 00000000 00:00 0 
7f9bfcb68000-7f9c00000000 ---p 00000000 00:00 0 
7f9c00000000-7f9c00021000 rw-p 00000000 00:00 0 
7f9c00021000-7f9c04000000 ---p 00000000 00:00 0 
7f9c04000000-7f9c04021000 rw-p 00000000 00:00 0 
7f9c04021000-7f9c08000000 ---p 00000000 00:00 0 
7f9c08000000-7f9c08021000 rw-p 00000000 00:00 0 
7f9c08021000-7f9c0c000000 ---p 00000000 00:00 0 
7f9c0c000000-7f9c0c021000 rw-p 00000000 00:00 0 
7f9c0c021000-7f9c10000000 ---p 00000000 00:00 0 
7f9c10000000-7f9c1002e000 rw-p 00000000 00:00 0 
7f9c1002e000-7f9c14000000 ---p 00000000 00:00 0 
7f9c14000000-7f9c14021000 rw-p 00000000 00:00 0 
7f9c14021000-7f9c18000000 ---p 00000000 00:00 0 
7f9c18000000-7f9c1806a000 rw-p 00000000 00:00 0 
7f9c1806a000-7f9c1c000000 ---p 00000000 00:00 0 
7f9c1c000000-7f9c1c004000 ---p 00000000 00:00 0 
7f9c1c004000-7f9c1c100000 rw-p 00000000 00:00 0 
7f9c1c200000-7f9c1c204000 ---p 00000000 00:00 0 
7f9c1c204000-7f9c1c300000 rw-p 00000000 00:00 0 
7f9c1c400000-7f9c1c404000 ---p 00000000 00:00 0 
7f9c1c404000-7f9c1c500000 rw-p 00000000 00:00 0 
7f9c1c500000-7f9c1c504000 ---p 00000000 00:00 0 
7f9c1c504000-7f9c1c600000 rw-p 00000000 00:00 0 
7f9c1c600000-7f9c1c604000 ---p 00000000 00:00 0 
7f9c1c604000-7f9c1c700000 rw-p 00000000 00:00 0 
7f9c1c800000-7f9c1c804000 ---p 00000000 00:00 0 
7f9c1c804000-7f9c1c900000 rw-p 00000000 00:00 0 
7f9c1ca00000-7f9c1ca04000 ---p 00000000 00:00 0 
7f9c1ca04000-7f9c1cb00000 rw-p 00000000 00:00 0 
7f9c1cb00000-7f9c1cb04000 ---p 00000000 00:00 0 
7f9c1cb04000-7f9c1cc00000 rw-p 00000000 00:00 0 
7f9c1cc00000-7f9c1cc04000 ---p 00000000 00:00 0 
7f9c1cc04000-7f9c1cd00000 rw-p 00000000 00:00 0 
7f9c1d668000-7f9c1db00000 rw-p 00000000 00:00 0 
7f9c1dc00000-7f9c1dc04000 ---p 00000000 00:00 0 
7f9c1dc04000-7f9c1dd00000 rw-p 00000000 00:00 0 
7f9c1dd00000-7f9c1dd04000 ---p 00000000 00:00 0 
7f9c1dd04000-7f9c1de00000 rw-p 00000000 00:00 0 
7f9c1df18000-7f9c1df19000 ---p 00000000 00:00 0 
7f9c1df19000-7f9c1e01a000 rw-p 00000000 00:00 0 
7f9c1e01a000-7f9c1e01e000 ---p 00000000 00:00 0 
7f9c1e01e000-7f9c1e11a000 rw-p 00000000 00:00 0 
7f9c1e11a000-7f9c1e11e000 ---p 00000000 00:00 0 
7f9c1e11e000-7f9c1e21a000 rw-p 00000000 00:00 0 
7f9c1e21a000-7f9c1e21e000 ---p 00000000 00:00 0 
7f9c1e21e000-7f9c1e31a000 rw-p 00000000 00:00 0 
7f9c1e31a000-7f9c1e31e000 ---p 00000000 00:00 0 
7f9c1e31e000-7f9c1e51a000 rw-p 00000000 00:00 0 
7f9c1e51a000-7f9c1e51e000 ---p 00000000 00:00 0 
7f9c1e51e000-7f9c1e71a000 rw-p 00000000 00:00 0 
7f9c1e71a000-7f9c1e71e000 ---p 00000000 00:00 0 
7f9c1e71e000-7f9c1e81a000 rw-p 00000000 00:00 0 
7f9c1e81a000-7f9c1e81e000 ---p 00000000 00:00 0 
7f9c1e81e000-7f9c1e91a000 rw-p 00000000 00:00 0 
7f9c1e91a000-7f9c1ec00000 r--p 00000000 00:13f6 28444448                 /usr/lib/locale/locale-archive
7f9c1ec00000-7f9c1f000000 rw-p 00000000 00:00 0 
7f9c1f000000-7f9c1f1e0000 rw-p 00000000 00:00 0 
7f9c1f1e0000-7f9c1f200000 rw-p 00000000 00:00 0 
7f9c1f200000-7f9c1f300000 rw-p 00000000 00:00 0 
7f9c1f300000-7f9c1f400000 rw-p 00000000 00:00 0 
7f9c1f4b3000-7f9c1f723000 rwxp 00000000 00:00 0 
7f9c1f723000-7f9c1fa42000 ---p 00000000 00:00 0 
7f9c1fa42000-7f9c20ac2000 rwxp 00000000 00:00 0 
7f9c20ac2000-7f9c26f7a000 ---p 00000000 00:00 0 
7f9c26f7a000-7f9c2722a000 rwxp 00000000 00:00 0 
7f9c2722a000-7f9c2e4b3000 ---p 00000000 00:00 0 
7f9c2e4b3000-7f9c38000000 r--s 00000000 00:b34 9223372037562580485       /nix/store/gpxl5qgg8kicmcvivwmybwjlpf7wh20l-graalvm17-ce-22.3.0/lib/modules
7f9c38000000-7f9c3862b000 rw-p 00000000 00:00 0 
7f9c3862b000-7f9c3c000000 ---p 00000000 00:00 0 
7f9c3c044000-7f9c3c046000 r-xp 00000000 00:b34 9223372037562577921       /nix/store/gpxl5qgg8kicmcvivwmybwjlpf7wh20l-graalvm17-ce-22.3.0/lib/libextnet.so
7f9c3c046000-7f9c3c047000 r--p 00001000 00:b34 9223372037562577921       /nix/store/gpxl5qgg8kicmcvivwmybwjlpf7wh20l-graalvm17-ce-22.3.0/lib/libextnet.so
7f9c3c047000-7f9c3c048000 rw-p 00002000 00:b34 9223372037562577921       /nix/store/gpxl5qgg8kicmcvivwmybwjlpf7wh20l-graalvm17-ce-22.3.0/lib/libextnet.so
7f9c3c048000-7f9c3c049000 rw-p 00004000 00:b34 9223372037562577921       /nix/store/gpxl5qgg8kicmcvivwmybwjlpf7wh20l-graalvm17-ce-22.3.0/lib/libextnet.so
7f9c3c049000-7f9c3c04d000 ---p 00000000 00:00 0 
7f9c3c04d000-7f9c3c06b000 rw-p 00000000 00:00 0 
7f9c3c06b000-7f9c3c072000 r-xp 00000000 00:b34 9223372037562580484       /nix/store/gpxl5qgg8kicmcvivwmybwjlpf7wh20l-graalvm17-ce-22.3.0/lib/libzip.so
7f9c3c072000-7f9c3c073000 ---p 00007000 00:b34 9223372037562580484       /nix/store/gpxl5qgg8kicmcvivwmybwjlpf7wh20l-graalvm17-ce-22.3.0/lib/libzip.so
7f9c3c073000-7f9c3c074000 r--p 00007000 00:b34 9223372037562580484       /nix/store/gpxl5qgg8kicmcvivwmybwjlpf7wh20l-graalvm17-ce-22.3.0/lib/libzip.so
7f9c3c074000-7f9c3c075000 rw-p 00008000 00:b34 9223372037562580484       /nix/store/gpxl5qgg8kicmcvivwmybwjlpf7wh20l-graalvm17-ce-22.3.0/lib/libzip.so
7f9c3c075000-7f9c3c077000 rw-p 0000b000 00:b34 9223372037562580484       /nix/store/gpxl5qgg8kicmcvivwmybwjlpf7wh20l-graalvm17-ce-22.3.0/lib/libzip.so
7f9c3c077000-7f9c3c08c000 r-xp 00000000 00:b34 9223372037562580474       /nix/store/gpxl5qgg8kicmcvivwmybwjlpf7wh20l-graalvm17-ce-22.3.0/lib/libnet.so
7f9c3c08c000-7f9c3c08d000 ---p 00015000 00:b34 9223372037562580474       /nix/store/gpxl5qgg8kicmcvivwmybwjlpf7wh20l-graalvm17-ce-22.3.0/lib/libnet.so
7f9c3c08d000-7f9c3c08e000 r--p 00015000 00:b34 9223372037562580474       /nix/store/gpxl5qgg8kicmcvivwmybwjlpf7wh20l-graalvm17-ce-22.3.0/lib/libnet.so
7f9c3c08e000-7f9c3c08f000 rw-p 00016000 00:b34 9223372037562580474       /nix/store/gpxl5qgg8kicmcvivwmybwjlpf7wh20l-graalvm17-ce-22.3.0/lib/libnet.so
7f9c3c08f000-7f9c3c092000 rw-p 0001b000 00:b34 9223372037562580474       /nix/store/gpxl5qgg8kicmcvivwmybwjlpf7wh20l-graalvm17-ce-22.3.0/lib/libnet.so
7f9c3c092000-7f9c3c0a5000 r-xp 00000000 00:b34 9223372037562580475       /nix/store/gpxl5qgg8kicmcvivwmybwjlpf7wh20l-graalvm17-ce-22.3.0/lib/libnio.so
7f9c3c0a5000-7f9c3c0a6000 r--p 00012000 00:b34 9223372037562580475       /nix/store/gpxl5qgg8kicmcvivwmybwjlpf7wh20l-graalvm17-ce-22.3.0/lib/libnio.so
7f9c3c0a6000-7f9c3c0a7000 rw-p 00013000 00:b34 9223372037562580475       /nix/store/gpxl5qgg8kicmcvivwmybwjlpf7wh20l-graalvm17-ce-22.3.0/lib/libnio.so
7f9c3c0a7000-7f9c3c0ac000 rw-p 00019000 00:b34 9223372037562580475       /nix/store/gpxl5qgg8kicmcvivwmybwjlpf7wh20l-graalvm17-ce-22.3.0/lib/libnio.so
7f9c3c0ac000-7f9c3c0b0000 ---p 00000000 00:00 0 
7f9c3c0b0000-7f9c3c1ac000 rw-p 00000000 00:00 0 
7f9c3c1ac000-7f9c3c1b0000 ---p 00000000 00:00 0 
7f9c3c1b0000-7f9c3c2ac000 rw-p 00000000 00:00 0 
7f9c3c2ac000-7f9c3c2b0000 ---p 00000000 00:00 0 
7f9c3c2b0000-7f9c3c3ac000 rw-p 00000000 00:00 0 
7f9c3c3ac000-7f9c3c3ad000 ---p 00000000 00:00 0 
7f9c3c3ad000-7f9c3c4ae000 rw-p 00000000 00:00 0 
7f9c3c4ae000-7f9c3c57c000 r-xp 00000000 00:b34 9223372037562577940       /nix/store/gpxl5qgg8kicmcvivwmybwjlpf7wh20l-graalvm17-ce-22.3.0/lib/libjsvml.so
7f9c3c57c000-7f9c3c57d000 r--p 000cd000 00:b34 9223372037562577940       /nix/store/gpxl5qgg8kicmcvivwmybwjlpf7wh20l-graalvm17-ce-22.3.0/lib/libjsvml.so
7f9c3c57d000-7f9c3c57e000 rw-p 000ce000 00:b34 9223372037562577940       /nix/store/gpxl5qgg8kicmcvivwmybwjlpf7wh20l-graalvm17-ce-22.3.0/lib/libjsvml.so
7f9c3c57e000-7f9c3de56000 rw-p 00000000 00:00 0 
7f9c3de56000-7f9c3de57000 ---p 00000000 00:00 0 
7f9c3de57000-7f9c3e002000 rw-p 00000000 00:00 0 
7f9c3e002000-7f9c3e012000 rw-p 00000000 00:00 0 
7f9c3e012000-7f9c3e058000 ---p 00000000 00:00 0 
7f9c3e058000-7f9c3e05f000 rw-p 00000000 00:00 0 
7f9c3e05f000-7f9c3e144000 ---p 00000000 00:00 0 
7f9c3e144000-7f9c3e165000 rw-p 00000000 00:00 0 
7f9c3e165000-7f9c3e22f000 ---p 00000000 00:00 0 
7f9c3e22f000-7f9c3e234000 rw-p 00000000 00:00 0 
7f9c3e234000-7f9c3e23b000 ---p 00000000 00:00 0 
7f9c3e23b000-7f9c3e25f000 r-xp 00000000 00:b34 9223372037562577932       /nix/store/gpxl5qgg8kicmcvivwmybwjlpf7wh20l-graalvm17-ce-22.3.0/lib/libjava.so
7f9c3e25f000-7f9c3e260000 ---p 00024000 00:b34 9223372037562577932       /nix/store/gpxl5qgg8kicmcvivwmybwjlpf7wh20l-graalvm17-ce-22.3.0/lib/libjava.so
7f9c3e260000-7f9c3e261000 r--p 00024000 00:b34 9223372037562577932       /nix/store/gpxl5qgg8kicmcvivwmybwjlpf7wh20l-graalvm17-ce-22.3.0/lib/libjava.so
7f9c3e261000-7f9c3e262000 rw-p 00025000 00:b34 9223372037562577932       /nix/store/gpxl5qgg8kicmcvivwmybwjlpf7wh20l-graalvm17-ce-22.3.0/lib/libjava.so
7f9c3e262000-7f9c3e263000 rw-p 00000000 00:00 0 
7f9c3e263000-7f9c3e26a000 rw-p 0002f000 00:b34 9223372037562577932       /nix/store/gpxl5qgg8kicmcvivwmybwjlpf7wh20l-graalvm17-ce-22.3.0/lib/libjava.so
7f9c3e26a000-7f9c3e272000 rw-s 00000000 00:12e 352                       /tmp/hsperfdata_runner/30
7f9c3e272000-7f9c3e273000 ---p 00000000 00:00 0 
7f9c3e273000-7f9c3e274000 r--p 00000000 00:00 0 
7f9c3e274000-7f9c3e275000 rwxp 00000000 00:00 0 
7f9c3e275000-7f9c3e290000 r-xp 00000000 00:b34 9223372037562577936       /nix/store/gpxl5qgg8kicmcvivwmybwjlpf7wh20l-graalvm17-ce-22.3.0/lib/libjimage.so
7f9c3e290000-7f9c3e291000 ---p 0001b000 00:b34 9223372037562577936       /nix/store/gpxl5qgg8kicmcvivwmybwjlpf7wh20l-graalvm17-ce-22.3.0/lib/libjimage.so
7f9c3e291000-7f9c3e293000 r--p 0001b000 00:b34 9223372037562577936       /nix/store/gpxl5qgg8kicmcvivwmybwjlpf7wh20l-graalvm17-ce-22.3.0/lib/libjimage.so
7f9c3e293000-7f9c3e294000 rw-p 0001d000 00:b34 9223372037562577936       /nix/store/gpxl5qgg8kicmcvivwmybwjlpf7wh20l-graalvm17-ce-22.3.0/lib/libjimage.so
7f9c3e294000-7f9c3e295000 rw-p 00024000 00:b34 9223372037562577936       /nix/store/gpxl5qgg8kicmcvivwmybwjlpf7wh20l-graalvm17-ce-22.3.0/lib/libjimage.so
7f9c3e295000-7f9c3e299000 ---p 00000000 00:00 0 
7f9c3e299000-7f9c3e395000 rw-p 00000000 00:00 0 
7f9c3e395000-7f9c3e3a3000 r--p 00000000 00:b34 9223372037455367831       /nix/store/4nlgxhb09sdr51nc9hdm8az5b08vzkgx-glibc-2.35-163/lib/libm.so.6
7f9c3e3a3000-7f9c3e416000 r-xp 0000e000 00:b34 9223372037455367831       /nix/store/4nlgxhb09sdr51nc9hdm8az5b08vzkgx-glibc-2.35-163/lib/libm.so.6
7f9c3e416000-7f9c3e473000 r--p 00081000 00:b34 9223372037455367831       /nix/store/4nlgxhb09sdr51nc9hdm8az5b08vzkgx-glibc-2.35-163/lib/libm.so.6
7f9c3e473000-7f9c3e474000 r--p 000dd000 00:b34 9223372037455367831       /nix/store/4nlgxhb09sdr51nc9hdm8az5b08vzkgx-glibc-2.35-163/lib/libm.so.6
7f9c3e474000-7f9c3e475000 rw-p 000de000 00:b34 9223372037455367831       /nix/store/4nlgxhb09sdr51nc9hdm8az5b08vzkgx-glibc-2.35-163/lib/libm.so.6
7f9c3e475000-7f9c3e476000 r--p 00000000 00:b34 9223372037455367850       /nix/store/4nlgxhb09sdr51nc9hdm8az5b08vzkgx-glibc-2.35-163/lib/librt.so.1
7f9c3e476000-7f9c3e477000 r-xp 00001000 00:b34 9223372037455367850       /nix/store/4nlgxhb09sdr51nc9hdm8az5b08vzkgx-glibc-2.35-163/lib/librt.so.1
7f9c3e477000-7f9c3e478000 r--p 00002000 00:b34 9223372037455367850       /nix/store/4nlgxhb09sdr51nc9hdm8az5b08vzkgx-glibc-2.35-163/lib/librt.so.1
7f9c3e478000-7f9c3e479000 r--p 00002000 00:b34 9223372037455367850       /nix/store/4nlgxhb09sdr51nc9hdm8az5b08vzkgx-glibc-2.35-163/lib/librt.so.1
7f9c3e479000-7f9c3e47a000 rw-p 00003000 00:b34 9223372037455367850       /nix/store/4nlgxhb09sdr51nc9hdm8az5b08vzkgx-glibc-2.35-163/lib/librt.so.1
7f9c3e47a000-7f9c3f58d000 r-xp 00000000 00:b34 9223372037562748770       /nix/store/gpxl5qgg8kicmcvivwmybwjlpf7wh20l-graalvm17-ce-22.3.0/lib/server/libjvm.so
7f9c3f58d000-7f9c3f58e000 ---p 01113000 00:b34 9223372037562748770       /nix/store/gpxl5qgg8kicmcvivwmybwjlpf7wh20l-graalvm17-ce-22.3.0/lib/server/libjvm.so
7f9c3f58e000-7f9c3f643000 r--p 01113000 00:b34 9223372037562748770       /nix/store/gpxl5qgg8kicmcvivwmybwjlpf7wh20l-graalvm17-ce-22.3.0/lib/server/libjvm.so
7f9c3f643000-7f9c3f677000 rw-p 011c8000 00:b34 9223372037562748770       /nix/store/gpxl5qgg8kicmcvivwmybwjlpf7wh20l-graalvm17-ce-22.3.0/lib/server/libjvm.so
7f9c3f677000-7f9c3f6d3000 rw-p 00000000 00:00 0 
7f9c3f6d3000-7f9c3f6fb000 r--p 00000000 00:b34 9223372037455367822       /nix/store/4nlgxhb09sdr51nc9hdm8az5b08vzkgx-glibc-2.35-163/lib/libc.so.6
7f9c3f6fb000-7f9c3f871000 r-xp 00028000 00:b34 9223372037455367822       /nix/store/4nlgxhb09sdr51nc9hdm8az5b08vzkgx-glibc-2.35-163/lib/libc.so.6
7f9c3f871000-7f9c3f8c9000 r--p 0019e000 00:b34 9223372037455367822       /nix/store/4nlgxhb09sdr51nc9hdm8az5b08vzkgx-glibc-2.35-163/lib/libc.so.6
7f9c3f8c9000-7f9c3f8cd000 r--p 001f6000 00:b34 9223372037455367822       /nix/store/4nlgxhb09sdr51nc9hdm8az5b08vzkgx-glibc-2.35-163/lib/libc.so.6
7f9c3f8cd000-7f9c3f8cf000 rw-p 001fa000 00:b34 9223372037455367822       /nix/store/4nlgxhb09sdr51nc9hdm8az5b08vzkgx-glibc-2.35-163/lib/libc.so.6
7f9c3f8cf000-7f9c3f8de000 rw-p 00000000 00:00 0 
7f9c3f8de000-7f9c3f8df000 r--p 00000000 00:b34 9223372037455367827       /nix/store/4nlgxhb09sdr51nc9hdm8az5b08vzkgx-glibc-2.35-163/lib/libdl.so.2
7f9c3f8df000-7f9c3f8e0000 r-xp 00001000 00:b34 9223372037455367827       /nix/store/4nlgxhb09sdr51nc9hdm8az5b08vzkgx-glibc-2.35-163/lib/libdl.so.2
7f9c3f8e0000-7f9c3f8e1000 r--p 00002000 00:b34 9223372037455367827       /nix/store/4nlgxhb09sdr51nc9hdm8az5b08vzkgx-glibc-2.35-163/lib/libdl.so.2
7f9c3f8e1000-7f9c3f8e2000 r--p 00002000 00:b34 9223372037455367827       /nix/store/4nlgxhb09sdr51nc9hdm8az5b08vzkgx-glibc-2.35-163/lib/libdl.so.2
7f9c3f8e2000-7f9c3f8e3000 rw-p 00003000 00:b34 9223372037455367827       /nix/store/4nlgxhb09sdr51nc9hdm8az5b08vzkgx-glibc-2.35-163/lib/libdl.so.2
7f9c3f8e3000-7f9c3f8e4000 r--p 00000000 00:b34 9223372037455367846       /nix/store/4nlgxhb09sdr51nc9hdm8az5b08vzkgx-glibc-2.35-163/lib/libpthread.so.0
7f9c3f8e4000-7f9c3f8e5000 r-xp 00001000 00:b34 9223372037455367846       /nix/store/4nlgxhb09sdr51nc9hdm8az5b08vzkgx-glibc-2.35-163/lib/libpthread.so.0
7f9c3f8e5000-7f9c3f8e6000 r--p 00002000 00:b34 9223372037455367846       /nix/store/4nlgxhb09sdr51nc9hdm8az5b08vzkgx-glibc-2.35-163/lib/libpthread.so.0
7f9c3f8e6000-7f9c3f8e7000 r--p 00002000 00:b34 9223372037455367846       /nix/store/4nlgxhb09sdr51nc9hdm8az5b08vzkgx-glibc-2.35-163/lib/libpthread.so.0
7f9c3f8e7000-7f9c3f8e8000 rw-p 00003000 00:b34 9223372037455367846       /nix/store/4nlgxhb09sdr51nc9hdm8az5b08vzkgx-glibc-2.35-163/lib/libpthread.so.0
7f9c3f8e8000-7f9c3f8f6000 r-xp 00000000 00:b34 9223372037562577937       /nix/store/gpxl5qgg8kicmcvivwmybwjlpf7wh20l-graalvm17-ce-22.3.0/lib/libjli.so
7f9c3f8f6000-7f9c3f8f7000 ---p 0000e000 00:b34 9223372037562577937       /nix/store/gpxl5qgg8kicmcvivwmybwjlpf7wh20l-graalvm17-ce-22.3.0/lib/libjli.so
7f9c3f8f7000-7f9c3f8f8000 r--p 0000e000 00:b34 9223372037562577937       /nix/store/gpxl5qgg8kicmcvivwmybwjlpf7wh20l-graalvm17-ce-22.3.0/lib/libjli.so
7f9c3f8f8000-7f9c3f8f9000 rw-p 0000f000 00:b34 9223372037562577937       /nix/store/gpxl5qgg8kicmcvivwmybwjlpf7wh20l-graalvm17-ce-22.3.0/lib/libjli.so
7f9c3f8f9000-7f9c3f8fa000 rw-p 00012000 00:b34 9223372037562577937       /nix/store/gpxl5qgg8kicmcvivwmybwjlpf7wh20l-graalvm17-ce-22.3.0/lib/libjli.so
7f9c3f8fa000-7f9c3f8fd000 r--p 00000000 00:b34 9223372037533597975       /nix/store/026hln0aq1hyshaxsdvhg0kmcm6yf45r-zlib-1.2.13/lib/libz.so.1.2.13
7f9c3f8fd000-7f9c3f90f000 r-xp 00003000 00:b34 9223372037533597975       /nix/store/026hln0aq1hyshaxsdvhg0kmcm6yf45r-zlib-1.2.13/lib/libz.so.1.2.13
7f9c3f90f000-7f9c3f916000 r--p 00015000 00:b34 9223372037533597975       /nix/store/026hln0aq1hyshaxsdvhg0kmcm6yf45r-zlib-1.2.13/lib/libz.so.1.2.13
7f9c3f916000-7f9c3f917000 r--p 0001b000 00:b34 9223372037533597975       /nix/store/026hln0aq1hyshaxsdvhg0kmcm6yf45r-zlib-1.2.13/lib/libz.so.1.2.13
7f9c3f917000-7f9c3f918000 rw-p 0001c000 00:b34 9223372037533597975       /nix/store/026hln0aq1hyshaxsdvhg0kmcm6yf45r-zlib-1.2.13/lib/libz.so.1.2.13
7f9c3f918000-7f9c3f91a000 rw-p 00000000 00:00 0 
7f9c3f91a000-7f9c3f91c000 r--p 00000000 00:b34 9223372037455367816       /nix/store/4nlgxhb09sdr51nc9hdm8az5b08vzkgx-glibc-2.35-163/lib/ld-linux-x86-64.so.2
7f9c3f91c000-7f9c3f943000 r-xp 00002000 00:b34 9223372037455367816       /nix/store/4nlgxhb09sdr51nc9hdm8az5b08vzkgx-glibc-2.35-163/lib/ld-linux-x86-64.so.2
7f9c3f943000-7f9c3f94f000 r--p 00029000 00:b34 9223372037455367816       /nix/store/4nlgxhb09sdr51nc9hdm8az5b08vzkgx-glibc-2.35-163/lib/ld-linux-x86-64.so.2
7f9c3f94f000-7f9c3f951000 r--p 00034000 00:b34 9223372037455367816       /nix/store/4nlgxhb09sdr51nc9hdm8az5b08vzkgx-glibc-2.35-163/lib/ld-linux-x86-64.so.2
7f9c3f951000-7f9c3f953000 rw-p 00036000 00:b34 9223372037455367816       /nix/store/4nlgxhb09sdr51nc9hdm8az5b08vzkgx-glibc-2.35-163/lib/ld-linux-x86-64.so.2
7ffdd0fcb000-7ffdd0fef000 rw-p 00000000 00:00 0                          [stack]
7ffdd0ff0000-7ffdd0ff4000 r--p 00000000 00:00 0                          [vvar]
7ffdd0ff4000-7ffdd0ff6000 r-xp 00000000 00:00 0                          [vdso]
ffffffffff600000-ffffffffff601000 --xp 00000000 00:00 0                  [vsyscall]


VM Arguments:
jvm_args: -XX:ThreadPriorityPolicy=1 -XX:+UnlockExperimentalVMOptions -XX:+EnableJVMCIProduct -XX:JVMCIThreadsPerNativeLibraryRuntime=1 -XX:-UnlockExperimentalVMOptions -Declipse.application=org.eclipse.jdt.ls.core.id1 -Dosgi.bundles.defaultStartLevel=4 -Declipse.product=org.eclipse.jdt.ls.core.product -Dlog.level=ALL -Xverify:none -XX:+UseParallelGC -XX:GCTimeRatio=4 -XX:AdaptiveSizePolicyWeight=90 -Dsun.zip.disableMemoryMapping=true -Xmx512m -Xms100m 
java_command: /nix/store/m6gcpi1ii6rghy04cjwjddcavv7i90df-jdt-language-server-1.9.0/share/java/plugins/org.eclipse.equinox.launcher_1.6.400.v20210924-0641.jar --add-modules=ALL-SYSTEM --add-opens java.base/java.util=ALL-UNNAMED --add-opens java.base/java.lang=ALL-UNNAMED -configuration /home/runner/.cache/jdt-language-server/config -data /home/runner/.cache/jdt-language-server/data/home/runner/Lab-2-Linear-and-Binary-Search
java_class_path (initial): /nix/store/m6gcpi1ii6rghy04cjwjddcavv7i90df-jdt-language-server-1.9.0/share/java/plugins/org.eclipse.equinox.launcher_1.6.400.v20210924-0641.jar
Launcher Type: SUN_STANDARD

[Global flags]
    uintx AdaptiveSizePolicyWeight                 = 90                                        {product} {command line}
     intx CICompilerCount                          = 2                                         {product} {ergonomic}
     bool EnableJVMCIProduct                       = true                                {JVMCI product} {jimage}
    uintx GCTimeRatio                              = 4                                         {product} {command line}
   size_t InitialHeapSize                          = 104857600                                 {product} {command line}
     uint JVMCIThreadsPerNativeLibraryRuntime      = 1                                   {JVMCI product} {jimage}
   size_t MaxHeapSize                              = 536870912                                 {product} {command line}
   size_t MaxNewSize                               = 178782208                                 {product} {ergonomic}
   size_t MinHeapDeltaBytes                        = 524288                                    {product} {ergonomic}
   size_t MinHeapSize                              = 104857600                                 {product} {command line}
   size_t NewSize                                  = 34603008                                  {product} {ergonomic}
    uintx NonNMethodCodeHeapSize                   = 5826188                                {pd product} {ergonomic}
    uintx NonProfiledCodeHeapSize                  = 122916026                              {pd product} {ergonomic}
   size_t OldSize                                  = 70254592                                  {product} {ergonomic}
    uintx ProfiledCodeHeapSize                     = 122916026                              {pd product} {ergonomic}
    uintx ReservedCodeCacheSize                    = 251658240                              {pd product} {ergonomic}
     bool SegmentedCodeCache                       = true                                      {product} {ergonomic}
   size_t SoftMaxHeapSize                          = 536870912                              {manageable} {ergonomic}
     intx ThreadPriorityPolicy                     = 1                                         {product} {jimage}
     bool UseCompressedClassPointers               = true                           {product lp64_product} {ergonomic}
     bool UseCompressedOops                        = true                           {product lp64_product} {ergonomic}
     bool UseParallelGC                            = true                                      {product} {command line}

Logging:
Log output configuration:
 #0: stdout all=warning uptime,level,tags
 #1: stderr all=off uptime,level,tags

Environment Variables:
JAVA_HOME=/nix/store/gpxl5qgg8kicmcvivwmybwjlpf7wh20l-graalvm17-ce-22.3.0
PATH=/nix/store/1d6ian3r8kdzspw8hacjhl3xkp40g1lj-binutils-wrapper-2.39/bin:/nix/store/dq0xwmsk1g0i2ayg6pb7y87na2knzylh-gcc-wrapper-11.3.0/bin:/nix/store/bap4d0lpcrhpwmpb8ayjcgkmvfj62lnq-bash-interactive-5.1-p16/bin:/nix/store/pr5n59mb4jzmfx6kanwxly0l07p861fg-patchelf-0.15.0/bin:/nix/store/1gf2flfqnpqbr1b4p4qz2f72y42bs56r-gcc-11.3.0/bin:/nix/store/57xv61c5zi8pphjbcwxxjlgc34p61ic9-glibc-2.35-163-bin/bin:/nix/store/a7gvj343m05j2s32xcnwr35v31ynlypr-coreutils-9.1/bin:/nix/store/039g378vc3pc3dvi9dzdlrd0i4q93qwf-binutils-2.39/bin:/nix/store/gpxl5qgg8kicmcvivwmybwjlpf7wh20l-graalvm17-ce-22.3.0/bin:/nix/store/6z9ag3ihc8mq2hzsw48lhbznvzny65nz-apache-maven-3.8.6/bin:/nix/store/m6gcpi1ii6rghy04cjwjddcavv7i90df-jdt-language-server-1.9.0/bin:/nix/store/84xs5alhs01zrbr4ywm05kxbjbp5590l-java-debug/bin:/nix/store/mydc6f4k2z73xlcz7ilif3v2lcaiqvza-findutils-4.9.0/bin:/nix/store/j9p3g8472iijd50vhdprx0nmk2fqn5gv-diffutils-3.8/bin:/nix/store/89zs7rms6x00xfq4dq6m7mjnhkr8a6r4-gnused-4.8/bin:/nix/store/86bp03jkmsl6f92w0yzg4s59g5mhxwmy-gnugrep-3.7/bin:/nix/store/hwcdqw4jrjnd37wxqgsd47hd0j8bnj09-gawk-5.1.1/bin:/nix/store/cfbhw8r8ags41vwqaz47r583d0p4h4a1-gnutar-1.34/bin:/nix/store/p3m1ndl1lapwrlh698bnb5lvvxh67378-gzip-1.12/bin:/nix/store/a8mhcagrsly7c7mpjrpsnaahk4aax056-bzip2-1.0.8-bin/bin:/nix/store/mblgz65m3zv9x548a3d5m96fj2pbwr09-gnumake-4.3/bin:/nix/store/dsd5gz46hdbdk2rfdimqddhq6m8m8fqs-bash-5.1-p16/bin:/nix/store/v7ljksji50mg3w61dykaa3n3y79n6nil-patch-2.7.6/bin:/nix/store/zlcnmqq14jz5x9439jf937mvayyl63da-xz-5.2.7-bin/bin:/nix/store/y6aj732zm9m87c82fpvf103a1xb22blp-file-5.43/bin:/nix/store/sgqd0ajghcv2axfl1lad0b1alyavp0dc-prybar-elisp-0.0.0-67f7a00/bin:/nix/store/p3hsvljpgs68jqwar41lc0jqhjj734lf-prybar-lua-0.0.0-67f7a00/bin:/nix/store/qzxs2gybds3s9kb1vkaflpgm2nwr85fh-prybar-python3-0.0.0-67f7a00/bin:/nix/store/km94z9mxp8w4m8gxxp5mbfpdf3nkfvd8-prybar-sqlite-0.0.0-67f7a00/bin:/nix/store/2pnc7b76asw0z59c4l6h6qy8arwqrii1-prybar-tcl-0.0.0-67f7a00/bin:/nix/store/hpbvrlwd5viqmvcaisb3x0118i913a9n-st
LD_LIBRARY_PATH=/nix/store/a4pff549sk2idnkpzk5nsfps3mdkdnvm-cups-2.4.2-lib/lib:/nix/store/72mqxxhh3cy5yifh92wh2yb8cl2hikyy-cairo-1.16.0/lib:/nix/store/2k366jrbsra97gjfxwvrhvixjfxdach5-glib-2.74.1/lib:/nix/store/2j2znigd8ak37rlwh9khz0ry3clqlw1l-gtk+3-3.24.34/lib:/nix/store/hisqvx32cd57apbpcsnkpx6k3549wql1-libglvnd-1.4.0/lib:/nix/store/p36pgcv991mq5srvg765b78yqpxvk3qs-mesa-21.3.3-drivers/lib:/nix/store/mav4251if1ahjq5vkpwycyyvnmy459c4-pulseaudio-14.2/lib
DISPLAY=:0
LANG=en_US.UTF-8

Signal Handlers:
   SIGSEGV: crash_handler in libjvm.so, mask=11100100010111111101111111111110, flags=SA_RESTART|SA_SIGINFO
    SIGBUS: crash_handler in libjvm.so, mask=11100100010111111101111111111110, flags=SA_RESTART|SA_SIGINFO
    SIGFPE: crash_handler in libjvm.so, mask=11100100010111111101111111111110, flags=SA_RESTART|SA_SIGINFO
   SIGPIPE: IsolateEnterStub_IgnoreSIGPIPEStartupHook_noopSignalHandler_8f19bff2f35b5f630d83b364d6b2339320d4ec70_216e8361c6bc87a8f89f58cc10d3b2fd4415bf87 in libjvmcicompiler.so, mask=00000000000000000000000000000000, flags=SA_RESTART
  *** Handler was modified!
  *** Expected: javaSignalHandler in libjvm.so, mask=11100100110111111111111111111110, flags=SA_RESTART|SA_SIGINFO
   SIGXFSZ: javaSignalHandler in libjvm.so, mask=11100100010111111101111111111110, flags=SA_RESTART|SA_SIGINFO
    SIGILL: crash_handler in libjvm.so, mask=11100100010111111101111111111110, flags=SA_RESTART|SA_SIGINFO
   SIGUSR2: SR_handler in libjvm.so, mask=00000000000000000000000000000000, flags=SA_RESTART|SA_SIGINFO
    SIGHUP: UserHandler in libjvm.so, mask=11100100010111111101111111111110, flags=SA_RESTART|SA_SIGINFO
    SIGINT: UserHandler in libjvm.so, mask=11100100010111111101111111111110, flags=SA_RESTART|SA_SIGINFO
   SIGTERM: UserHandler in libjvm.so, mask=11100100010111111101111111111110, flags=SA_RESTART|SA_SIGINFO
   SIGQUIT: UserHandler in libjvm.so, mask=11100100010111111101111111111110, flags=SA_RESTART|SA_SIGINFO
  *** Handler was modified!
  *** Expected: javaSignalHandler in libjvm.so, mask=11100100110111111111111111111110, flags=SA_RESTART|SA_SIGINFO
   SIGTRAP: crash_handler in libjvm.so, mask=11100100010111111101111111111110, flags=SA_RESTART|SA_SIGINFO


---------------  S Y S T E M  ---------------

OS:
DISTRIB_ID=Ubuntu
DISTRIB_RELEASE=20.04
DISTRIB_CODENAME=focal
DISTRIB_DESCRIPTION="Ubuntu 20.04.2 LTS"
uname: Linux 5.15.0-1027-gcp #34~20.04.1-Ubuntu SMP Mon Jan 9 18:40:09 UTC 2023 x86_64
OS uptime: 0 days 21:13 hours
libc: glibc 2.35 NPTL 2.35 
rlimit (soft/hard): STACK 8192k/infinity , CORE infinity/infinity , NPROC infinity/infinity , NOFILE 5242/5242 , AS infinity/infinity , CPU infinity/infinity , DATA infinity/infinity , FSIZE infinity/infinity , MEMLOCK 64k/64k
load average: 7.61 9.27 10.52

/proc/meminfo:
MemTotal:       65852740 kB
MemFree:        30387416 kB
MemAvailable:   51235976 kB
Buffers:         3169896 kB
Cached:         16146352 kB
SwapCached:            0 kB
Active:         11314664 kB
Inactive:       19902036 kB
Active(anon):      11408 kB
Inactive(anon): 11747916 kB
Active(file):   11303256 kB
Inactive(file):  8154120 kB
Unevictable:       43868 kB
Mlocked:           43868 kB
SwapTotal:             0 kB
SwapFree:              0 kB
Dirty:              1200 kB
Writeback:             0 kB
AnonPages:      10762352 kB
Mapped:          1562784 kB
Shmem:             35148 kB
KReclaimable:    2117788 kB
Slab:            3417604 kB
SReclaimable:    2117788 kB
SUnreclaim:      1299816 kB
KernelStack:      363548 kB
PageTables:        93308 kB
NFS_Unstable:          0 kB
Bounce:                0 kB
WritebackTmp:          0 kB
CommitLimit:    32926368 kB
Committed_AS:   49482772 kB
VmallocTotal:   34359738367 kB
VmallocUsed:      399484 kB
VmallocChunk:          0 kB
Percpu:            66048 kB
HardwareCorrupted:     0 kB
AnonHugePages:    552960 kB
ShmemHugePages:        0 kB
ShmemPmdMapped:        0 kB
FileHugePages:         0 kB
FilePmdMapped:         0 kB
HugePages_Total:       0
HugePages_Free:        0
HugePages_Rsvd:        0
HugePages_Surp:        0
Hugepagesize:       2048 kB
Hugetlb:               0 kB
DirectMap4k:     4873024 kB
DirectMap2M:    51746816 kB
DirectMap1G:    12582912 kB

/sys/kernel/mm/transparent_hugepage/enabled: always [madvise] never
/sys/kernel/mm/transparent_hugepage/defrag (defrag/compaction efforts parameter): always defer defer+madvise [madvise] never

Process Memory:
Virtual Size: 4722776K (peak: 4785980K)
Resident Set Size: 722792K (peak: 791180K) (anon: 527536K, file: 195256K, shmem: 0K)
Swapped out: 0K
C-Heap outstanding allocations: 41546K, retained: 13405K
glibc malloc tunables: (default)

/proc/sys/kernel/threads-max (system-wide limit on the number of threads): 514406
/proc/sys/vm/max_map_count (maximum number of memory map areas a process may have): 65530
/proc/sys/kernel/pid_max (system-wide limit on number of process identifiers): 4194304

container (cgroup) information:
container_type: cgroupv1
cpu_cpuset_cpus: 2-7
cpu_memory_nodes: 0
active_processor_count: 1
cpu_quota: 50000
cpu_period: 100000
cpu_shares: 512
memory_limit_in_bytes: 1048576 k
memory_and_swap_limit_in_bytes: 1048576 k
memory_soft_limit_in_bytes: 524288 k
memory_usage_in_bytes: 586420 k
memory_max_usage_in_bytes: 642596 k
maximum number of tasks: 1000
current number of tasks: 64

KVM virtualization detected
Steal ticks since vm start: 0
Steal ticks percentage since vm start:  0.000

CPU: total 8 (initial active 1) (8 cores per cpu, 2 threads per core) family 23 model 49 stepping 0 microcode 0xffffffff, cx8, cmov, fxsr, ht, mmx, 3dnowpref, sse, sse2, sse3, ssse3, sse4a, sse4.1, sse4.2, popcnt, lzcnt, tsc, tscinvbit, avx, avx2, aes, clmul, bmi1, bmi2, adx, sha, fma, vzeroupper, clflush, clflushopt, hv
CPU Model and flags from /proc/cpuinfo:
model name	: AMD EPYC 7B12
flags		: fpu vme de pse tsc msr pae mce cx8 apic sep mtrr pge mca cmov pat pse36 clflush mmx fxsr sse sse2 ht syscall nx mmxext fxsr_opt pdpe1gb rdtscp lm constant_tsc rep_good nopl nonstop_tsc cpuid extd_apicid tsc_known_freq pni pclmulqdq ssse3 fma cx16 sse4_1 sse4_2 movbe popcnt aes xsave avx f16c rdrand hypervisor lahf_lm cmp_legacy cr8_legacy abm sse4a misalignsse 3dnowprefetch osvw topoext ssbd ibrs ibpb stibp vmmcall fsgsbase tsc_adjust bmi1 avx2 smep bmi2 rdseed adx smap clflushopt clwb sha_ni xsaveopt xsavec xgetbv1 clzero xsaveerptr arat npt nrip_save umip rdpid

Online cpus: 0-7
Offline cpus: 
BIOS frequency limitation: <Not Available>
Frequency switch latency (ns): <Not Available>
Available cpu frequencies: <Not Available>
Current governor: <Not Available>
Core performance/turbo boost: <Not Available>

Memory: 4k page, physical 1048576k(462148k free), swap 0k(0k free)
Page Sizes: 4k

vm_info: OpenJDK 64-Bit Server VM (17.0.5+8-jvmci-22.3-b08) for linux-amd64 JRE (17.0.5+8-jvmci-22.3-b08), built on Oct 19 2022 09:01:27 by "buildslave" with gcc 10.3.0

END.
