#
# A fatal error has been detected by the Java Runtime Environment:
#
#  Internal Error (jvmciRuntime.cpp:1609), pid=29, tid=43
#  fatal error: Fatal exception in JVMCI: Error calling jdk.vm.ci.services.Services.serializeSavedProperties
#
# JRE version: OpenJDK Runtime Environment GraalVM CE 22.3.0 (17.0.5+8) (build 17.0.5+8-jvmci-22.3-b08)
# Java VM: OpenJDK 64-Bit Server VM GraalVM CE 22.3.0 (17.0.5+8-jvmci-22.3-b08, mixed mode, sharing, tiered, jvmci, jvmci compiler, compressed oops, compressed class ptrs, parallel gc, linux-amd64)
# Problematic frame:
# V  [libjvm.so+0x972714]  JVMCIRuntime::fatal_exception(JVMCIEnv*, char const*)+0x74
#
# Core dump will be written. Default location: Core dumps may be processed with "/usr/share/apport/apport -p%p -s%s -c%c -d%d -P%P -u%u -g%g -- %E" (or dumping to /home/runner/Lab-2-Linear-and-Binary-Search/core.29)
#
# If you would like to submit a bug report, please visit:
#   https://github.com/oracle/graal/issues
#

---------------  S U M M A R Y ------------

Command Line: -XX:ThreadPriorityPolicy=1 -XX:+UnlockExperimentalVMOptions -XX:+EnableJVMCIProduct -XX:JVMCIThreadsPerNativeLibraryRuntime=1 -XX:-UnlockExperimentalVMOptions -Declipse.application=org.eclipse.jdt.ls.core.id1 -Dosgi.bundles.defaultStartLevel=4 -Declipse.product=org.eclipse.jdt.ls.core.product -Dlog.level=ALL -Xverify:none -XX:+UseParallelGC -XX:GCTimeRatio=4 -XX:AdaptiveSizePolicyWeight=90 -Dsun.zip.disableMemoryMapping=true -Xmx512m -Xms100m /nix/store/m6gcpi1ii6rghy04cjwjddcavv7i90df-jdt-language-server-1.9.0/share/java/plugins/org.eclipse.equinox.launcher_1.6.400.v20210924-0641.jar --add-modules=ALL-SYSTEM --add-opens java.base/java.util=ALL-UNNAMED --add-opens java.base/java.lang=ALL-UNNAMED -configuration /home/runner/.cache/jdt-language-server/config -data /home/runner/.cache/jdt-language-server/data/home/runner/Lab-2-Linear-and-Binary-Search

Host: AMD EPYC 7B12, 8 cores, 1G, Ubuntu 20.04.2 LTS
Time: Sun Feb  5 23:56:21 2023 UTC elapsed time: 1057.595163 seconds (0d 0h 17m 37s)

---------------  T H R E A D  ---------------

Current thread (0x00007fc08c0b2210):  JavaThread "JVMCI-native CompilerThread0" daemon [_thread_in_vm, id=43, stack(0x00007fc07251a000,0x00007fc07271a000)]


Current CompileTask:
JVMCI-native:1057595 6967       4       org.eclipse.jdt.internal.core.util.WeakHashSet::cleanupGarbageCollectedValues (144 bytes)

Stack: [0x00007fc07251a000,0x00007fc07271a000],  sp=0x00007fc072718380,  free space=2040k
Native frames: (J=compiled Java code, j=interpreted, Vv=VM code, C=native code)
V  [libjvm.so+0x972714]  JVMCIRuntime::fatal_exception(JVMCIEnv*, char const*)+0x74
V  [libjvm.so+0x93e2fe]  JVMCIEnv::copy_saved_properties()+0x14e
V  [libjvm.so+0x9732a9]  JVMCIRuntime::initialize(JVMCIEnv*)+0xb19
V  [libjvm.so+0x9738a2]  JVMCIRuntime::get_HotSpotJVMCIRuntime(JVMCIEnv*)+0x12
V  [libjvm.so+0x9749f2]  JVMCIRuntime::compile_method(JVMCIEnv*, JVMCICompiler*, methodHandle const&, int)+0xd2
V  [libjvm.so+0x5b0d20]  CompileBroker::invoke_compiler_on_method(CompileTask*)+0x1470
V  [libjvm.so+0x5b12e8]  CompileBroker::compiler_thread_loop()+0x528
V  [libjvm.so+0xd82460]  JavaThread::thread_main_inner()+0xd0
V  [libjvm.so+0xd85a40]  Thread::call_run()+0xc0
V  [libjvm.so+0xbdb1e1]  thread_native_entry(Thread*)+0xe1

Register to memory mapping:

RAX=0x00007fc0922c6000 points into unknown readable memory: 0x0000000000000058 | 58 00 00 00 00 00 00 00
RBX=0x00007fc0933c1398: <offset 0x0000000000ef5398> in /nix/store/gpxl5qgg8kicmcvivwmybwjlpf7wh20l-graalvm17-ce-22.3.0/lib/server/libjvm.so at 0x00007fc0924cc000
RCX=0x00007fc0933791e8: <offset 0x0000000000ead1e8> in /nix/store/gpxl5qgg8kicmcvivwmybwjlpf7wh20l-graalvm17-ce-22.3.0/lib/server/libjvm.so at 0x00007fc0924cc000
RDX=0x0000000000000649 is an unknown value
RSP=0x00007fc072718380 is pointing into the stack for thread: 0x00007fc08c0b2210
RBP=0x00007fc0727183a0 is pointing into the stack for thread: 0x00007fc08c0b2210
RSI=0x00007fc0933c1c48: <offset 0x0000000000ef5c48> in /nix/store/gpxl5qgg8kicmcvivwmybwjlpf7wh20l-graalvm17-ce-22.3.0/lib/server/libjvm.so at 0x00007fc0924cc000
RDI=0x00000000e0000000 is an oop: java.lang.String 
{0x00000000e0000000} - klass: 'java/lang/String'
 - string: "resolution"
R8 =0x00007fc0933c1398: <offset 0x0000000000ef5398> in /nix/store/gpxl5qgg8kicmcvivwmybwjlpf7wh20l-graalvm17-ce-22.3.0/lib/server/libjvm.so at 0x00007fc0924cc000
R9 =0x00007fc072718330 is pointing into the stack for thread: 0x00007fc08c0b2210
R10=0x00007fc072719948 is pointing into the stack for thread: 0x00007fc08c0b2210
R11=0x0000000000000293 is an unknown value
R12=0x0 is NULL
R13=0x00007fc08c0b2210 is a thread
R14=0x00007fc08c000b80 points into unknown readable memory: 0x00007fc0935f2a38 | 38 2a 5f 93 c0 7f 00 00
R15=0x00007fc093700e40: <offset 0x0000000001234e40> in /nix/store/gpxl5qgg8kicmcvivwmybwjlpf7wh20l-graalvm17-ce-22.3.0/lib/server/libjvm.so at 0x00007fc0924cc000


Registers:
RAX=0x00007fc0922c6000, RBX=0x00007fc0933c1398, RCX=0x00007fc0933791e8, RDX=0x0000000000000649
RSP=0x00007fc072718380, RBP=0x00007fc0727183a0, RSI=0x00007fc0933c1c48, RDI=0x00000000e0000000
R8 =0x00007fc0933c1398, R9 =0x00007fc072718330, R10=0x00007fc072719948, R11=0x0000000000000293
R12=0x0000000000000000, R13=0x00007fc08c0b2210, R14=0x00007fc08c000b80, R15=0x00007fc093700e40
RIP=0x00007fc092e3e714, EFLAGS=0x0000000000010206, CSGSFS=0x002b000000000033, ERR=0x0000000000000006
  TRAPNO=0x000000000000000e

Top of Stack: (sp=0x00007fc072718380)
0x00007fc072718380:   00007fc072718940 00007fc08c0b2210
0x00007fc072718390:   00007fc090c578c8 0000000800c409d8
0x00007fc0727183a0:   00007fc072718500 00007fc092e0a2fe
0x00007fc0727183b0:   00007fc0727183e0 00007fc072718440 

Instructions: (pc=0x00007fc092e3e714)
0x00007fc092e3e614:   30 e8 f6 cf e8 ff 4c 89 e7 e8 2e 48 d1 ff 84 db
0x00007fc092e3e624:   75 2a 4d 85 ed 74 04 4d 8b 6d 00 48 83 c4 08 44
0x00007fc092e3e634:   89 f9 4c 89 f2 4c 89 ee 5b 4c 89 e7 41 5c 41 5d
0x00007fc092e3e644:   41 5e 41 5f 5d e9 e2 47 d1 ff 66 90 48 83 c4 08
0x00007fc092e3e654:   5b 41 5c 41 5d 41 5e 41 5f 5d c3 90 31 d2 be 08
0x00007fc092e3e664:   00 00 00 4c 89 ff e8 b1 78 a3 ff 49 89 c5 e9 37
0x00007fc092e3e674:   ff ff ff 66 0f 1f 84 00 00 00 00 00 48 8b 7a 08
0x00007fc092e3e684:   e9 6d ff ff ff 0f 1f 80 00 00 00 00 e8 5b 48 0a
0x00007fc092e3e694:   00 84 c0 75 89 e9 6a ff ff ff 66 90 55 48 89 e5
0x00007fc092e3e6a4:   41 56 41 55 41 54 49 89 fc 53 48 89 f3 66 48 8d
0x00007fc092e3e6b4:   3d 27 5e 85 00 66 66 48 e8 df 43 8d ff 4c 8b 28
0x00007fc092e3e6c4:   8b 05 be 72 8a 00 85 c0 75 14 ba 01 00 00 00 48
0x00007fc092e3e6d4:   8d 0d ae 72 8a 00 f0 0f b1 11 85 c0 74 4e be c8
0x00007fc092e3e6e4:   00 00 00 4c 89 ef e8 01 0b 41 00 48 8d 05 12 ac
0x00007fc092e3e6f4:   85 00 49 89 d8 48 8d 0d e8 aa 53 00 ba 49 06 00
0x00007fc092e3e704:   00 48 8d 35 3c 35 58 00 bf 00 00 00 e0 48 8b 00
0x00007fc092e3e714:   c6 00 58 31 c0 e8 e2 91 c6 ff 5b 41 5c 41 5d 41
0x00007fc092e3e724:   5e 5d e9 55 34 26 00 0f 1f 44 00 00 48 8d 05 81
0x00007fc092e3e734:   a3 8b 00 48 89 df 4c 8b 30 e8 9e 43 8d ff 48 89
0x00007fc092e3e744:   de 48 89 c2 49 8b 06 4c 89 f7 ff 50 08 4c 89 f7
0x00007fc092e3e754:   e8 a7 5c 27 00 4d 85 e4 74 12 be 01 00 00 00 4c
0x00007fc092e3e764:   89 e7 e8 35 43 fc ff eb 82 0f 1f 00 be 01 00 00
0x00007fc092e3e774:   00 4c 89 ef e8 d3 fd ff ff e9 6d ff ff ff 66 66
0x00007fc092e3e784:   2e 0f 1f 84 00 00 00 00 00 0f 1f 00 55 48 89 e5
0x00007fc092e3e794:   41 57 41 56 41 55 41 54 53 48 81 ec 08 02 00 00
0x00007fc092e3e7a4:   64 48 8b 04 25 28 00 00 00 48 89 45 c8 8b 07 83
0x00007fc092e3e7b4:   f8 02 0f 84 11 04 00 00 4c 8b 6f 18 49 89 ff 49
0x00007fc092e3e7c4:   89 f4 4d 85 ed 74 14 4c 89 ef e8 5d 57 22 00 41
0x00007fc092e3e7d4:   8b 07 83 f8 02 0f 84 19 04 00 00 48 8d 1d 9a 06
0x00007fc092e3e7e4:   8a 00 4c 8d 35 0b 3c 58 00 eb 38 90 48 85 d2 7f
0x00007fc092e3e7f4:   0d 48 8d 05 b4 c0 85 00 48 83 38 00 7e 0e 41 8b
0x00007fc092e3e804:   77 2c 4c 89 f7 31 c0 e8 a0 b2 f7 ff 49 8b 7f 18 


Stack slot to memory mapping:
stack at sp + 0 slots: 0x00007fc072718940 is pointing into the stack for thread: 0x00007fc08c0b2210
stack at sp + 1 slots: 0x00007fc08c0b2210 is a thread
stack at sp + 2 slots: 0x00007fc090c578c8 points into unknown readable memory: 0x65730018e552ffff | ff ff 52 e5 18 00 73 65
stack at sp + 3 slots: 0x0000000800c409d8 is a pointer to class: 
jdk.vm.ci.services.Services {0x0000000800c409d8}
 - instance size:     2
 - klass size:        65
 - access:            public final synchronized 
 - state:             fully_initialized
 - name:              'jdk/vm/ci/services/Services'
 - super:             'java/lang/Object'
 - sub:               
 - arrays:            NULL
 - methods:           Array<T>(0x00007fc072c3ca50)
 - method ordering:   Array<T>(0x0000000800928960)
 - default_methods:   Array<T>(0x0000000000000000)
 - local interfaces:  Array<T>(0x00000008005ce810)
 - trans. interfaces: Array<T>(0x00000008005ce810)
 - constants:         constant pool [427] {0x00007fc072c3bb30} for 'jdk/vm/ci/services/Services' cache=0x00007fc072c3dd20
 - class loader data:  loader data: 0x00007fc08c028410 of 'bootstrap'
 - source file:       'Services.java'
 - class annotations:       Array<T>(0x0000000000000000)
 - class type annotations:  Array<T>(0x0000000000000000)
 - field annotations:       Array<T>(0x0000000000000000)
 - field type annotations:  Array<T>(0x0000000000000000)
 - inner classes:     Array<T>(0x00007fc072c3dcf0)
 - nest members:     Array<T>(0x00007fc072c3dd10)
 - permitted subclasses:     Array<T>(0x00000008005ce7a0)
 - java mirror:       a 'java/lang/Class'{0x00000000e014c760} = 'jdk/vm/ci/services/Services'
 - vtable length      5  (start addr: 0x0000000800c40ba8)
 - itable length      2 (start addr: 0x0000000800c40bd0)
 - ---- static fields (3 words):
 - public static final 'IS_BUILDING_NATIVE_IMAGE' 'Z' @128 
 - public static final 'IS_IN_NATIVE_IMAGE' 'Z' @129 
 - private static volatile 'savedProperties' 'Ljava/util/Map;' @112 
 - static final 'JVMCI_ENABLED' 'Z' @130 
 - private static final 'servicesCache' 'Ljava/util/Map;' @116 
 - private static final 'MAX_UNICODE_IN_UTF8_LENGTH' 'I' @120 
 - private static final 'MAX_UTF8_PROPERTY_STRING_LENGTH' 'I' @124 
 - ---- non-static fields (0 words):
 - non-static oop maps: 
stack at sp + 4 slots: 0x00007fc072718500 is pointing into the stack for thread: 0x00007fc08c0b2210
stack at sp + 5 slots: 0x00007fc092e0a2fe: <offset 0x000000000093e2fe> in /nix/store/gpxl5qgg8kicmcvivwmybwjlpf7wh20l-graalvm17-ce-22.3.0/lib/server/libjvm.so at 0x00007fc0924cc000
stack at sp + 6 slots: 0x00007fc0727183e0 is pointing into the stack for thread: 0x00007fc08c0b2210
stack at sp + 7 slots: 0x00007fc072718440 is pointing into the stack for thread: 0x00007fc08c0b2210


---------------  P R O C E S S  ---------------

Threads class SMR info:
_java_thread_list=0x00007fbff40010b0, length=28, elements={
0x00007fc08c0266b0, 0x00007fc08c0a64f0, 0x00007fc08c0a7930, 0x00007fc08c0ae080,
0x00007fc08c0af430, 0x00007fc08c0b0820, 0x00007fc08c0b2210, 0x00007fc08c0b3720,
0x00007fc08c0b4b70, 0x00007fc08c0d7d00, 0x00007fc08c11fe40, 0x00007fc08c30b300,
0x00007fc08c33eb10, 0x00007fc08c340a80, 0x00007fc08c6061f0, 0x00007fc0200170a0,
0x00007fc0202a2390, 0x00007fc0140010d0, 0x00007fc020495b70, 0x00007fc0205f7810,
0x00007fc08c4775e0, 0x00007fc08c3ba6f0, 0x00007fbffc000ff0, 0x00007fc0141dacb0,
0x00007fbff819e460, 0x00007fbff819f680, 0x00007fbff81a03d0, 0x00007fbff400a3c0
}

Java Threads: ( => current thread )
  0x00007fc08c0266b0 JavaThread "main" [_thread_blocked, id=35, stack(0x00007fc0922e7000,0x00007fc0923e7000)]
  0x00007fc08c0a64f0 JavaThread "Reference Handler" daemon [_thread_blocked, id=38, stack(0x00007fc0902fe000,0x00007fc0903fe000)]
  0x00007fc08c0a7930 JavaThread "Finalizer" daemon [_thread_blocked, id=39, stack(0x00007fc0901fe000,0x00007fc0902fe000)]
  0x00007fc08c0ae080 JavaThread "Signal Dispatcher" daemon [_thread_blocked, id=40, stack(0x00007fc0900fe000,0x00007fc0901fe000)]
  0x00007fc08c0af430 JavaThread "Service Thread" daemon [_thread_blocked, id=41, stack(0x00007fc07281a000,0x00007fc07291a000)]
  0x00007fc08c0b0820 JavaThread "Monitor Deflation Thread" daemon [_thread_blocked, id=42, stack(0x00007fc07271a000,0x00007fc07281a000)]
=>0x00007fc08c0b2210 JavaThread "JVMCI-native CompilerThread0" daemon [_thread_in_vm, id=43, stack(0x00007fc07251a000,0x00007fc07271a000)]
  0x00007fc08c0b3720 JavaThread "C1 CompilerThread0" daemon [_thread_blocked, id=44, stack(0x00007fc07231a000,0x00007fc07251a000)]
  0x00007fc08c0b4b70 JavaThread "Sweeper thread" daemon [_thread_blocked, id=45, stack(0x00007fc07221a000,0x00007fc07231a000)]
  0x00007fc08c0d7d00 JavaThread "Common-Cleaner" daemon [_thread_blocked, id=46, stack(0x00007fc07211a000,0x00007fc07221a000)]
  0x00007fc08c11fe40 JavaThread "Notification Thread" daemon [_thread_blocked, id=47, stack(0x00007fc07201a000,0x00007fc07211a000)]
  0x00007fc08c30b300 JavaThread "Active Thread: Equinox Container: 47d7ae71-4a6a-499b-95e6-997f30b22217" [_thread_blocked, id=61, stack(0x00007fc070c00000,0x00007fc070d00000)]
  0x00007fc08c33eb10 JavaThread "Framework Event Dispatcher: Equinox Container: 47d7ae71-4a6a-499b-95e6-997f30b22217" daemon [_thread_blocked, id=62, stack(0x00007fc070a00000,0x00007fc070b00000)]
  0x00007fc08c340a80 JavaThread "Start Level: Equinox Container: 47d7ae71-4a6a-499b-95e6-997f30b22217" daemon [_thread_blocked, id=63, stack(0x00007fc070800000,0x00007fc070900000)]
  0x00007fc08c6061f0 JavaThread "Refresh Thread: Equinox Container: 47d7ae71-4a6a-499b-95e6-997f30b22217" daemon [_thread_blocked, id=64, stack(0x00007fc070600000,0x00007fc070700000)]
  0x00007fc0200170a0 JavaThread "SCR Component Actor" daemon [_thread_blocked, id=87, stack(0x00007fc070400000,0x00007fc070500000)]
  0x00007fc0202a2390 JavaThread "Worker-JM" [_thread_blocked, id=99, stack(0x00007fc070000000,0x00007fc070100000)]
  0x00007fc0140010d0 JavaThread "Worker-1: Publish Diagnostics" [_thread_blocked, id=104, stack(0x00007fc039900000,0x00007fc039a00000)]
  0x00007fc020495b70 JavaThread "Java indexing" daemon [_thread_blocked, id=110, stack(0x00007fc039700000,0x00007fc039800000)]
  0x00007fc0205f7810 JavaThread "Bundle File Closer" daemon [_thread_blocked, id=116, stack(0x00007fc039500000,0x00007fc039600000)]
  0x00007fc08c4775e0 JavaThread "pool-3-thread-1" [_thread_blocked, id=134, stack(0x00007fc070200000,0x00007fc070300000)]
  0x00007fc08c3ba6f0 JavaThread "pool-2-thread-1" [_thread_blocked, id=136, stack(0x00007fc039100000,0x00007fc039200000)]
  0x00007fbffc000ff0 JavaThread "Worker-4: Java indexing... " [_thread_blocked, id=143, stack(0x00007fc038d00000,0x00007fc038e00000)]
  0x00007fc0141dacb0 JavaThread "Worker-5: Compacting resource model" [_thread_blocked, id=176, stack(0x00007fc038b00000,0x00007fc038c00000)]
  0x00007fbff819e460 JavaThread "Thread-4" [_thread_blocked, id=567, stack(0x00007fc038f00000,0x00007fc039000000)]
  0x00007fbff819f680 JavaThread "Thread-5" [_thread_blocked, id=569, stack(0x00007fc039300000,0x00007fc039400000)]
  0x00007fbff81a03d0 JavaThread "Thread-6" [_thread_blocked, id=626, stack(0x00007fc038900000,0x00007fc038a00000)]
  0x00007fbff400a3c0 JavaThread "Worker-6" [_thread_blocked, id=1067, stack(0x00007fc039b00000,0x00007fc039c00000)]

Other Threads:
  0x00007fc08c0a1c30 VMThread "VM Thread" [stack: 0x00007fc090400000,0x00007fc090500000] [id=37] _threads_hazard_ptr=0x00007fbff40010b0
  0x00007fc08c1217e0 WatcherThread [stack: 0x00007fc071f1a000,0x00007fc07201a000] [id=48]
  0x00007fc08c03df50 GCTaskThread "GC Thread#0" [stack: 0x00007fc091eaa000,0x00007fc091faa000] [id=36]

Threads with active compile tasks:
JVMCI-native CompilerThread0  1057664 6967       4       org.eclipse.jdt.internal.core.util.WeakHashSet::cleanupGarbageCollectedValues (144 bytes)

VM state: synchronizing (normal execution)

VM Mutex/Monitor currently owned by a thread:  ([mutex/lock_event])
[0x00007fc08c023860] Threads_lock - owner thread: 0x00007fc08c0a1c30
[0x00007fc08c024010] Heap_lock - owner thread: 0x00007fc0140010d0

OutOfMemory and StackOverflow Exception counts:
OutOfMemoryError java_heap_errors=3
LinkageErrors=54

Heap address: 0x00000000e0000000, size: 512 MB, Compressed Oops mode: 32-bit

CDS archive(s) mapped at: [0x0000000800000000-0x0000000800bc8000-0x0000000800bc8000), size 12353536, SharedBaseAddress: 0x0000000800000000, ArchiveRelocationMode: 0.
Compressed class space mapped at: 0x0000000800c00000-0x0000000840c00000, reserved size: 1073741824
Narrow klass base: 0x0000000800000000, Narrow klass shift: 0, Narrow klass range: 0x100000000

GC Precious Log:
 CPUs: 8 total, 1 available
 Memory: 1024M
 Large Page Support: Disabled
 NUMA Support: Disabled
 Compressed Oops: Enabled (32-bit)
 Alignments: Space 512K, Generation 512K, Heap 2M
 Heap Min Capacity: 100M
 Heap Initial Capacity: 100M
 Heap Max Capacity: 512M
 Pre-touch: Disabled
 Parallel Workers: 1

Heap:
 PSYoungGen      total 47104K, used 28671K [0x00000000f5580000, 0x00000000f9a00000, 0x0000000100000000)
  eden space 28672K, 99% used [0x00000000f5580000,0x00000000f717fff0,0x00000000f7180000)
  from space 18432K, 0% used [0x00000000f8800000,0x00000000f8800000,0x00000000f9a00000)
  to   space 15360K, 0% used [0x00000000f7180000,0x00000000f7180000,0x00000000f8080000)
 ParOldGen       total 349696K, used 349695K [0x00000000e0000000, 0x00000000f5580000, 0x00000000f5580000)
  object space 349696K, 99% used [0x00000000e0000000,0x00000000f557ffe0,0x00000000f5580000)
 Metaspace       used 53614K, committed 54400K, reserved 1097728K
  class space    used 5416K, committed 5760K, reserved 1048576K

Card table byte_map: [0x00007fc091faa000,0x00007fc0920ab000] _byte_map_base: 0x00007fc0918aa000

Marking Bits: (ParMarkBitMap*) 0x00007fc0936fa4c0
 Begin Bits: [0x00007fc090dfd000, 0x00007fc0915fd000)
 End Bits:   [0x00007fc0915fd000, 0x00007fc091dfd000)

Polling page: 0x00007fc0922c4000

Metaspace:

Usage:
  Non-class:     47.07 MB used.
      Class:      5.29 MB used.
       Both:     52.36 MB used.

Virtual space:
  Non-class space:       48.00 MB reserved,      47.50 MB ( 99%) committed,  6 nodes.
      Class space:        1.00 GB reserved,       5.62 MB ( <1%) committed,  1 nodes.
             Both:        1.05 GB reserved,      53.12 MB (  5%) committed. 

Chunk freelists:
   Non-Class:  236.00 KB
       Class:  2.39 MB
        Both:  2.62 MB

MaxMetaspaceSize: unlimited
CompressedClassSpaceSize: 1.00 GB
Initial GC threshold: 21.00 MB
Current GC threshold: 88.44 MB
CDS: on
MetaspaceReclaimPolicy: balanced
 - commit_granule_bytes: 65536.
 - commit_granule_words: 8192.
 - virtual_space_node_default_size: 1048576.
 - enlarge_chunks_in_place: 1.
 - new_chunks_are_fully_committed: 0.
 - uncommit_free_chunks: 1.
 - use_allocation_guard: 0.
 - handle_deallocations: 1.


Internal statistics:

num_allocs_failed_limit: 8.
num_arena_births: 366.
num_arena_deaths: 78.
num_vsnodes_births: 7.
num_vsnodes_deaths: 0.
num_space_committed: 849.
num_space_uncommitted: 0.
num_chunks_returned_to_freelist: 109.
num_chunks_taken_from_freelist: 2366.
num_chunk_merges: 41.
num_chunk_splits: 1539.
num_chunks_enlarged: 999.
num_purges: 12.
num_inconsistent_stats: 0.

CodeHeap 'non-profiled nmethods': size=120036Kb used=2313Kb max_used=2313Kb free=117722Kb
 bounds [0x00007fc07af7a000, 0x00007fc07b1ea000, 0x00007fc0824b3000]
CodeHeap 'profiled nmethods': size=120032Kb used=10981Kb max_used=13093Kb free=109050Kb
 bounds [0x00007fc073a42000, 0x00007fc074792000, 0x00007fc07af7a000]
CodeHeap 'non-nmethods': size=5692Kb used=1391Kb max_used=1393Kb free=4300Kb
 bounds [0x00007fc0734b3000, 0x00007fc073723000, 0x00007fc073a42000]
 total_blobs=5928 nmethods=5202 adapters=617
 compilation: enabled
              stopped_count=0, restarted_count=0
 full_count=0

JVMCI Events (20 events):
Event: 466.773 Thread 0x00007fc08c0b2210 destroyed JavaVM[5]@0x00007fc03839e340 for JVMCI runtime 0
Event: 466.773 Thread 0x00007fc08c0b2210 compacted oop handles in JVMCI runtime 0 from 44 to 44
Event: 466.773 Thread 0x00007fc08c0b2210 releasing handles for JVMCI runtime 0: oop handles=44, metadata handles={total=96, live=88, blocks=32}
Event: 466.773 Thread 0x00007fc08c0b2210 detached from JVMCI runtime 0
Event: 919.795 Thread 0x00007fc08c0b2210 attached to JVMCI runtime 0
Event: 919.796 Thread 0x00007fc08c0b2210 created JavaVM[6]@0x00007fc03839e340 for JVMCI runtime 0
Event: 919.796 Thread 0x00007fc08c0b2210 initializing JVMCI runtime 0
Event: 919.796 Thread 0x00007fc08c0b2210 done waiting for JavaVM references initialization in JVMCI runtime 0
Event: 984.400 Thread 0x00007fc08c0b2210 initialized JVMCI runtime 0
Event: 990.770 Thread 0x00007fc08c0b2210 detaching from JVMCI runtime 0: releasing idle compiler thread (0 other threads still attached)
Event: 990.770 Thread 0x00007fc08c0b2210 shutting down HotSpotJVMCIRuntime for JVMCI runtime 0
Event: 990.770 Thread 0x00007fc08c0b2210 shut down JVMCI runtime 0
Event: 990.772 Thread 0x00007fc08c0b2210 destroyed JavaVM[6]@0x00007fc03839e340 for JVMCI runtime 0
Event: 990.772 Thread 0x00007fc08c0b2210 compacted oop handles in JVMCI runtime 0 from 70 to 70
Event: 990.772 Thread 0x00007fc08c0b2210 releasing handles for JVMCI runtime 0: oop handles=70, metadata handles={total=128, live=116, blocks=32}
Event: 990.772 Thread 0x00007fc08c0b2210 detached from JVMCI runtime 0
Event: 992.109 Thread 0x00007fc08c0b2210 attached to JVMCI runtime 0
Event: 992.110 Thread 0x00007fc08c0b2210 created JavaVM[7]@0x00007fc03839e340 for JVMCI runtime 0
Event: 993.381 Thread 0x00007fc08c0b2210 initializing JVMCI runtime 0
Event: 993.381 Thread 0x00007fc08c0b2210 done waiting for JavaVM references initialization in JVMCI runtime 0

Compilation events (20 events):
Event: 624.271 Thread 0x00007fc08c0b3720 nmethod 6959 0x00007fc073bdc090 code [0x00007fc073bdc2a0, 0x00007fc073bdd0f0]
Event: 671.324 Thread 0x00007fc08c0b3720 6960       3       org.eclipse.jdt.internal.compiler.lookup.PackageBinding::clearMissingTagBit (24 bytes)
Event: 671.324 Thread 0x00007fc08c0b3720 nmethod 6960 0x00007fc0740fdd10 code [0x00007fc0740fdec0, 0x00007fc0740fe090]
Event: 680.274 Thread 0x00007fc08c0b3720 6961       3       org.eclipse.jdt.internal.compiler.util.CharDelegateMap::<init> (37 bytes)
Event: 682.891 Thread 0x00007fc08c0b3720 nmethod 6961 0x00007fc073d0c790 code [0x00007fc073d0c9a0, 0x00007fc073d0ceb0]
Event: 770.022 Thread 0x00007fc08c0b3720 6962       1       org.eclipse.osgi.internal.framework.EquinoxContainer::getStorage (5 bytes)
Event: 770.022 Thread 0x00007fc08c0b3720 nmethod 6962 0x00007fc07b177190 code [0x00007fc07b177320, 0x00007fc07b1773f0]
Event: 812.064 Thread 0x00007fc08c0b3720 6963       3       org.eclipse.jdt.internal.compiler.classfmt.ClassFileReader::getModifiers (55 bytes)
Event: 812.064 Thread 0x00007fc08c0b3720 nmethod 6963 0x00007fc074153190 code [0x00007fc074153340, 0x00007fc0741537c0]
Event: 873.267 Thread 0x00007fc08c0b3720 6964       3       java.util.concurrent.ThreadPoolExecutor::isShutdown (12 bytes)
Event: 873.268 Thread 0x00007fc08c0b3720 nmethod 6964 0x00007fc074311e90 code [0x00007fc074312040, 0x00007fc074312230]
Event: 895.383 Thread 0x00007fc08c0b3720 6965       3       java.util.concurrent.ScheduledThreadPoolExecutor::canRunInCurrentRunState (61 bytes)
Event: 896.588 Thread 0x00007fc08c0b3720 nmethod 6965 0x00007fc073e34a10 code [0x00007fc073e34c20, 0x00007fc073e356c0]
Event: 919.795 Thread 0x00007fc08c0b2210 6966   !   4       java.util.Collections$SynchronizedCollection::contains (25 bytes)
Event: 989.589 Thread 0x00007fc08c0b2210 nmethod 6966 0x00007fc07b1bb810 code [0x00007fc07b1bba00, 0x00007fc07b1bc1b0]
Event: 992.109 Thread 0x00007fc08c0b2210 6967       4       org.eclipse.jdt.internal.core.util.WeakHashSet::cleanupGarbageCollectedValues (144 bytes)
Event: 1019.982 Thread 0x00007fc08c0b3720 6969       3       org.eclipse.jdt.internal.compiler.util.CharArrayMap::<init> (38 bytes)
Event: 1019.983 Thread 0x00007fc08c0b3720 nmethod 6969 0x00007fc074039890 code [0x00007fc074039a40, 0x00007fc074039d70]
Event: 1022.498 Thread 0x00007fc08c0b3720 6970       1       org.eclipse.jdt.internal.compiler.lookup.ModuleBinding::name (5 bytes)
Event: 1023.875 Thread 0x00007fc08c0b3720 nmethod 6970 0x00007fc07b176d90 code [0x00007fc07b176f20, 0x00007fc07b176ff0]

GC Heap History (20 events):
Event: 1045.107 GC heap before
{Heap before GC invocations=860 (full 739):
 PSYoungGen      total 47104K, used 28672K [0x00000000f5580000, 0x00000000f9a00000, 0x0000000100000000)
  eden space 28672K, 100% used [0x00000000f5580000,0x00000000f7180000,0x00000000f7180000)
  from space 18432K, 0% used [0x00000000f8800000,0x00000000f8800000,0x00000000f9a00000)
  to   space 15360K, 0% used [0x00000000f7180000,0x00000000f7180000,0x00000000f8080000)
 ParOldGen       total 349696K, used 349695K [0x00000000e0000000, 0x00000000f5580000, 0x00000000f5580000)
  object space 349696K, 99% used [0x00000000e0000000,0x00000000f557ff88,0x00000000f5580000)
 Metaspace       used 53614K, committed 54400K, reserved 1097728K
  class space    used 5416K, committed 5760K, reserved 1048576K
}
Event: 1046.395 GC heap after
{Heap after GC invocations=860 (full 739):
 PSYoungGen      total 44032K, used 28671K [0x00000000f5580000, 0x00000000f9a00000, 0x0000000100000000)
  eden space 28672K, 99% used [0x00000000f5580000,0x00000000f717ffe0,0x00000000f7180000)
  from space 15360K, 0% used [0x00000000f7180000,0x00000000f7180000,0x00000000f8080000)
  to   space 18432K, 0% used [0x00000000f8800000,0x00000000f8800000,0x00000000f9a00000)
 ParOldGen       total 349696K, used 349695K [0x00000000e0000000, 0x00000000f5580000, 0x00000000f5580000)
  object space 349696K, 99% used [0x00000000e0000000,0x00000000f557ff88,0x00000000f5580000)
 Metaspace       used 53614K, committed 54400K, reserved 1097728K
  class space    used 5416K, committed 5760K, reserved 1048576K
}
Event: 1046.396 GC heap before
{Heap before GC invocations=861 (full 740):
 PSYoungGen      total 44032K, used 28672K [0x00000000f5580000, 0x00000000f9a00000, 0x0000000100000000)
  eden space 28672K, 100% used [0x00000000f5580000,0x00000000f7180000,0x00000000f7180000)
  from space 15360K, 0% used [0x00000000f7180000,0x00000000f7180000,0x00000000f8080000)
  to   space 18432K, 0% used [0x00000000f8800000,0x00000000f8800000,0x00000000f9a00000)
 ParOldGen       total 349696K, used 349695K [0x00000000e0000000, 0x00000000f5580000, 0x00000000f5580000)
  object space 349696K, 99% used [0x00000000e0000000,0x00000000f557ff88,0x00000000f5580000)
 Metaspace       used 53614K, committed 54400K, reserved 1097728K
  class space    used 5416K, committed 5760K, reserved 1048576K
}
Event: 1047.592 GC heap after
{Heap after GC invocations=861 (full 740):
 PSYoungGen      total 47104K, used 28671K [0x00000000f5580000, 0x00000000f9a00000, 0x0000000100000000)
  eden space 28672K, 99% used [0x00000000f5580000,0x00000000f717ffc0,0x00000000f7180000)
  from space 18432K, 0% used [0x00000000f8800000,0x00000000f8800000,0x00000000f9a00000)
  to   space 15360K, 0% used [0x00000000f7180000,0x00000000f7180000,0x00000000f8080000)
 ParOldGen       total 349696K, used 349695K [0x00000000e0000000, 0x00000000f5580000, 0x00000000f5580000)
  object space 349696K, 99% used [0x00000000e0000000,0x00000000f557ff88,0x00000000f5580000)
 Metaspace       used 53614K, committed 54400K, reserved 1097728K
  class space    used 5416K, committed 5760K, reserved 1048576K
}
Event: 1047.592 GC heap before
{Heap before GC invocations=862 (full 741):
 PSYoungGen      total 47104K, used 28672K [0x00000000f5580000, 0x00000000f9a00000, 0x0000000100000000)
  eden space 28672K, 100% used [0x00000000f5580000,0x00000000f7180000,0x00000000f7180000)
  from space 18432K, 0% used [0x00000000f8800000,0x00000000f8800000,0x00000000f9a00000)
  to   space 15360K, 0% used [0x00000000f7180000,0x00000000f7180000,0x00000000f8080000)
 ParOldGen       total 349696K, used 349695K [0x00000000e0000000, 0x00000000f5580000, 0x00000000f5580000)
  object space 349696K, 99% used [0x00000000e0000000,0x00000000f557ff88,0x00000000f5580000)
 Metaspace       used 53614K, committed 54400K, reserved 1097728K
  class space    used 5416K, committed 5760K, reserved 1048576K
}
Event: 1048.968 GC heap after
{Heap after GC invocations=862 (full 741):
 PSYoungGen      total 44032K, used 28671K [0x00000000f5580000, 0x00000000f9a00000, 0x0000000100000000)
  eden space 28672K, 99% used [0x00000000f5580000,0x00000000f717ffc0,0x00000000f7180000)
  from space 15360K, 0% used [0x00000000f7180000,0x00000000f7180000,0x00000000f8080000)
  to   space 18432K, 0% used [0x00000000f8800000,0x00000000f8800000,0x00000000f9a00000)
 ParOldGen       total 349696K, used 349695K [0x00000000e0000000, 0x00000000f5580000, 0x00000000f5580000)
  object space 349696K, 99% used [0x00000000e0000000,0x00000000f557ff88,0x00000000f5580000)
 Metaspace       used 53614K, committed 54400K, reserved 1097728K
  class space    used 5416K, committed 5760K, reserved 1048576K
}
Event: 1048.970 GC heap before
{Heap before GC invocations=863 (full 742):
 PSYoungGen      total 44032K, used 28672K [0x00000000f5580000, 0x00000000f9a00000, 0x0000000100000000)
  eden space 28672K, 100% used [0x00000000f5580000,0x00000000f7180000,0x00000000f7180000)
  from space 15360K, 0% used [0x00000000f7180000,0x00000000f7180000,0x00000000f8080000)
  to   space 18432K, 0% used [0x00000000f8800000,0x00000000f8800000,0x00000000f9a00000)
 ParOldGen       total 349696K, used 349695K [0x00000000e0000000, 0x00000000f5580000, 0x00000000f5580000)
  object space 349696K, 99% used [0x00000000e0000000,0x00000000f557ff88,0x00000000f5580000)
 Metaspace       used 53614K, committed 54400K, reserved 1097728K
  class space    used 5416K, committed 5760K, reserved 1048576K
}
Event: 1050.169 GC heap after
{Heap after GC invocations=863 (full 742):
 PSYoungGen      total 47104K, used 28671K [0x00000000f5580000, 0x00000000f9a00000, 0x0000000100000000)
  eden space 28672K, 99% used [0x00000000f5580000,0x00000000f717ffc0,0x00000000f7180000)
  from space 18432K, 0% used [0x00000000f8800000,0x00000000f8800000,0x00000000f9a00000)
  to   space 15360K, 0% used [0x00000000f7180000,0x00000000f7180000,0x00000000f8080000)
 ParOldGen       total 349696K, used 349695K [0x00000000e0000000, 0x00000000f5580000, 0x00000000f5580000)
  object space 349696K, 99% used [0x00000000e0000000,0x00000000f557ff88,0x00000000f5580000)
 Metaspace       used 53614K, committed 54400K, reserved 1097728K
  class space    used 5416K, committed 5760K, reserved 1048576K
}
Event: 1050.169 GC heap before
{Heap before GC invocations=864 (full 743):
 PSYoungGen      total 47104K, used 28672K [0x00000000f5580000, 0x00000000f9a00000, 0x0000000100000000)
  eden space 28672K, 100% used [0x00000000f5580000,0x00000000f7180000,0x00000000f7180000)
  from space 18432K, 0% used [0x00000000f8800000,0x00000000f8800000,0x00000000f9a00000)
  to   space 15360K, 0% used [0x00000000f7180000,0x00000000f7180000,0x00000000f8080000)
 ParOldGen       total 349696K, used 349695K [0x00000000e0000000, 0x00000000f5580000, 0x00000000f5580000)
  object space 349696K, 99% used [0x00000000e0000000,0x00000000f557ff88,0x00000000f5580000)
 Metaspace       used 53614K, committed 54400K, reserved 1097728K
  class space    used 5416K, committed 5760K, reserved 1048576K
}
Event: 1051.476 GC heap after
{Heap after GC invocations=864 (full 743):
 PSYoungGen      total 44032K, used 28671K [0x00000000f5580000, 0x00000000f9a00000, 0x0000000100000000)
  eden space 28672K, 99% used [0x00000000f5580000,0x00000000f717ffc0,0x00000000f7180000)
  from space 15360K, 0% used [0x00000000f7180000,0x00000000f7180000,0x00000000f8080000)
  to   space 18432K, 0% used [0x00000000f8800000,0x00000000f8800000,0x00000000f9a00000)
 ParOldGen       total 349696K, used 349695K [0x00000000e0000000, 0x00000000f5580000, 0x00000000f5580000)
  object space 349696K, 99% used [0x00000000e0000000,0x00000000f557ff88,0x00000000f5580000)
 Metaspace       used 53614K, committed 54400K, reserved 1097728K
  class space    used 5416K, committed 5760K, reserved 1048576K
}
Event: 1051.476 GC heap before
{Heap before GC invocations=865 (full 744):
 PSYoungGen      total 44032K, used 28671K [0x00000000f5580000, 0x00000000f9a00000, 0x0000000100000000)
  eden space 28672K, 99% used [0x00000000f5580000,0x00000000f717ffd8,0x00000000f7180000)
  from space 15360K, 0% used [0x00000000f7180000,0x00000000f7180000,0x00000000f8080000)
  to   space 18432K, 0% used [0x00000000f8800000,0x00000000f8800000,0x00000000f9a00000)
 ParOldGen       total 349696K, used 349695K [0x00000000e0000000, 0x00000000f5580000, 0x00000000f5580000)
  object space 349696K, 99% used [0x00000000e0000000,0x00000000f557ff88,0x00000000f5580000)
 Metaspace       used 53614K, committed 54400K, reserved 1097728K
  class space    used 5416K, committed 5760K, reserved 1048576K
}
Event: 1052.681 GC heap after
{Heap after GC invocations=865 (full 744):
 PSYoungGen      total 47104K, used 28671K [0x00000000f5580000, 0x00000000f9a00000, 0x0000000100000000)
  eden space 28672K, 99% used [0x00000000f5580000,0x00000000f717ffd8,0x00000000f7180000)
  from space 18432K, 0% used [0x00000000f8800000,0x00000000f8800000,0x00000000f9a00000)
  to   space 15360K, 0% used [0x00000000f7180000,0x00000000f7180000,0x00000000f8080000)
 ParOldGen       total 349696K, used 349695K [0x00000000e0000000, 0x00000000f5580000, 0x00000000f5580000)
  object space 349696K, 99% used [0x00000000e0000000,0x00000000f557ff88,0x00000000f5580000)
 Metaspace       used 53614K, committed 54400K, reserved 1097728K
  class space    used 5416K, committed 5760K, reserved 1048576K
}
Event: 1052.681 GC heap before
{Heap before GC invocations=866 (full 745):
 PSYoungGen      total 47104K, used 28671K [0x00000000f5580000, 0x00000000f9a00000, 0x0000000100000000)
  eden space 28672K, 99% used [0x00000000f5580000,0x00000000f717ffd8,0x00000000f7180000)
  from space 18432K, 0% used [0x00000000f8800000,0x00000000f8800000,0x00000000f9a00000)
  to   space 15360K, 0% used [0x00000000f7180000,0x00000000f7180000,0x00000000f8080000)
 ParOldGen       total 349696K, used 349695K [0x00000000e0000000, 0x00000000f5580000, 0x00000000f5580000)
  object space 349696K, 99% used [0x00000000e0000000,0x00000000f557ff88,0x00000000f5580000)
 Metaspace       used 53614K, committed 54400K, reserved 1097728K
  class space    used 5416K, committed 5760K, reserved 1048576K
}
Event: 1053.913 GC heap after
{Heap after GC invocations=866 (full 745):
 PSYoungGen      total 44032K, used 28671K [0x00000000f5580000, 0x00000000f9a00000, 0x0000000100000000)
  eden space 28672K, 99% used [0x00000000f5580000,0x00000000f717ffd8,0x00000000f7180000)
  from space 15360K, 0% used [0x00000000f7180000,0x00000000f7180000,0x00000000f8080000)
  to   space 18432K, 0% used [0x00000000f8800000,0x00000000f8800000,0x00000000f9a00000)
 ParOldGen       total 349696K, used 349695K [0x00000000e0000000, 0x00000000f5580000, 0x00000000f5580000)
  object space 349696K, 99% used [0x00000000e0000000,0x00000000f557ff88,0x00000000f5580000)
 Metaspace       used 53614K, committed 54400K, reserved 1097728K
  class space    used 5416K, committed 5760K, reserved 1048576K
}
Event: 1053.913 GC heap before
{Heap before GC invocations=867 (full 746):
 PSYoungGen      total 44032K, used 28671K [0x00000000f5580000, 0x00000000f9a00000, 0x0000000100000000)
  eden space 28672K, 99% used [0x00000000f5580000,0x00000000f717fff0,0x00000000f7180000)
  from space 15360K, 0% used [0x00000000f7180000,0x00000000f7180000,0x00000000f8080000)
  to   space 18432K, 0% used [0x00000000f8800000,0x00000000f8800000,0x00000000f9a00000)
 ParOldGen       total 349696K, used 349695K [0x00000000e0000000, 0x00000000f5580000, 0x00000000f5580000)
  object space 349696K, 99% used [0x00000000e0000000,0x00000000f557ffe8,0x00000000f5580000)
 Metaspace       used 53614K, committed 54400K, reserved 1097728K
  class space    used 5416K, committed 5760K, reserved 1048576K
}
Event: 1055.190 GC heap after
{Heap after GC invocations=867 (full 746):
 PSYoungGen      total 47104K, used 28671K [0x00000000f5580000, 0x00000000f9a00000, 0x0000000100000000)
  eden space 28672K, 99% used [0x00000000f5580000,0x00000000f717fff0,0x00000000f7180000)
  from space 18432K, 0% used [0x00000000f8800000,0x00000000f8800000,0x00000000f9a00000)
  to   space 15360K, 0% used [0x00000000f7180000,0x00000000f7180000,0x00000000f8080000)
 ParOldGen       total 349696K, used 349695K [0x00000000e0000000, 0x00000000f5580000, 0x00000000f5580000)
  object space 349696K, 99% used [0x00000000e0000000,0x00000000f557fd00,0x00000000f5580000)
 Metaspace       used 53614K, committed 54400K, reserved 1097728K
  class space    used 5416K, committed 5760K, reserved 1048576K
}
Event: 1055.190 GC heap before
{Heap before GC invocations=868 (full 747):
 PSYoungGen      total 47104K, used 28671K [0x00000000f5580000, 0x00000000f9a00000, 0x0000000100000000)
  eden space 28672K, 99% used [0x00000000f5580000,0x00000000f717fff0,0x00000000f7180000)
  from space 18432K, 0% used [0x00000000f8800000,0x00000000f8800000,0x00000000f9a00000)
  to   space 15360K, 0% used [0x00000000f7180000,0x00000000f7180000,0x00000000f8080000)
 ParOldGen       total 349696K, used 349695K [0x00000000e0000000, 0x00000000f5580000, 0x00000000f5580000)
  object space 349696K, 99% used [0x00000000e0000000,0x00000000f557fe70,0x00000000f5580000)
 Metaspace       used 53614K, committed 54400K, reserved 1097728K
  class space    used 5416K, committed 5760K, reserved 1048576K
}
Event: 1056.374 GC heap after
{Heap after GC invocations=868 (full 747):
 PSYoungGen      total 44032K, used 28671K [0x00000000f5580000, 0x00000000f9a00000, 0x0000000100000000)
  eden space 28672K, 99% used [0x00000000f5580000,0x00000000f717fff0,0x00000000f7180000)
  from space 15360K, 0% used [0x00000000f7180000,0x00000000f7180000,0x00000000f8080000)
  to   space 18432K, 0% used [0x00000000f8800000,0x00000000f8800000,0x00000000f9a00000)
 ParOldGen       total 349696K, used 349695K [0x00000000e0000000, 0x00000000f5580000, 0x00000000f5580000)
  object space 349696K, 99% used [0x00000000e0000000,0x00000000f557fda8,0x00000000f5580000)
 Metaspace       used 53614K, committed 54400K, reserved 1097728K
  class space    used 5416K, committed 5760K, reserved 1048576K
}
Event: 1056.374 GC heap before
{Heap before GC invocations=869 (full 748):
 PSYoungGen      total 44032K, used 28671K [0x00000000f5580000, 0x00000000f9a00000, 0x0000000100000000)
  eden space 28672K, 99% used [0x00000000f5580000,0x00000000f717fff0,0x00000000f7180000)
  from space 15360K, 0% used [0x00000000f7180000,0x00000000f7180000,0x00000000f8080000)
  to   space 18432K, 0% used [0x00000000f8800000,0x00000000f8800000,0x00000000f9a00000)
 ParOldGen       total 349696K, used 349695K [0x00000000e0000000, 0x00000000f5580000, 0x00000000f5580000)
  object space 349696K, 99% used [0x00000000e0000000,0x00000000f557fda8,0x00000000f5580000)
 Metaspace       used 53614K, committed 54400K, reserved 1097728K
  class space    used 5416K, committed 5760K, reserved 1048576K
}
Event: 1057.578 GC heap after
{Heap after GC invocations=869 (full 748):
 PSYoungGen      total 47104K, used 28671K [0x00000000f5580000, 0x00000000f9a00000, 0x0000000100000000)
  eden space 28672K, 99% used [0x00000000f5580000,0x00000000f717fff0,0x00000000f7180000)
  from space 18432K, 0% used [0x00000000f8800000,0x00000000f8800000,0x00000000f9a00000)
  to   space 15360K, 0% used [0x00000000f7180000,0x00000000f7180000,0x00000000f8080000)
 ParOldGen       total 349696K, used 349695K [0x00000000e0000000, 0x00000000f5580000, 0x00000000f5580000)
  object space 349696K, 99% used [0x00000000e0000000,0x00000000f557fda8,0x00000000f5580000)
 Metaspace       used 53614K, committed 54400K, reserved 1097728K
  class space    used 5416K, committed 5760K, reserved 1048576K
}

Dll operation events (9 events):
Event: 0.002 Loaded shared library /nix/store/gpxl5qgg8kicmcvivwmybwjlpf7wh20l-graalvm17-ce-22.3.0/lib/libjava.so
Event: 0.009 Loaded shared library /nix/store/gpxl5qgg8kicmcvivwmybwjlpf7wh20l-graalvm17-ce-22.3.0/lib/libjsvml.so
Event: 0.200 Loaded shared library /nix/store/gpxl5qgg8kicmcvivwmybwjlpf7wh20l-graalvm17-ce-22.3.0/lib/libjvmcicompiler.so
Event: 0.205 Loaded shared library /nix/store/gpxl5qgg8kicmcvivwmybwjlpf7wh20l-graalvm17-ce-22.3.0/lib/libnio.so
Event: 0.209 Loaded shared library /nix/store/gpxl5qgg8kicmcvivwmybwjlpf7wh20l-graalvm17-ce-22.3.0/lib/libzip.so
Event: 0.568 Loaded shared library /nix/store/gpxl5qgg8kicmcvivwmybwjlpf7wh20l-graalvm17-ce-22.3.0/lib/libjimage.so
Event: 1.087 Loaded shared library /nix/store/gpxl5qgg8kicmcvivwmybwjlpf7wh20l-graalvm17-ce-22.3.0/lib/libnet.so
Event: 4.167 Loaded shared library /home/runner/.cache/jdt-language-server/config/org.eclipse.equinox.launcher/org.eclipse.equinox.launcher.gtk.linux.x86_64_1.2.400.v20211117-0650/eclipse_11600.so
Event: 15.668 Loaded shared library /nix/store/gpxl5qgg8kicmcvivwmybwjlpf7wh20l-graalvm17-ce-22.3.0/lib/libextnet.so

Deoptimization events (20 events):
Event: 170.310 Thread 0x00007fc0140010d0 Uncommon trap: trap_request=0xffffffcd fr.pc=0x00007fc07b1292f7 relative=0x0000000000000e37
Event: 170.310 Thread 0x00007fc0140010d0 Uncommon trap: reason=intrinsic_or_type_checked_inlining action=reinterpret pc=0x00007fc07b1292f7 method=org.eclipse.jdt.internal.core.JavaModelManager.removeInfoAndChildren(Lorg/eclipse/jdt/internal/core/JavaElement;)Ljava/lang/Object; @ 8 jvmci
Event: 170.310 Thread 0x00007fc0140010d0 DEOPT PACKING pc=0x00007fc07b1292f7 sp=0x00007fc0399fe3a0
Event: 170.310 Thread 0x00007fc0140010d0 DEOPT UNPACKING pc=0x00007fc073505325 sp=0x00007fc0399fd860 mode 3
Event: 187.508 Thread 0x00007fbff819e460 Uncommon trap: trap_request=0xffffffed fr.pc=0x00007fc07b183dfd relative=0x000000000000055d
Event: 187.508 Thread 0x00007fbff819e460 Uncommon trap: reason=null_assert_or_unreached0 action=reinterpret pc=0x00007fc07b183dfd method=org.eclipse.jdt.core.Signature.appendClassTypeSignature([CIZLjava/lang/StringBuffer;)I @ 89 jvmci
Event: 187.508 Thread 0x00007fbff819e460 DEOPT PACKING pc=0x00007fc07b183dfd sp=0x00007fc038ffd0e0
Event: 187.508 Thread 0x00007fbff819e460 DEOPT UNPACKING pc=0x00007fc073505325 sp=0x00007fc038ffc558 mode 3
Event: 189.104 Thread 0x00007fbff819e460 DEOPT PACKING pc=0x00007fc07431fecd sp=0x00007fc038ffd220
Event: 189.104 Thread 0x00007fbff819e460 DEOPT UNPACKING pc=0x00007fc073505325 sp=0x00007fc038ffc6b8 mode 0
Event: 191.913 Thread 0x00007fbff819e460 Uncommon trap: trap_request=0xffffffed fr.pc=0x00007fc07b19ec80 relative=0x0000000000000100
Event: 191.913 Thread 0x00007fbff819e460 Uncommon trap: reason=null_assert_or_unreached0 action=reinterpret pc=0x00007fc07b19ec80 method=org.eclipse.jdt.internal.compiler.classfmt.ClassFileReader.getModifiers()I @ 0 jvmci
Event: 191.913 Thread 0x00007fbff819e460 DEOPT PACKING pc=0x00007fc07b19ec80 sp=0x00007fc038ffd230
Event: 191.913 Thread 0x00007fbff819e460 DEOPT UNPACKING pc=0x00007fc073505325 sp=0x00007fc038ffc6d0 mode 3
Event: 335.197 Thread 0x00007fc08c0b2210 DEOPT PACKING pc=0x00007fc073c073d8 sp=0x00007fc072717ef0
Event: 335.197 Thread 0x00007fc08c0b2210 DEOPT UNPACKING pc=0x00007fc073505325 sp=0x00007fc072717458 mode 0
Event: 1053.913 Thread 0x00007fc08c0b2210 Uncommon trap: trap_request=0xffffff8f fr.pc=0x00007fc07b04371b relative=0x000000000000017b
Event: 1053.913 Thread 0x00007fc08c0b2210 Uncommon trap: reason=constraint action=none pc=0x00007fc07b04371b method=java.io.ByteArrayOutputStream.<init>(I)V @ 0 jvmci
Event: 1055.190 Thread 0x00007fc08c0b2210 DEOPT PACKING pc=0x00007fc07b04371b sp=0x00007fc072718020
Event: 1055.190 Thread 0x00007fc08c0b2210 DEOPT UNPACKING pc=0x00007fc073505325 sp=0x00007fc0727174c8 mode 3

Classes unloaded (20 events):
Event: 159.267 Thread 0x00007fc08c0a1c30 Unloading class 0x0000000800ee4400 'jdk/internal/reflect/GeneratedConstructorAccessor9'
Event: 159.267 Thread 0x00007fc08c0a1c30 Unloading class 0x0000000800ee4000 'jdk/internal/reflect/GeneratedConstructorAccessor8'
Event: 162.204 Thread 0x00007fc08c0a1c30 Unloading class 0x0000000801061000 'java/lang/invoke/LambdaForm$MH+0x0000000801061000'
Event: 162.204 Thread 0x00007fc08c0a1c30 Unloading class 0x0000000801060c00 'java/lang/invoke/LambdaForm$MH+0x0000000801060c00'
Event: 162.204 Thread 0x00007fc08c0a1c30 Unloading class 0x0000000801060800 'java/lang/invoke/LambdaForm$MH+0x0000000801060800'
Event: 162.204 Thread 0x00007fc08c0a1c30 Unloading class 0x0000000801060400 'java/lang/invoke/LambdaForm$MH+0x0000000801060400'
Event: 162.204 Thread 0x00007fc08c0a1c30 Unloading class 0x0000000801060000 'java/lang/invoke/LambdaForm$MH+0x0000000801060000'
Event: 162.204 Thread 0x00007fc08c0a1c30 Unloading class 0x000000080105a400 'java/lang/invoke/LambdaForm$MH+0x000000080105a400'
Event: 162.204 Thread 0x00007fc08c0a1c30 Unloading class 0x0000000800d98400 'java/lang/invoke/LambdaForm$MH+0x0000000800d98400'
Event: 162.204 Thread 0x00007fc08c0a1c30 Unloading class 0x0000000800d08000 'java/lang/invoke/LambdaForm$MH+0x0000000800d08000'
Event: 172.797 Thread 0x00007fc08c0a1c30 Unloading class 0x0000000801098400 'jdk/internal/reflect/GeneratedSerializationConstructorAccessor4'
Event: 172.797 Thread 0x00007fc08c0a1c30 Unloading class 0x0000000801098000 'jdk/internal/reflect/GeneratedSerializationConstructorAccessor3'
Event: 172.797 Thread 0x00007fc08c0a1c30 Unloading class 0x0000000801094c00 'jdk/internal/reflect/GeneratedSerializationConstructorAccessor2'
Event: 172.797 Thread 0x00007fc08c0a1c30 Unloading class 0x0000000801094800 'jdk/internal/reflect/GeneratedSerializationConstructorAccessor1'
Event: 331.107 Thread 0x00007fc08c0a1c30 Unloading class 0x0000000800d99000 'java/lang/invoke/LambdaForm$MH+0x0000000800d99000'
Event: 331.107 Thread 0x00007fc08c0a1c30 Unloading class 0x0000000800ee4800 'java/lang/invoke/LambdaForm$MH+0x0000000800ee4800'
Event: 331.107 Thread 0x00007fc08c0a1c30 Unloading class 0x0000000800ee5000 'java/lang/invoke/LambdaForm$MH+0x0000000800ee5000'
Event: 331.107 Thread 0x00007fc08c0a1c30 Unloading class 0x0000000800d08000 'java/lang/invoke/LambdaForm$MH+0x0000000800d08000'
Event: 331.107 Thread 0x00007fc08c0a1c30 Unloading class 0x000000080105a400 'java/lang/invoke/LambdaForm$MH+0x000000080105a400'
Event: 331.107 Thread 0x00007fc08c0a1c30 Unloading class 0x0000000801061000 'java/lang/invoke/LambdaForm$MH+0x0000000801061000'

Classes redefined (0 events):
No events

Internal exceptions (20 events):
Event: 29.490 Thread 0x00007fc008001320 Exception <a 'sun/nio/fs/UnixException'{0x00000000f5c63f18}> (0x00000000f5c63f18) 
thrown [src/hotspot/share/prims/jni.cpp, line 516]
Event: 29.496 Thread 0x00007fc008001320 Exception <a 'sun/nio/fs/UnixException'{0x00000000f5c67b28}> (0x00000000f5c67b28) 
thrown [src/hotspot/share/prims/jni.cpp, line 516]
Event: 29.497 Thread 0x00007fc008001320 Exception <a 'sun/nio/fs/UnixException'{0x00000000f5c686e8}> (0x00000000f5c686e8) 
thrown [src/hotspot/share/prims/jni.cpp, line 516]
Event: 29.608 Thread 0x00007fc008001320 Exception <a 'java/lang/NoSuchMethodError'{0x00000000f6133e10}: 'int java.lang.invoke.DirectMethodHandle$Holder.invokeVirtual(java.lang.Object, java.lang.Object)'> (0x00000000f6133e10) 
thrown [src/hotspot/share/interpreter/linkResolver.cpp, line 758]
Event: 29.668 Thread 0x00007fc008001320 Implicit null exception at 0x00007fc07b0b9f34 to 0x00007fc07b0ba473
Event: 29.717 Thread 0x00007fc008001320 Exception <a 'java/lang/NoSuchMethodError'{0x00000000f558a428}: 'int java.lang.invoke.DirectMethodHandle$Holder.invokeVirtual(java.lang.Object, java.lang.Object, java.lang.Object)'> (0x00000000f558a428) 
thrown [src/hotspot/share/interpreter/linkResolver.cpp, line 758]
Event: 30.582 Thread 0x00007fc008001320 Exception <a 'sun/nio/fs/UnixException'{0x00000000f5fbd700}> (0x00000000f5fbd700) 
thrown [src/hotspot/share/prims/jni.cpp, line 516]
Event: 30.866 Thread 0x00007fc0140010d0 Exception <a 'java/lang/NoSuchMethodError'{0x00000000f6243b18}: 'java.lang.Object java.lang.invoke.DirectMethodHandle$Holder.invokeStatic(java.lang.Object, java.lang.Object, java.lang.Object, long)'> (0x00000000f6243b18) 
thrown [src/hotspot/share/interpreter/linkResolver.cpp, line 758]
Event: 30.866 Thread 0x00007fc0140010d0 Exception <a 'java/lang/NoSuchMethodError'{0x00000000f624d050}: 'java.lang.Object java.lang.invoke.DirectMethodHandle$Holder.newInvokeSpecial(java.lang.Object, java.lang.Object, java.lang.Object, long)'> (0x00000000f624d050) 
thrown [src/hotspot/share/interpreter/linkResolver.cpp, line 758]
Event: 30.866 Thread 0x00007fc0140010d0 Exception <a 'java/lang/NoSuchMethodError'{0x00000000f62523e8}: 'java.lang.Object java.lang.invoke.DirectMethodHandle$Holder.invokeSpecial(java.lang.Object, java.lang.Object, java.lang.Object, java.lang.Object, long)'> (0x00000000f62523e8) 
thrown [src/hotspot/share/interpreter/linkResolver.cpp, line 758]
Event: 30.873 Thread 0x00007fc0140010d0 Exception <a 'java/lang/NoSuchMethodError'{0x00000000f63a87c8}: 'java.lang.Object java.lang.invoke.Invokers$Holder.linkToTargetMethod(java.lang.Object, java.lang.Object, long, java.lang.Object)'> (0x00000000f63a87c8) 
thrown [src/hotspot/share/interpreter/linkResolver.cpp, line 758]
Event: 31.170 Thread 0x00007fbff819c1c0 Exception <a 'java/lang/NoSuchMethodError'{0x00000000f61dbf00}: 'int java.lang.invoke.DirectMethodHandle$Holder.invokeStatic(java.lang.Object, java.lang.Object, java.lang.Object, int)'> (0x00000000f61dbf00) 
thrown [src/hotspot/share/interpreter/linkResolver.cpp, line 758]
Event: 32.761 Thread 0x00007fbff819c1c0 Exception <a 'java/lang/NoSuchMethodError'{0x00000000f57db420}: 'java.lang.Object java.lang.invoke.DirectMethodHandle$Holder.invokeStatic(java.lang.Object, int, java.lang.Object, java.lang.Object, java.lang.Object, java.lang.Object)'> (0x00000000f57db420) 
thrown [src/hotspot/share/interpreter/linkResolver.cpp, line 758]
Event: 33.086 Thread 0x00007fbff819c1c0 Exception <a 'java/lang/NoSuchMethodError'{0x00000000f63805a0}: 'void java.lang.invoke.DirectMethodHandle$Holder.invokeSpecial(java.lang.Object, java.lang.Object, int)'> (0x00000000f63805a0) 
thrown [src/hotspot/share/interpreter/linkResolver.cpp, line 758]
Event: 34.309 Thread 0x00007fbff819c1c0 Exception <a 'java/lang/NoSuchMethodError'{0x00000000f5fdc378}: 'int java.lang.invoke.DirectMethodHandle$Holder.invokeSpecialIFC(java.lang.Object, java.lang.Object, java.lang.Object, java.lang.Object)'> (0x00000000f5fdc378) 
thrown [src/hotspot/share/interpreter/linkResolver.cpp, line 758]
Event: 183.404 Thread 0x00007fbff819dee0 Exception <a 'java/lang/OutOfMemoryError'{0x00000000e0004128}> (0x00000000e0004128) 
thrown [src/hotspot/share/gc/shared/memAllocator.cpp, line 136]
Event: 193.385 Thread 0x00007fbff819dee0 Exception <a 'java/lang/ClassNotFoundException'{0x00000000f717ade8}: sun/util/logging/resources/spi/loggingProvider> (0x00000000f717ade8) 
thrown [src/hotspot/share/classfile/systemDictionary.cpp, line 256]
Event: 1053.913 Thread 0x00007fc08c0b2210 Exception <a 'java/lang/OutOfMemoryError'{0x00000000e00043f8}> (0x00000000e00043f8) 
thrown [src/hotspot/share/gc/shared/memAllocator.cpp, line 138]
Event: 1053.913 Thread 0x00007fc08c0b2210 Implicit null exception at 0x00007fc07b0436d1 to 0x00007fc07b043700
Event: 1057.579 Thread 0x00007fc08c0b2210 Exception <a 'java/lang/OutOfMemoryError'{0x00000000e0004448}> (0x00000000e0004448) 
thrown [src/hotspot/share/gc/shared/memAllocator.cpp, line 136]

VM Operations (20 events):
Event: 1043.793 Executing VM operation: ParallelGCFailedAllocation done
Event: 1043.795 Executing VM operation: ParallelGCFailedAllocation
Event: 1045.107 Executing VM operation: ParallelGCFailedAllocation done
Event: 1045.107 Executing VM operation: ParallelGCFailedAllocation
Event: 1046.396 Executing VM operation: ParallelGCFailedAllocation done
Event: 1046.396 Executing VM operation: ParallelGCFailedAllocation
Event: 1047.592 Executing VM operation: ParallelGCFailedAllocation done
Event: 1047.592 Executing VM operation: ParallelGCFailedAllocation
Event: 1048.968 Executing VM operation: ParallelGCFailedAllocation done
Event: 1048.968 Executing VM operation: ParallelGCFailedAllocation
Event: 1050.169 Executing VM operation: ParallelGCFailedAllocation done
Event: 1050.169 Executing VM operation: ParallelGCFailedAllocation
Event: 1051.476 Executing VM operation: ParallelGCFailedAllocation done
Event: 1051.476 Executing VM operation: ParallelGCFailedAllocation
Event: 1053.913 Executing VM operation: ParallelGCFailedAllocation done
Event: 1053.913 Executing VM operation: ParallelGCFailedAllocation
Event: 1055.190 Executing VM operation: ParallelGCFailedAllocation done
Event: 1055.190 Executing VM operation: ParallelGCFailedAllocation
Event: 1057.579 Executing VM operation: ParallelGCFailedAllocation done
Event: 1057.579 Executing VM operation: ParallelGCFailedAllocation

Events (20 events):
Event: 193.384 loading class java/lang/Throwable$WrappedPrintWriter done
Event: 193.385 loading class java/util/logging/Level$RbAccess
Event: 193.385 loading class java/util/logging/Level$RbAccess done
Event: 193.385 loading class sun/util/logging/resources/logging
Event: 193.385 loading class sun/util/logging/resources/logging done
Event: 193.385 loading class sun/util/logging/resources/logging_en
Event: 193.385 loading class sun/util/logging/resources/logging_en done
Event: 193.385 loading class sun/util/logging/resources/logging_en
Event: 193.385 loading class sun/util/logging/resources/logging_en done
Event: 193.385 loading class sun/util/logging/resources/logging_en_US
Event: 193.385 loading class sun/util/logging/resources/logging_en_US done
Event: 193.385 loading class sun/util/logging/resources/logging_en_US
Event: 193.385 loading class sun/util/logging/resources/logging_en_US done
Event: 193.386 loading class java/util/Formatter$DateTime
Event: 193.386 loading class java/util/Formatter$DateTime done
Event: 193.386 loading class java/time/ZonedDateTime$1
Event: 193.386 loading class java/time/ZonedDateTime$1 done
Event: 201.593 Thread 0x00007fbff819dee0 Thread exited: 0x00007fbff819dee0
Event: 314.376 Thread 0x00007fbff400a3c0 Thread added: 0x00007fbff400a3c0
Event: 314.376 Protecting memory [0x00007fc039b00000,0x00007fc039b04000] with protection modes 0


Dynamic libraries:
e0000000-f5580000 rw-p 00000000 00:00 0 
f5580000-f9a00000 rw-p 00000000 00:00 0 
f9a00000-100000000 ---p 00000000 00:00 0 
800000000-800449000 rw-p 00001000 00:150e 9223372037562745673            /nix/store/gpxl5qgg8kicmcvivwmybwjlpf7wh20l-graalvm17-ce-22.3.0/lib/server/classes.jsa
800449000-800bc8000 r--p 0044a000 00:150e 9223372037562745673            /nix/store/gpxl5qgg8kicmcvivwmybwjlpf7wh20l-graalvm17-ce-22.3.0/lib/server/classes.jsa
800bc8000-800c00000 ---p 00000000 00:00 0 
800c00000-800c20000 rw-p 00000000 00:00 0 
800c20000-800c40000 rw-p 00000000 00:00 0 
800c40000-800cc0000 rw-p 00000000 00:00 0 
800cc0000-800d00000 rw-p 00000000 00:00 0 
800d00000-800dc0000 rw-p 00000000 00:00 0 
800dc0000-800e00000 rw-p 00000000 00:00 0 
800e00000-800f40000 rw-p 00000000 00:00 0 
800f40000-800fc0000 rw-p 00000000 00:00 0 
800fc0000-801000000 rw-p 00000000 00:00 0 
801000000-8011a0000 rw-p 00000000 00:00 0 
8011a0000-840c00000 ---p 00000000 00:00 0 
556b6a9af000-556b6a9b0000 r-xp 00000000 00:150e 9223372037526805748      /nix/store/gpxl5qgg8kicmcvivwmybwjlpf7wh20l-graalvm17-ce-22.3.0/bin/.java-wrapped
556b6a9b1000-556b6a9b2000 r--p 00001000 00:150e 9223372037526805748      /nix/store/gpxl5qgg8kicmcvivwmybwjlpf7wh20l-graalvm17-ce-22.3.0/bin/.java-wrapped
556b6a9b2000-556b6a9b3000 rw-p 00002000 00:150e 9223372037526805748      /nix/store/gpxl5qgg8kicmcvivwmybwjlpf7wh20l-graalvm17-ce-22.3.0/bin/.java-wrapped
556b6a9b3000-556b6a9b4000 rw-p 00004000 00:150e 9223372037526805748      /nix/store/gpxl5qgg8kicmcvivwmybwjlpf7wh20l-graalvm17-ce-22.3.0/bin/.java-wrapped
556b6a9b4000-556b6a9b5000 rw-p 00005000 00:150e 9223372037526805748      /nix/store/gpxl5qgg8kicmcvivwmybwjlpf7wh20l-graalvm17-ce-22.3.0/bin/.java-wrapped
556b6b72e000-556b6b776000 rw-p 00000000 00:00 0                          [heap]
7fbfd8000000-7fbfd805c000 rw-p 00000000 00:00 0 
7fbfd805c000-7fbfdc000000 ---p 00000000 00:00 0 
7fbfe0000000-7fbfe01b4000 rw-p 00000000 00:00 0 
7fbfe01b4000-7fbfe4000000 ---p 00000000 00:00 0 
7fbfe5400000-7fbfe5bd0000 rw-p 00000000 00:00 0 
7fbfe5bd0000-7fbfe5c00000 ---p 00000000 00:00 0 
7fbfe5cb3000-7fbfef800000 r--s 00000000 00:150e 9223372037562580485      /nix/store/gpxl5qgg8kicmcvivwmybwjlpf7wh20l-graalvm17-ce-22.3.0/lib/modules
7fbfef800000-7fbfefa00000 rw-p 00000000 00:00 0 
7fbfefa00000-7fbfefd00000 rw-p 00000000 00:00 0 
7fbfefd00000-7fbfefdb0000 rw-p 00000000 00:00 0 
7fbfefdb0000-7fbfefe00000 ---p 00000000 00:00 0 
7fbfefe00000-7fbfeff40000 rw-p 00000000 00:00 0 
7fbfeff40000-7fbff0000000 rw-p 00000000 00:00 0 
7fbff0000000-7fbff0021000 rw-p 00000000 00:00 0 
7fbff0021000-7fbff4000000 ---p 00000000 00:00 0 
7fbff4000000-7fbff4021000 rw-p 00000000 00:00 0 
7fbff4021000-7fbff8000000 ---p 00000000 00:00 0 
7fbff8000000-7fbff81ae000 rw-p 00000000 00:00 0 
7fbff81ae000-7fbffc000000 ---p 00000000 00:00 0 
7fbffc000000-7fbffc0dd000 rw-p 00000000 00:00 0 
7fbffc0dd000-7fc000000000 ---p 00000000 00:00 0 
7fc000000000-7fc000021000 rw-p 00000000 00:00 0 
7fc000021000-7fc004000000 ---p 00000000 00:00 0 
7fc004000000-7fc004143000 rw-p 00000000 00:00 0 
7fc004143000-7fc008000000 ---p 00000000 00:00 0 
7fc008000000-7fc008040000 rw-p 00000000 00:00 0 
7fc008040000-7fc00c000000 ---p 00000000 00:00 0 
7fc00c000000-7fc00c069000 rw-p 00000000 00:00 0 
7fc00c069000-7fc010000000 ---p 00000000 00:00 0 
7fc010000000-7fc010021000 rw-p 00000000 00:00 0 
7fc010021000-7fc014000000 ---p 00000000 00:00 0 
7fc014000000-7fc01437d000 rw-p 00000000 00:00 0 
7fc01437d000-7fc018000000 ---p 00000000 00:00 0 
7fc018000000-7fc018021000 rw-p 00000000 00:00 0 
7fc018021000-7fc01c000000 ---p 00000000 00:00 0 
7fc01c000000-7fc01c021000 rw-p 00000000 00:00 0 
7fc01c021000-7fc020000000 ---p 00000000 00:00 0 
7fc020000000-7fc0208c4000 rw-p 00000000 00:00 0 
7fc0208c4000-7fc024000000 ---p 00000000 00:00 0 
7fc024000000-7fc02403d000 rw-p 00000000 00:00 0 
7fc02403d000-7fc028000000 ---p 00000000 00:00 0 
7fc028000000-7fc028021000 rw-p 00000000 00:00 0 
7fc028021000-7fc02c000000 ---p 00000000 00:00 0 
7fc02c000000-7fc02c021000 rw-p 00000000 00:00 0 
7fc02c021000-7fc030000000 ---p 00000000 00:00 0 
7fc030000000-7fc030021000 rw-p 00000000 00:00 0 
7fc030021000-7fc034000000 ---p 00000000 00:00 0 
7fc034400000-7fc034500000 rw-p 00000000 00:00 0 
7fc034500000-7fc034580000 rw-p 00000000 00:00 0 
7fc034580000-7fc034600000 rw-p 00000000 00:00 0 
7fc034600000-7fc034700000 rw-p 00000000 00:00 0 
7fc034700000-7fc034900000 rw-p 00000000 00:00 0 
7fc034900000-7fc034a00000 rw-p 00000000 00:00 0 
7fc034a00000-7fc034c00000 rw-p 00000000 00:00 0 
7fc034c00000-7fc034d00000 rw-p 00000000 00:00 0 
7fc034d00000-7fc034e00000 rw-p 00000000 00:00 0 
7fc034e00000-7fc035380000 rw-p 00000000 00:00 0 
7fc035380000-7fc035400000 rw-p 00000000 00:00 0 
7fc035400000-7fc035500000 rw-p 00000000 00:00 0 
7fc035500000-7fc035600000 rw-p 00000000 00:00 0 
7fc035600000-7fc035b00000 rw-p 00000000 00:00 0 
7fc035b00000-7fc035c00000 rw-p 00000000 00:00 0 
7fc035e00000-7fc035e10000 r-xp 00000000 00:150b 355                      /home/runner/.cache/jdt-language-server/config/org.eclipse.equinox.launcher/org.eclipse.equinox.launcher.gtk.linux.x86_64_1.2.400.v20211117-0650/eclipse_11600.so
7fc035e10000-7fc03600f000 ---p 00010000 00:150b 355                      /home/runner/.cache/jdt-language-server/config/org.eclipse.equinox.launcher/org.eclipse.equinox.launcher.gtk.linux.x86_64_1.2.400.v20211117-0650/eclipse_11600.so
7fc03600f000-7fc036010000 r--p 0000f000 00:150b 355                      /home/runner/.cache/jdt-language-server/config/org.eclipse.equinox.launcher/org.eclipse.equinox.launcher.gtk.linux.x86_64_1.2.400.v20211117-0650/eclipse_11600.so
7fc036010000-7fc036011000 rw-p 00010000 00:150b 355                      /home/runner/.cache/jdt-language-server/config/org.eclipse.equinox.launcher/org.eclipse.equinox.launcher.gtk.linux.x86_64_1.2.400.v20211117-0650/eclipse_11600.so
7fc037700000-7fc037800000 ---p 00000000 00:00 0 
7fc037800000-7fc037daf000 r--p 01122000 00:150e 9223372037562577944      /nix/store/gpxl5qgg8kicmcvivwmybwjlpf7wh20l-graalvm17-ce-22.3.0/lib/libjvmcicompiler.so
7fc037daf000-7fc037f00000 r--p 00000000 00:00 0 
7fc037f00000-7fc037f3d000 rw-p 00000000 00:00 0 
7fc037f3d000-7fc03845d000 rw-p 0185f000 00:150e 9223372037562577944      /nix/store/gpxl5qgg8kicmcvivwmybwjlpf7wh20l-graalvm17-ce-22.3.0/lib/libjvmcicompiler.so
7fc03845d000-7fc038844000 r--p 01d7f000 00:150e 9223372037562577944      /nix/store/gpxl5qgg8kicmcvivwmybwjlpf7wh20l-graalvm17-ce-22.3.0/lib/libjvmcicompiler.so
7fc038900000-7fc038904000 ---p 00000000 00:00 0 
7fc038904000-7fc038a00000 rw-p 00000000 00:00 0 
7fc038b00000-7fc038b04000 ---p 00000000 00:00 0 
7fc038b04000-7fc038c00000 rw-p 00000000 00:00 0 
7fc038d00000-7fc038d04000 ---p 00000000 00:00 0 
7fc038d04000-7fc038e00000 rw-p 00000000 00:00 0 
7fc038f00000-7fc038f04000 ---p 00000000 00:00 0 
7fc038f04000-7fc039000000 rw-p 00000000 00:00 0 
7fc039100000-7fc039104000 ---p 00000000 00:00 0 
7fc039104000-7fc039200000 rw-p 00000000 00:00 0 
7fc039300000-7fc039304000 ---p 00000000 00:00 0 
7fc039304000-7fc039400000 rw-p 00000000 00:00 0 
7fc039500000-7fc039504000 ---p 00000000 00:00 0 
7fc039504000-7fc039600000 rw-p 00000000 00:00 0 
7fc039700000-7fc039704000 ---p 00000000 00:00 0 
7fc039704000-7fc039800000 rw-p 00000000 00:00 0 
7fc039900000-7fc039904000 ---p 00000000 00:00 0 
7fc039904000-7fc039a00000 rw-p 00000000 00:00 0 
7fc039b00000-7fc039b04000 ---p 00000000 00:00 0 
7fc039b04000-7fc039c00000 rw-p 00000000 00:00 0 
7fc039c00000-7fc03bd6a000 r-xp 00000000 00:150e 9223372037562577944      /nix/store/gpxl5qgg8kicmcvivwmybwjlpf7wh20l-graalvm17-ce-22.3.0/lib/libjvmcicompiler.so
7fc03bd6a000-7fc03bf69000 ---p 0216a000 00:150e 9223372037562577944      /nix/store/gpxl5qgg8kicmcvivwmybwjlpf7wh20l-graalvm17-ce-22.3.0/lib/libjvmcicompiler.so
7fc03bf69000-7fc03bf6a000 r--p 02169000 00:150e 9223372037562577944      /nix/store/gpxl5qgg8kicmcvivwmybwjlpf7wh20l-graalvm17-ce-22.3.0/lib/libjvmcicompiler.so
7fc03bf6a000-7fc03bf6c000 rw-p 0216a000 00:150e 9223372037562577944      /nix/store/gpxl5qgg8kicmcvivwmybwjlpf7wh20l-graalvm17-ce-22.3.0/lib/libjvmcicompiler.so
7fc03bf6c000-7fc03bf6d000 rw-p 00000000 00:00 0 
7fc03bf6d000-7fc03bf72000 rw-p 023c3000 00:150e 9223372037562577944      /nix/store/gpxl5qgg8kicmcvivwmybwjlpf7wh20l-graalvm17-ce-22.3.0/lib/libjvmcicompiler.so
7fc03c000000-7fc03c021000 rw-p 00000000 00:00 0 
7fc03c021000-7fc040000000 ---p 00000000 00:00 0 
7fc040000000-7fc040021000 rw-p 00000000 00:00 0 
7fc040021000-7fc044000000 ---p 00000000 00:00 0 
7fc044000000-7fc044021000 rw-p 00000000 00:00 0 
7fc044021000-7fc048000000 ---p 00000000 00:00 0 
7fc048000000-7fc048021000 rw-p 00000000 00:00 0 
7fc048021000-7fc04c000000 ---p 00000000 00:00 0 
7fc04c000000-7fc04c0d0000 rw-p 00000000 00:00 0 
7fc04c0d0000-7fc050000000 ---p 00000000 00:00 0 
7fc050000000-7fc050b2d000 rw-p 00000000 00:00 0 
7fc050b2d000-7fc054000000 ---p 00000000 00:00 0 
7fc054000000-7fc054021000 rw-p 00000000 00:00 0 
7fc054021000-7fc058000000 ---p 00000000 00:00 0 
7fc058000000-7fc058021000 rw-p 00000000 00:00 0 
7fc058021000-7fc05c000000 ---p 00000000 00:00 0 
7fc05c000000-7fc05c021000 rw-p 00000000 00:00 0 
7fc05c021000-7fc060000000 ---p 00000000 00:00 0 
7fc060000000-7fc060021000 rw-p 00000000 00:00 0 
7fc060021000-7fc064000000 ---p 00000000 00:00 0 
7fc064000000-7fc064021000 rw-p 00000000 00:00 0 
7fc064021000-7fc068000000 ---p 00000000 00:00 0 
7fc068000000-7fc068021000 rw-p 00000000 00:00 0 
7fc068021000-7fc06c000000 ---p 00000000 00:00 0 
7fc06c000000-7fc06c05e000 rw-p 00000000 00:00 0 
7fc06c05e000-7fc070000000 ---p 00000000 00:00 0 
7fc070000000-7fc070004000 ---p 00000000 00:00 0 
7fc070004000-7fc070100000 rw-p 00000000 00:00 0 
7fc070200000-7fc070204000 ---p 00000000 00:00 0 
7fc070204000-7fc070300000 rw-p 00000000 00:00 0 
7fc070300000-7fc070304000 ---p 00000000 00:00 0 
7fc070304000-7fc070400000 rw-p 00000000 00:00 0 
7fc070400000-7fc070404000 ---p 00000000 00:00 0 
7fc070404000-7fc070500000 rw-p 00000000 00:00 0 
7fc070600000-7fc070604000 ---p 00000000 00:00 0 
7fc070604000-7fc070700000 rw-p 00000000 00:00 0 
7fc070800000-7fc070804000 ---p 00000000 00:00 0 
7fc070804000-7fc070900000 rw-p 00000000 00:00 0 
7fc070a00000-7fc070a04000 ---p 00000000 00:00 0 
7fc070a04000-7fc070b00000 rw-p 00000000 00:00 0 
7fc070c00000-7fc070c04000 ---p 00000000 00:00 0 
7fc070c04000-7fc070d00000 rw-p 00000000 00:00 0 
7fc071a68000-7fc071f00000 rw-p 00000000 00:00 0 
7fc071f18000-7fc071f19000 ---p 00000000 00:00 0 
7fc071f19000-7fc07201a000 rw-p 00000000 00:00 0 
7fc07201a000-7fc07201e000 ---p 00000000 00:00 0 
7fc07201e000-7fc07211a000 rw-p 00000000 00:00 0 
7fc07211a000-7fc07211e000 ---p 00000000 00:00 0 
7fc07211e000-7fc07221a000 rw-p 00000000 00:00 0 
7fc07221a000-7fc07221e000 ---p 00000000 00:00 0 
7fc07221e000-7fc07231a000 rw-p 00000000 00:00 0 
7fc07231a000-7fc07231e000 ---p 00000000 00:00 0 
7fc07231e000-7fc07251a000 rw-p 00000000 00:00 0 
7fc07251a000-7fc07251e000 ---p 00000000 00:00 0 
7fc07251e000-7fc07271a000 rw-p 00000000 00:00 0 
7fc07271a000-7fc07271e000 ---p 00000000 00:00 0 
7fc07271e000-7fc07281a000 rw-p 00000000 00:00 0 
7fc07281a000-7fc07281e000 ---p 00000000 00:00 0 
7fc07281e000-7fc07291a000 rw-p 00000000 00:00 0 
7fc07291a000-7fc072c00000 r--p 00000000 00:14dd 28444448                 /usr/lib/locale/locale-archive
7fc072c00000-7fc073000000 rw-p 00000000 00:00 0 
7fc073000000-7fc073300000 rw-p 00000000 00:00 0 
7fc073300000-7fc073400000 rw-p 00000000 00:00 0 
7fc0734b3000-7fc073723000 rwxp 00000000 00:00 0 
7fc073723000-7fc073a42000 ---p 00000000 00:00 0 
7fc073a42000-7fc074792000 rwxp 00000000 00:00 0 
7fc074792000-7fc07af7a000 ---p 00000000 00:00 0 
7fc07af7a000-7fc07b1ea000 rwxp 00000000 00:00 0 
7fc07b1ea000-7fc0824b3000 ---p 00000000 00:00 0 
7fc0824b3000-7fc08c000000 r--s 00000000 00:150e 9223372037562580485      /nix/store/gpxl5qgg8kicmcvivwmybwjlpf7wh20l-graalvm17-ce-22.3.0/lib/modules
7fc08c000000-7fc08c60a000 rw-p 00000000 00:00 0 
7fc08c60a000-7fc090000000 ---p 00000000 00:00 0 
7fc090096000-7fc090098000 r-xp 00000000 00:150e 9223372037562577921      /nix/store/gpxl5qgg8kicmcvivwmybwjlpf7wh20l-graalvm17-ce-22.3.0/lib/libextnet.so
7fc090098000-7fc090099000 r--p 00001000 00:150e 9223372037562577921      /nix/store/gpxl5qgg8kicmcvivwmybwjlpf7wh20l-graalvm17-ce-22.3.0/lib/libextnet.so
7fc090099000-7fc09009a000 rw-p 00002000 00:150e 9223372037562577921      /nix/store/gpxl5qgg8kicmcvivwmybwjlpf7wh20l-graalvm17-ce-22.3.0/lib/libextnet.so
7fc09009a000-7fc09009b000 rw-p 00004000 00:150e 9223372037562577921      /nix/store/gpxl5qgg8kicmcvivwmybwjlpf7wh20l-graalvm17-ce-22.3.0/lib/libextnet.so
7fc09009b000-7fc09009f000 ---p 00000000 00:00 0 
7fc09009f000-7fc0900bd000 rw-p 00000000 00:00 0 
7fc0900bd000-7fc0900c4000 r-xp 00000000 00:150e 9223372037562580484      /nix/store/gpxl5qgg8kicmcvivwmybwjlpf7wh20l-graalvm17-ce-22.3.0/lib/libzip.so
7fc0900c4000-7fc0900c5000 ---p 00007000 00:150e 9223372037562580484      /nix/store/gpxl5qgg8kicmcvivwmybwjlpf7wh20l-graalvm17-ce-22.3.0/lib/libzip.so
7fc0900c5000-7fc0900c6000 r--p 00007000 00:150e 9223372037562580484      /nix/store/gpxl5qgg8kicmcvivwmybwjlpf7wh20l-graalvm17-ce-22.3.0/lib/libzip.so
7fc0900c6000-7fc0900c7000 rw-p 00008000 00:150e 9223372037562580484      /nix/store/gpxl5qgg8kicmcvivwmybwjlpf7wh20l-graalvm17-ce-22.3.0/lib/libzip.so
7fc0900c7000-7fc0900c9000 rw-p 0000b000 00:150e 9223372037562580484      /nix/store/gpxl5qgg8kicmcvivwmybwjlpf7wh20l-graalvm17-ce-22.3.0/lib/libzip.so
7fc0900c9000-7fc0900de000 r-xp 00000000 00:150e 9223372037562580474      /nix/store/gpxl5qgg8kicmcvivwmybwjlpf7wh20l-graalvm17-ce-22.3.0/lib/libnet.so
7fc0900de000-7fc0900df000 ---p 00015000 00:150e 9223372037562580474      /nix/store/gpxl5qgg8kicmcvivwmybwjlpf7wh20l-graalvm17-ce-22.3.0/lib/libnet.so
7fc0900df000-7fc0900e0000 r--p 00015000 00:150e 9223372037562580474      /nix/store/gpxl5qgg8kicmcvivwmybwjlpf7wh20l-graalvm17-ce-22.3.0/lib/libnet.so
7fc0900e0000-7fc0900e1000 rw-p 00016000 00:150e 9223372037562580474      /nix/store/gpxl5qgg8kicmcvivwmybwjlpf7wh20l-graalvm17-ce-22.3.0/lib/libnet.so
7fc0900e1000-7fc0900e4000 rw-p 0001b000 00:150e 9223372037562580474      /nix/store/gpxl5qgg8kicmcvivwmybwjlpf7wh20l-graalvm17-ce-22.3.0/lib/libnet.so
7fc0900e4000-7fc0900f7000 r-xp 00000000 00:150e 9223372037562580475      /nix/store/gpxl5qgg8kicmcvivwmybwjlpf7wh20l-graalvm17-ce-22.3.0/lib/libnio.so
7fc0900f7000-7fc0900f8000 r--p 00012000 00:150e 9223372037562580475      /nix/store/gpxl5qgg8kicmcvivwmybwjlpf7wh20l-graalvm17-ce-22.3.0/lib/libnio.so
7fc0900f8000-7fc0900f9000 rw-p 00013000 00:150e 9223372037562580475      /nix/store/gpxl5qgg8kicmcvivwmybwjlpf7wh20l-graalvm17-ce-22.3.0/lib/libnio.so
7fc0900f9000-7fc0900fe000 rw-p 00019000 00:150e 9223372037562580475      /nix/store/gpxl5qgg8kicmcvivwmybwjlpf7wh20l-graalvm17-ce-22.3.0/lib/libnio.so
7fc0900fe000-7fc090102000 ---p 00000000 00:00 0 
7fc090102000-7fc0901fe000 rw-p 00000000 00:00 0 
7fc0901fe000-7fc090202000 ---p 00000000 00:00 0 
7fc090202000-7fc0902fe000 rw-p 00000000 00:00 0 
7fc0902fe000-7fc090302000 ---p 00000000 00:00 0 
7fc090302000-7fc0903fe000 rw-p 00000000 00:00 0 
7fc0903fe000-7fc0903ff000 ---p 00000000 00:00 0 
7fc0903ff000-7fc090500000 rw-p 00000000 00:00 0 
7fc090500000-7fc0905ce000 r-xp 00000000 00:150e 9223372037562577940      /nix/store/gpxl5qgg8kicmcvivwmybwjlpf7wh20l-graalvm17-ce-22.3.0/lib/libjsvml.so
7fc0905ce000-7fc0905cf000 r--p 000cd000 00:150e 9223372037562577940      /nix/store/gpxl5qgg8kicmcvivwmybwjlpf7wh20l-graalvm17-ce-22.3.0/lib/libjsvml.so
7fc0905cf000-7fc0905d0000 rw-p 000ce000 00:150e 9223372037562577940      /nix/store/gpxl5qgg8kicmcvivwmybwjlpf7wh20l-graalvm17-ce-22.3.0/lib/libjsvml.so
7fc0905d0000-7fc091ea8000 rw-p 00000000 00:00 0 
7fc091ea8000-7fc091ea9000 ---p 00000000 00:00 0 
7fc091ea9000-7fc092054000 rw-p 00000000 00:00 0 
7fc092054000-7fc092077000 rw-p 00000000 00:00 0 
7fc092077000-7fc0920aa000 ---p 00000000 00:00 0 
7fc0920aa000-7fc0920b0000 rw-p 00000000 00:00 0 
7fc0920b0000-7fc092196000 ---p 00000000 00:00 0 
7fc092196000-7fc0921b1000 rw-p 00000000 00:00 0 
7fc0921b1000-7fc092281000 ---p 00000000 00:00 0 
7fc092281000-7fc092286000 rw-p 00000000 00:00 0 
7fc092286000-7fc09228d000 ---p 00000000 00:00 0 
7fc09228d000-7fc0922b1000 r-xp 00000000 00:150e 9223372037562577932      /nix/store/gpxl5qgg8kicmcvivwmybwjlpf7wh20l-graalvm17-ce-22.3.0/lib/libjava.so
7fc0922b1000-7fc0922b2000 ---p 00024000 00:150e 9223372037562577932      /nix/store/gpxl5qgg8kicmcvivwmybwjlpf7wh20l-graalvm17-ce-22.3.0/lib/libjava.so
7fc0922b2000-7fc0922b3000 r--p 00024000 00:150e 9223372037562577932      /nix/store/gpxl5qgg8kicmcvivwmybwjlpf7wh20l-graalvm17-ce-22.3.0/lib/libjava.so
7fc0922b3000-7fc0922b4000 rw-p 00025000 00:150e 9223372037562577932      /nix/store/gpxl5qgg8kicmcvivwmybwjlpf7wh20l-graalvm17-ce-22.3.0/lib/libjava.so
7fc0922b4000-7fc0922b5000 rw-p 00000000 00:00 0 
7fc0922b5000-7fc0922bc000 rw-p 0002f000 00:150e 9223372037562577932      /nix/store/gpxl5qgg8kicmcvivwmybwjlpf7wh20l-graalvm17-ce-22.3.0/lib/libjava.so
7fc0922bc000-7fc0922c4000 rw-s 00000000 00:21f 352                       /tmp/hsperfdata_runner/29
7fc0922c4000-7fc0922c5000 ---p 00000000 00:00 0 
7fc0922c5000-7fc0922c6000 r--p 00000000 00:00 0 
7fc0922c6000-7fc0922c7000 rwxp 00000000 00:00 0 
7fc0922c7000-7fc0922e2000 r-xp 00000000 00:150e 9223372037562577936      /nix/store/gpxl5qgg8kicmcvivwmybwjlpf7wh20l-graalvm17-ce-22.3.0/lib/libjimage.so
7fc0922e2000-7fc0922e3000 ---p 0001b000 00:150e 9223372037562577936      /nix/store/gpxl5qgg8kicmcvivwmybwjlpf7wh20l-graalvm17-ce-22.3.0/lib/libjimage.so
7fc0922e3000-7fc0922e5000 r--p 0001b000 00:150e 9223372037562577936      /nix/store/gpxl5qgg8kicmcvivwmybwjlpf7wh20l-graalvm17-ce-22.3.0/lib/libjimage.so
7fc0922e5000-7fc0922e6000 rw-p 0001d000 00:150e 9223372037562577936      /nix/store/gpxl5qgg8kicmcvivwmybwjlpf7wh20l-graalvm17-ce-22.3.0/lib/libjimage.so
7fc0922e6000-7fc0922e7000 rw-p 00024000 00:150e 9223372037562577936      /nix/store/gpxl5qgg8kicmcvivwmybwjlpf7wh20l-graalvm17-ce-22.3.0/lib/libjimage.so
7fc0922e7000-7fc0922eb000 ---p 00000000 00:00 0 
7fc0922eb000-7fc0923e7000 rw-p 00000000 00:00 0 
7fc0923e7000-7fc0923f5000 r--p 00000000 00:150e 9223372037455367831      /nix/store/4nlgxhb09sdr51nc9hdm8az5b08vzkgx-glibc-2.35-163/lib/libm.so.6
7fc0923f5000-7fc092468000 r-xp 0000e000 00:150e 9223372037455367831      /nix/store/4nlgxhb09sdr51nc9hdm8az5b08vzkgx-glibc-2.35-163/lib/libm.so.6
7fc092468000-7fc0924c5000 r--p 00081000 00:150e 9223372037455367831      /nix/store/4nlgxhb09sdr51nc9hdm8az5b08vzkgx-glibc-2.35-163/lib/libm.so.6
7fc0924c5000-7fc0924c6000 r--p 000dd000 00:150e 9223372037455367831      /nix/store/4nlgxhb09sdr51nc9hdm8az5b08vzkgx-glibc-2.35-163/lib/libm.so.6
7fc0924c6000-7fc0924c7000 rw-p 000de000 00:150e 9223372037455367831      /nix/store/4nlgxhb09sdr51nc9hdm8az5b08vzkgx-glibc-2.35-163/lib/libm.so.6
7fc0924c7000-7fc0924c8000 r--p 00000000 00:150e 9223372037455367850      /nix/store/4nlgxhb09sdr51nc9hdm8az5b08vzkgx-glibc-2.35-163/lib/librt.so.1
7fc0924c8000-7fc0924c9000 r-xp 00001000 00:150e 9223372037455367850      /nix/store/4nlgxhb09sdr51nc9hdm8az5b08vzkgx-glibc-2.35-163/lib/librt.so.1
7fc0924c9000-7fc0924ca000 r--p 00002000 00:150e 9223372037455367850      /nix/store/4nlgxhb09sdr51nc9hdm8az5b08vzkgx-glibc-2.35-163/lib/librt.so.1
7fc0924ca000-7fc0924cb000 r--p 00002000 00:150e 9223372037455367850      /nix/store/4nlgxhb09sdr51nc9hdm8az5b08vzkgx-glibc-2.35-163/lib/librt.so.1
7fc0924cb000-7fc0924cc000 rw-p 00003000 00:150e 9223372037455367850      /nix/store/4nlgxhb09sdr51nc9hdm8az5b08vzkgx-glibc-2.35-163/lib/librt.so.1
7fc0924cc000-7fc0935df000 r-xp 00000000 00:150e 9223372037562748770      /nix/store/gpxl5qgg8kicmcvivwmybwjlpf7wh20l-graalvm17-ce-22.3.0/lib/server/libjvm.so
7fc0935df000-7fc0935e0000 ---p 01113000 00:150e 9223372037562748770      /nix/store/gpxl5qgg8kicmcvivwmybwjlpf7wh20l-graalvm17-ce-22.3.0/lib/server/libjvm.so
7fc0935e0000-7fc093695000 r--p 01113000 00:150e 9223372037562748770      /nix/store/gpxl5qgg8kicmcvivwmybwjlpf7wh20l-graalvm17-ce-22.3.0/lib/server/libjvm.so
7fc093695000-7fc0936c9000 rw-p 011c8000 00:150e 9223372037562748770      /nix/store/gpxl5qgg8kicmcvivwmybwjlpf7wh20l-graalvm17-ce-22.3.0/lib/server/libjvm.so
7fc0936c9000-7fc093725000 rw-p 00000000 00:00 0 
7fc093725000-7fc09374d000 r--p 00000000 00:150e 9223372037455367822      /nix/store/4nlgxhb09sdr51nc9hdm8az5b08vzkgx-glibc-2.35-163/lib/libc.so.6
7fc09374d000-7fc0938c3000 r-xp 00028000 00:150e 9223372037455367822      /nix/store/4nlgxhb09sdr51nc9hdm8az5b08vzkgx-glibc-2.35-163/lib/libc.so.6
7fc0938c3000-7fc09391b000 r--p 0019e000 00:150e 9223372037455367822      /nix/store/4nlgxhb09sdr51nc9hdm8az5b08vzkgx-glibc-2.35-163/lib/libc.so.6
7fc09391b000-7fc09391f000 r--p 001f6000 00:150e 9223372037455367822      /nix/store/4nlgxhb09sdr51nc9hdm8az5b08vzkgx-glibc-2.35-163/lib/libc.so.6
7fc09391f000-7fc093921000 rw-p 001fa000 00:150e 9223372037455367822      /nix/store/4nlgxhb09sdr51nc9hdm8az5b08vzkgx-glibc-2.35-163/lib/libc.so.6
7fc093921000-7fc093930000 rw-p 00000000 00:00 0 
7fc093930000-7fc093931000 r--p 00000000 00:150e 9223372037455367827      /nix/store/4nlgxhb09sdr51nc9hdm8az5b08vzkgx-glibc-2.35-163/lib/libdl.so.2
7fc093931000-7fc093932000 r-xp 00001000 00:150e 9223372037455367827      /nix/store/4nlgxhb09sdr51nc9hdm8az5b08vzkgx-glibc-2.35-163/lib/libdl.so.2
7fc093932000-7fc093933000 r--p 00002000 00:150e 9223372037455367827      /nix/store/4nlgxhb09sdr51nc9hdm8az5b08vzkgx-glibc-2.35-163/lib/libdl.so.2
7fc093933000-7fc093934000 r--p 00002000 00:150e 9223372037455367827      /nix/store/4nlgxhb09sdr51nc9hdm8az5b08vzkgx-glibc-2.35-163/lib/libdl.so.2
7fc093934000-7fc093935000 rw-p 00003000 00:150e 9223372037455367827      /nix/store/4nlgxhb09sdr51nc9hdm8az5b08vzkgx-glibc-2.35-163/lib/libdl.so.2
7fc093935000-7fc093936000 r--p 00000000 00:150e 9223372037455367846      /nix/store/4nlgxhb09sdr51nc9hdm8az5b08vzkgx-glibc-2.35-163/lib/libpthread.so.0
7fc093936000-7fc093937000 r-xp 00001000 00:150e 9223372037455367846      /nix/store/4nlgxhb09sdr51nc9hdm8az5b08vzkgx-glibc-2.35-163/lib/libpthread.so.0
7fc093937000-7fc093938000 r--p 00002000 00:150e 9223372037455367846      /nix/store/4nlgxhb09sdr51nc9hdm8az5b08vzkgx-glibc-2.35-163/lib/libpthread.so.0
7fc093938000-7fc093939000 r--p 00002000 00:150e 9223372037455367846      /nix/store/4nlgxhb09sdr51nc9hdm8az5b08vzkgx-glibc-2.35-163/lib/libpthread.so.0
7fc093939000-7fc09393a000 rw-p 00003000 00:150e 9223372037455367846      /nix/store/4nlgxhb09sdr51nc9hdm8az5b08vzkgx-glibc-2.35-163/lib/libpthread.so.0
7fc09393a000-7fc093948000 r-xp 00000000 00:150e 9223372037562577937      /nix/store/gpxl5qgg8kicmcvivwmybwjlpf7wh20l-graalvm17-ce-22.3.0/lib/libjli.so
7fc093948000-7fc093949000 ---p 0000e000 00:150e 9223372037562577937      /nix/store/gpxl5qgg8kicmcvivwmybwjlpf7wh20l-graalvm17-ce-22.3.0/lib/libjli.so
7fc093949000-7fc09394a000 r--p 0000e000 00:150e 9223372037562577937      /nix/store/gpxl5qgg8kicmcvivwmybwjlpf7wh20l-graalvm17-ce-22.3.0/lib/libjli.so
7fc09394a000-7fc09394b000 rw-p 0000f000 00:150e 9223372037562577937      /nix/store/gpxl5qgg8kicmcvivwmybwjlpf7wh20l-graalvm17-ce-22.3.0/lib/libjli.so
7fc09394b000-7fc09394c000 rw-p 00012000 00:150e 9223372037562577937      /nix/store/gpxl5qgg8kicmcvivwmybwjlpf7wh20l-graalvm17-ce-22.3.0/lib/libjli.so
7fc09394c000-7fc09394f000 r--p 00000000 00:150e 9223372037533597975      /nix/store/026hln0aq1hyshaxsdvhg0kmcm6yf45r-zlib-1.2.13/lib/libz.so.1.2.13
7fc09394f000-7fc093961000 r-xp 00003000 00:150e 9223372037533597975      /nix/store/026hln0aq1hyshaxsdvhg0kmcm6yf45r-zlib-1.2.13/lib/libz.so.1.2.13
7fc093961000-7fc093968000 r--p 00015000 00:150e 9223372037533597975      /nix/store/026hln0aq1hyshaxsdvhg0kmcm6yf45r-zlib-1.2.13/lib/libz.so.1.2.13
7fc093968000-7fc093969000 r--p 0001b000 00:150e 9223372037533597975      /nix/store/026hln0aq1hyshaxsdvhg0kmcm6yf45r-zlib-1.2.13/lib/libz.so.1.2.13
7fc093969000-7fc09396a000 rw-p 0001c000 00:150e 9223372037533597975      /nix/store/026hln0aq1hyshaxsdvhg0kmcm6yf45r-zlib-1.2.13/lib/libz.so.1.2.13
7fc09396a000-7fc09396c000 rw-p 00000000 00:00 0 
7fc09396c000-7fc09396e000 r--p 00000000 00:150e 9223372037455367816      /nix/store/4nlgxhb09sdr51nc9hdm8az5b08vzkgx-glibc-2.35-163/lib/ld-linux-x86-64.so.2
7fc09396e000-7fc093995000 r-xp 00002000 00:150e 9223372037455367816      /nix/store/4nlgxhb09sdr51nc9hdm8az5b08vzkgx-glibc-2.35-163/lib/ld-linux-x86-64.so.2
7fc093995000-7fc0939a1000 r--p 00029000 00:150e 9223372037455367816      /nix/store/4nlgxhb09sdr51nc9hdm8az5b08vzkgx-glibc-2.35-163/lib/ld-linux-x86-64.so.2
7fc0939a1000-7fc0939a3000 r--p 00034000 00:150e 9223372037455367816      /nix/store/4nlgxhb09sdr51nc9hdm8az5b08vzkgx-glibc-2.35-163/lib/ld-linux-x86-64.so.2
7fc0939a3000-7fc0939a5000 rw-p 00036000 00:150e 9223372037455367816      /nix/store/4nlgxhb09sdr51nc9hdm8az5b08vzkgx-glibc-2.35-163/lib/ld-linux-x86-64.so.2
7fff1ab44000-7fff1ab68000 rw-p 00000000 00:00 0                          [stack]
7fff1abe9000-7fff1abed000 r--p 00000000 00:00 0                          [vvar]
7fff1abed000-7fff1abef000 r-xp 00000000 00:00 0                          [vdso]
ffffffffff600000-ffffffffff601000 --xp 00000000 00:00 0                  [vsyscall]


VM Arguments:
jvm_args: -XX:ThreadPriorityPolicy=1 -XX:+UnlockExperimentalVMOptions -XX:+EnableJVMCIProduct -XX:JVMCIThreadsPerNativeLibraryRuntime=1 -XX:-UnlockExperimentalVMOptions -Declipse.application=org.eclipse.jdt.ls.core.id1 -Dosgi.bundles.defaultStartLevel=4 -Declipse.product=org.eclipse.jdt.ls.core.product -Dlog.level=ALL -Xverify:none -XX:+UseParallelGC -XX:GCTimeRatio=4 -XX:AdaptiveSizePolicyWeight=90 -Dsun.zip.disableMemoryMapping=true -Xmx512m -Xms100m 
java_command: /nix/store/m6gcpi1ii6rghy04cjwjddcavv7i90df-jdt-language-server-1.9.0/share/java/plugins/org.eclipse.equinox.launcher_1.6.400.v20210924-0641.jar --add-modules=ALL-SYSTEM --add-opens java.base/java.util=ALL-UNNAMED --add-opens java.base/java.lang=ALL-UNNAMED -configuration /home/runner/.cache/jdt-language-server/config -data /home/runner/.cache/jdt-language-server/data/home/runner/Lab-2-Linear-and-Binary-Search
java_class_path (initial): /nix/store/m6gcpi1ii6rghy04cjwjddcavv7i90df-jdt-language-server-1.9.0/share/java/plugins/org.eclipse.equinox.launcher_1.6.400.v20210924-0641.jar
Launcher Type: SUN_STANDARD

[Global flags]
    uintx AdaptiveSizePolicyWeight                 = 90                                        {product} {command line}
     intx CICompilerCount                          = 2                                         {product} {ergonomic}
     bool EnableJVMCIProduct                       = true                                {JVMCI product} {jimage}
    uintx GCTimeRatio                              = 4                                         {product} {command line}
   size_t InitialHeapSize                          = 104857600                                 {product} {command line}
     uint JVMCIThreadsPerNativeLibraryRuntime      = 1                                   {JVMCI product} {jimage}
   size_t MaxHeapSize                              = 536870912                                 {product} {command line}
   size_t MaxNewSize                               = 178782208                                 {product} {ergonomic}
   size_t MinHeapDeltaBytes                        = 524288                                    {product} {ergonomic}
   size_t MinHeapSize                              = 104857600                                 {product} {command line}
   size_t NewSize                                  = 34603008                                  {product} {ergonomic}
    uintx NonNMethodCodeHeapSize                   = 5826188                                {pd product} {ergonomic}
    uintx NonProfiledCodeHeapSize                  = 122916026                              {pd product} {ergonomic}
   size_t OldSize                                  = 70254592                                  {product} {ergonomic}
    uintx ProfiledCodeHeapSize                     = 122916026                              {pd product} {ergonomic}
    uintx ReservedCodeCacheSize                    = 251658240                              {pd product} {ergonomic}
     bool SegmentedCodeCache                       = true                                      {product} {ergonomic}
   size_t SoftMaxHeapSize                          = 536870912                              {manageable} {ergonomic}
     intx ThreadPriorityPolicy                     = 1                                         {product} {jimage}
     bool UseCompressedClassPointers               = true                           {product lp64_product} {ergonomic}
     bool UseCompressedOops                        = true                           {product lp64_product} {ergonomic}
     bool UseParallelGC                            = true                                      {product} {command line}

Logging:
Log output configuration:
 #0: stdout all=warning uptime,level,tags
 #1: stderr all=off uptime,level,tags

Environment Variables:
JAVA_HOME=/nix/store/gpxl5qgg8kicmcvivwmybwjlpf7wh20l-graalvm17-ce-22.3.0
PATH=/nix/store/1d6ian3r8kdzspw8hacjhl3xkp40g1lj-binutils-wrapper-2.39/bin:/nix/store/dq0xwmsk1g0i2ayg6pb7y87na2knzylh-gcc-wrapper-11.3.0/bin:/nix/store/bap4d0lpcrhpwmpb8ayjcgkmvfj62lnq-bash-interactive-5.1-p16/bin:/nix/store/pr5n59mb4jzmfx6kanwxly0l07p861fg-patchelf-0.15.0/bin:/nix/store/1gf2flfqnpqbr1b4p4qz2f72y42bs56r-gcc-11.3.0/bin:/nix/store/57xv61c5zi8pphjbcwxxjlgc34p61ic9-glibc-2.35-163-bin/bin:/nix/store/a7gvj343m05j2s32xcnwr35v31ynlypr-coreutils-9.1/bin:/nix/store/039g378vc3pc3dvi9dzdlrd0i4q93qwf-binutils-2.39/bin:/nix/store/gpxl5qgg8kicmcvivwmybwjlpf7wh20l-graalvm17-ce-22.3.0/bin:/nix/store/6z9ag3ihc8mq2hzsw48lhbznvzny65nz-apache-maven-3.8.6/bin:/nix/store/m6gcpi1ii6rghy04cjwjddcavv7i90df-jdt-language-server-1.9.0/bin:/nix/store/84xs5alhs01zrbr4ywm05kxbjbp5590l-java-debug/bin:/nix/store/mydc6f4k2z73xlcz7ilif3v2lcaiqvza-findutils-4.9.0/bin:/nix/store/j9p3g8472iijd50vhdprx0nmk2fqn5gv-diffutils-3.8/bin:/nix/store/89zs7rms6x00xfq4dq6m7mjnhkr8a6r4-gnused-4.8/bin:/nix/store/86bp03jkmsl6f92w0yzg4s59g5mhxwmy-gnugrep-3.7/bin:/nix/store/hwcdqw4jrjnd37wxqgsd47hd0j8bnj09-gawk-5.1.1/bin:/nix/store/cfbhw8r8ags41vwqaz47r583d0p4h4a1-gnutar-1.34/bin:/nix/store/p3m1ndl1lapwrlh698bnb5lvvxh67378-gzip-1.12/bin:/nix/store/a8mhcagrsly7c7mpjrpsnaahk4aax056-bzip2-1.0.8-bin/bin:/nix/store/mblgz65m3zv9x548a3d5m96fj2pbwr09-gnumake-4.3/bin:/nix/store/dsd5gz46hdbdk2rfdimqddhq6m8m8fqs-bash-5.1-p16/bin:/nix/store/v7ljksji50mg3w61dykaa3n3y79n6nil-patch-2.7.6/bin:/nix/store/zlcnmqq14jz5x9439jf937mvayyl63da-xz-5.2.7-bin/bin:/nix/store/y6aj732zm9m87c82fpvf103a1xb22blp-file-5.43/bin:/nix/store/sgqd0ajghcv2axfl1lad0b1alyavp0dc-prybar-elisp-0.0.0-67f7a00/bin:/nix/store/p3hsvljpgs68jqwar41lc0jqhjj734lf-prybar-lua-0.0.0-67f7a00/bin:/nix/store/qzxs2gybds3s9kb1vkaflpgm2nwr85fh-prybar-python3-0.0.0-67f7a00/bin:/nix/store/km94z9mxp8w4m8gxxp5mbfpdf3nkfvd8-prybar-sqlite-0.0.0-67f7a00/bin:/nix/store/2pnc7b76asw0z59c4l6h6qy8arwqrii1-prybar-tcl-0.0.0-67f7a00/bin:/nix/store/hpbvrlwd5viqmvcaisb3x0118i913a9n-st
LD_LIBRARY_PATH=/nix/store/a4pff549sk2idnkpzk5nsfps3mdkdnvm-cups-2.4.2-lib/lib:/nix/store/72mqxxhh3cy5yifh92wh2yb8cl2hikyy-cairo-1.16.0/lib:/nix/store/2k366jrbsra97gjfxwvrhvixjfxdach5-glib-2.74.1/lib:/nix/store/2j2znigd8ak37rlwh9khz0ry3clqlw1l-gtk+3-3.24.34/lib:/nix/store/hisqvx32cd57apbpcsnkpx6k3549wql1-libglvnd-1.4.0/lib:/nix/store/p36pgcv991mq5srvg765b78yqpxvk3qs-mesa-21.3.3-drivers/lib:/nix/store/mav4251if1ahjq5vkpwycyyvnmy459c4-pulseaudio-14.2/lib
DISPLAY=:0
LANG=en_US.UTF-8

Signal Handlers:
   SIGSEGV: crash_handler in libjvm.so, mask=11100100010111111101111111111110, flags=SA_RESTART|SA_SIGINFO
    SIGBUS: crash_handler in libjvm.so, mask=11100100010111111101111111111110, flags=SA_RESTART|SA_SIGINFO
    SIGFPE: crash_handler in libjvm.so, mask=11100100010111111101111111111110, flags=SA_RESTART|SA_SIGINFO
   SIGPIPE: IsolateEnterStub_IgnoreSIGPIPEStartupHook_noopSignalHandler_8f19bff2f35b5f630d83b364d6b2339320d4ec70_216e8361c6bc87a8f89f58cc10d3b2fd4415bf87 in libjvmcicompiler.so, mask=00000000000000000000000000000000, flags=SA_RESTART
  *** Handler was modified!
  *** Expected: javaSignalHandler in libjvm.so, mask=11100100110111111111111111111110, flags=SA_RESTART|SA_SIGINFO
   SIGXFSZ: javaSignalHandler in libjvm.so, mask=11100100010111111101111111111110, flags=SA_RESTART|SA_SIGINFO
    SIGILL: crash_handler in libjvm.so, mask=11100100010111111101111111111110, flags=SA_RESTART|SA_SIGINFO
   SIGUSR2: SR_handler in libjvm.so, mask=00000000000000000000000000000000, flags=SA_RESTART|SA_SIGINFO
    SIGHUP: UserHandler in libjvm.so, mask=11100100010111111101111111111110, flags=SA_RESTART|SA_SIGINFO
    SIGINT: UserHandler in libjvm.so, mask=11100100010111111101111111111110, flags=SA_RESTART|SA_SIGINFO
   SIGTERM: UserHandler in libjvm.so, mask=11100100010111111101111111111110, flags=SA_RESTART|SA_SIGINFO
   SIGQUIT: UserHandler in libjvm.so, mask=11100100010111111101111111111110, flags=SA_RESTART|SA_SIGINFO
  *** Handler was modified!
  *** Expected: javaSignalHandler in libjvm.so, mask=11100100110111111111111111111110, flags=SA_RESTART|SA_SIGINFO
   SIGTRAP: crash_handler in libjvm.so, mask=11100100010111111101111111111110, flags=SA_RESTART|SA_SIGINFO


---------------  S Y S T E M  ---------------

OS:
DISTRIB_ID=Ubuntu
DISTRIB_RELEASE=20.04
DISTRIB_CODENAME=focal
DISTRIB_DESCRIPTION="Ubuntu 20.04.2 LTS"
uname: Linux 5.15.0-1027-gcp #34~20.04.1-Ubuntu SMP Mon Jan 9 18:40:09 UTC 2023 x86_64
OS uptime: 0 days 0:38 hours
libc: glibc 2.35 NPTL 2.35 
rlimit (soft/hard): STACK 8192k/infinity , CORE infinity/infinity , NPROC infinity/infinity , NOFILE 5242/5242 , AS infinity/infinity , CPU infinity/infinity , DATA infinity/infinity , FSIZE infinity/infinity , MEMLOCK 64k/64k
load average: 9.63 10.22 8.67

/proc/meminfo:
MemTotal:       65852740 kB
MemFree:        39683956 kB
MemAvailable:   51898376 kB
Buffers:          755736 kB
Cached:         11013656 kB
SwapCached:            0 kB
Active:          3995928 kB
Inactive:       19549572 kB
Active(anon):      12540 kB
Inactive(anon): 11429796 kB
Active(file):    3983388 kB
Inactive(file):  8119776 kB
Unevictable:       44836 kB
Mlocked:           44836 kB
SwapTotal:             0 kB
SwapFree:              0 kB
Dirty:              1524 kB
Writeback:             0 kB
AnonPages:      11641568 kB
Mapped:          1474744 kB
Shmem:             25512 kB
KReclaimable:     837860 kB
Slab:            1771856 kB
SReclaimable:     837860 kB
SUnreclaim:       933996 kB
KernelStack:      378784 kB
PageTables:       123620 kB
NFS_Unstable:          0 kB
Bounce:                0 kB
WritebackTmp:          0 kB
CommitLimit:    32926368 kB
Committed_AS:   52068056 kB
VmallocTotal:   34359738367 kB
VmallocUsed:      408808 kB
VmallocChunk:          0 kB
Percpu:            40544 kB
HardwareCorrupted:     0 kB
AnonHugePages:    153600 kB
ShmemHugePages:        0 kB
ShmemPmdMapped:        0 kB
FileHugePages:         0 kB
FilePmdMapped:         0 kB
HugePages_Total:       0
HugePages_Free:        0
HugePages_Rsvd:        0
HugePages_Surp:        0
Hugepagesize:       2048 kB
Hugetlb:               0 kB
DirectMap4k:     1289024 kB
DirectMap2M:    27019264 kB
DirectMap1G:    40894464 kB

/sys/kernel/mm/transparent_hugepage/enabled: always [madvise] never
/sys/kernel/mm/transparent_hugepage/defrag (defrag/compaction efforts parameter): always defer defer+madvise [madvise] never

Process Memory:
Virtual Size: 4513880K (peak: 4605892K)
Resident Set Size: 747984K (peak: 782940K) (anon: 555040K, file: 192944K, shmem: 0K)
Swapped out: 0K
C-Heap outstanding allocations: 40323K, retained: 10884K
glibc malloc tunables: (default)

/proc/sys/kernel/threads-max (system-wide limit on the number of threads): 514406
/proc/sys/vm/max_map_count (maximum number of memory map areas a process may have): 65530
/proc/sys/kernel/pid_max (system-wide limit on number of process identifiers): 4194304

container (cgroup) information:
container_type: cgroupv1
cpu_cpuset_cpus: 2-7
cpu_memory_nodes: 0
active_processor_count: 1
cpu_quota: 50000
cpu_period: 100000
cpu_shares: 512
memory_limit_in_bytes: 1048576 k
memory_and_swap_limit_in_bytes: 1048576 k
memory_soft_limit_in_bytes: 524288 k
memory_usage_in_bytes: 597528 k
memory_max_usage_in_bytes: 653328 k
maximum number of tasks: 1000
current number of tasks: 50

KVM virtualization detected
Steal ticks since vm start: 0
Steal ticks percentage since vm start:  0.000

CPU: total 8 (initial active 1) (8 cores per cpu, 2 threads per core) family 23 model 49 stepping 0 microcode 0xffffffff, cx8, cmov, fxsr, ht, mmx, 3dnowpref, sse, sse2, sse3, ssse3, sse4a, sse4.1, sse4.2, popcnt, lzcnt, tsc, tscinvbit, avx, avx2, aes, clmul, bmi1, bmi2, adx, sha, fma, vzeroupper, clflush, clflushopt, hv
CPU Model and flags from /proc/cpuinfo:
model name	: AMD EPYC 7B12
flags		: fpu vme de pse tsc msr pae mce cx8 apic sep mtrr pge mca cmov pat pse36 clflush mmx fxsr sse sse2 ht syscall nx mmxext fxsr_opt pdpe1gb rdtscp lm constant_tsc rep_good nopl nonstop_tsc cpuid extd_apicid tsc_known_freq pni pclmulqdq ssse3 fma cx16 sse4_1 sse4_2 movbe popcnt aes xsave avx f16c rdrand hypervisor lahf_lm cmp_legacy cr8_legacy abm sse4a misalignsse 3dnowprefetch osvw topoext ssbd ibrs ibpb stibp vmmcall fsgsbase tsc_adjust bmi1 avx2 smep bmi2 rdseed adx smap clflushopt clwb sha_ni xsaveopt xsavec xgetbv1 clzero xsaveerptr arat npt nrip_save umip rdpid

Online cpus: 0-7
Offline cpus: 
BIOS frequency limitation: <Not Available>
Frequency switch latency (ns): <Not Available>
Available cpu frequencies: <Not Available>
Current governor: <Not Available>
Core performance/turbo boost: <Not Available>

Memory: 4k page, physical 1048576k(451036k free), swap 0k(0k free)
Page Sizes: 4k

vm_info: OpenJDK 64-Bit Server VM (17.0.5+8-jvmci-22.3-b08) for linux-amd64 JRE (17.0.5+8-jvmci-22.3-b08), built on Oct 19 2022 09:01:27 by "buildslave" with gcc 10.3.0

END.
